#
# There is insufficient memory for the Java Runtime Environment to continue.
# Native memory allocation (malloc) failed to allocate 1326880 bytes for Chunk::new
# Possible reasons:
#   The system is out of physical RAM or swap space
#   In 32 bit mode, the process size limit was hit
# Possible solutions:
#   Reduce memory load on the system
#   Increase physical memory or swap space
#   Check if swap backing store is full
#   Use 64 bit Java on a 64 bit OS
#   Decrease Java heap size (-Xmx/-Xms)
#   Decrease number of Java threads
#   Decrease Java thread stack sizes (-Xss)
#   Set larger code cache with -XX:ReservedCodeCacheSize=
# This output file may be truncated or incomplete.
#
#  Out of Memory Error (allocation.cpp:390), pid=26796, tid=0x00000000000057d8
#
# JRE version: Java(TM) SE Runtime Environment (8.0_131-b11) (build 1.8.0_131-b11)
# Java VM: Java HotSpot(TM) 64-Bit Server VM (25.131-b11 mixed mode windows-amd64 compressed oops)
# Failed to write core dump. Minidumps are not enabled by default on client versions of Windows
#

---------------  T H R E A D  ---------------

Current thread (0x0000000018a20800):  JavaThread "C2 CompilerThread1" daemon [_thread_in_native, id=22488, stack(0x0000000018e20000,0x0000000018f20000)]

Stack: [0x0000000018e20000,0x0000000018f20000]
[error occurred during error reporting (printing stack bounds), id 0xc0000005]

Native frames: (J=compiled Java code, j=interpreted, Vv=VM code, C=native code)


Current CompileTask:
C2:  12886 1510   !   4       org.sonar.classloader.DefaultClassloaderRef::loadClassIfPresent (23 bytes)


---------------  P R O C E S S  ---------------

Java Threads: ( => current thread )
  0x0000000018a7f800 JavaThread "Service Thread" daemon [_thread_blocked, id=10488, stack(0x0000000019020000,0x0000000019120000)]
  0x0000000018a79000 JavaThread "C1 CompilerThread2" daemon [_thread_blocked, id=13524, stack(0x0000000018f20000,0x0000000019020000)]
=>0x0000000018a20800 JavaThread "C2 CompilerThread1" daemon [_thread_in_native, id=22488, stack(0x0000000018e20000,0x0000000018f20000)]
  0x000000001741b800 JavaThread "C2 CompilerThread0" daemon [_thread_in_native, id=27124, stack(0x0000000018920000,0x0000000018a20000)]
  0x000000001741a800 JavaThread "Attach Listener" daemon [_thread_blocked, id=15768, stack(0x0000000018820000,0x0000000018920000)]
  0x00000000173bc000 JavaThread "Signal Dispatcher" daemon [_thread_blocked, id=20256, stack(0x0000000018720000,0x0000000018820000)]
  0x00000000173aa000 JavaThread "Finalizer" daemon [_thread_blocked, id=23312, stack(0x0000000018620000,0x0000000018720000)]
  0x00000000028f0000 JavaThread "Reference Handler" daemon [_thread_blocked, id=25000, stack(0x0000000018520000,0x0000000018620000)]
  0x00000000027fd800 JavaThread "main" [_thread_in_Java, id=27908, stack(0x00000000026a0000,0x00000000027a0000)]

Other Threads:
  0x0000000017387800 VMThread [stack: 0x0000000018420000,0x0000000018520000] [id=29580]
  0x0000000018a95000 WatcherThread [stack: 0x0000000019120000,0x0000000019220000] [id=25752]

VM state:not at safepoint (normal execution)

VM Mutex/Monitor currently owned by a thread: None

Heap:
 PSYoungGen      total 37888K, used 27360K [0x00000000d6180000, 0x00000000d8b80000, 0x0000000100000000)
  eden space 32768K, 67% used [0x00000000d6180000,0x00000000d773e0d8,0x00000000d8180000)
  from space 5120K, 99% used [0x00000000d8180000,0x00000000d867a020,0x00000000d8680000)
  to   space 5120K, 0% used [0x00000000d8680000,0x00000000d8680000,0x00000000d8b80000)
 ParOldGen       total 86016K, used 4527K [0x0000000082400000, 0x0000000087800000, 0x00000000d6180000)
  object space 86016K, 5% used [0x0000000082400000,0x000000008286bd10,0x0000000087800000)
 Metaspace       used 16896K, capacity 17274K, committed 17664K, reserved 1064960K
  class space    used 2340K, capacity 2451K, committed 2560K, reserved 1048576K

Card table byte_map: [0x0000000011cc0000,0x00000000120b0000] byte_map_base: 0x00000000118ae000

Marking Bits: (ParMarkBitMap*) 0x000000006e99c720
 Begin Bits: [0x0000000012750000, 0x00000000146c0000)
 End Bits:   [0x00000000146c0000, 0x0000000016630000)

Polling page: 0x00000000003b0000

CodeCache: size=245760Kb used=6459Kb max_used=6459Kb free=239300Kb
 bounds [0x0000000002900000, 0x0000000002f60000, 0x0000000011900000]
 total_blobs=2086 nmethods=1733 adapters=265
 compilation: enabled

Compilation events (10 events):
Event: 12.853 Thread 0x0000000018a79000 nmethod 1730 0x0000000002f4c190 code [0x0000000002f4c340, 0x0000000002f4c798]
Event: 12.855 Thread 0x000000001741b800 1731   !   4       java.net.URL::<init> (543 bytes)
Event: 12.855 Thread 0x0000000018a79000 1732       3       com.google.gson.internal.$Gson$Types::equals (283 bytes)
Event: 12.857 Thread 0x0000000018a79000 nmethod 1732 0x0000000002f50510 code [0x0000000002f50900, 0x0000000002f531d8]
Event: 12.862 Thread 0x0000000018a79000 1734       3       org.sonar.plugins.java.JavaRulesDefinition::ruleMetadata (47 bytes)
Event: 12.862 Thread 0x0000000018a79000 nmethod 1734 0x0000000002f4b390 code [0x0000000002f4b580, 0x0000000002f4bd08]
Event: 12.863 Thread 0x0000000018a79000 1735       3       com.google.gson.stream.JsonReader::<init> (111 bytes)
Event: 12.863 Thread 0x0000000018a79000 nmethod 1735 0x0000000002f48e90 code [0x0000000002f49020, 0x0000000002f495a8]
Event: 12.863 Thread 0x0000000018a79000 1736   !   3       com.google.gson.Gson::fromJson (118 bytes)
Event: 12.864 Thread 0x0000000018a79000 nmethod 1736 0x0000000002f538d0 code [0x0000000002f53b00, 0x0000000002f54728]

GC Heap History (6 events):
Event: 9.544 GC heap before
{Heap before GC invocations=1 (full 0):
 PSYoungGen      total 37888K, used 32768K [0x00000000d6180000, 0x00000000d8b80000, 0x0000000100000000)
  eden space 32768K, 100% used [0x00000000d6180000,0x00000000d8180000,0x00000000d8180000)
  from space 5120K, 0% used [0x00000000d8680000,0x00000000d8680000,0x00000000d8b80000)
  to   space 5120K, 0% used [0x00000000d8180000,0x00000000d8180000,0x00000000d8680000)
 ParOldGen       total 86016K, used 0K [0x0000000082400000, 0x0000000087800000, 0x00000000d6180000)
  object space 86016K, 0% used [0x0000000082400000,0x0000000082400000,0x0000000087800000)
 Metaspace       used 11241K, capacity 11676K, committed 11904K, reserved 1058816K
  class space    used 1498K, capacity 1640K, committed 1664K, reserved 1048576K
Event: 9.570 GC heap after
Heap after GC invocations=1 (full 0):
 PSYoungGen      total 37888K, used 5102K [0x00000000d6180000, 0x00000000d8b80000, 0x0000000100000000)
  eden space 32768K, 0% used [0x00000000d6180000,0x00000000d6180000,0x00000000d8180000)
  from space 5120K, 99% used [0x00000000d8180000,0x00000000d867b988,0x00000000d8680000)
  to   space 5120K, 0% used [0x00000000d8680000,0x00000000d8680000,0x00000000d8b80000)
 ParOldGen       total 86016K, used 1396K [0x0000000082400000, 0x0000000087800000, 0x00000000d6180000)
  object space 86016K, 1% used [0x0000000082400000,0x000000008255d378,0x0000000087800000)
 Metaspace       used 11241K, capacity 11676K, committed 11904K, reserved 1058816K
  class space    used 1498K, capacity 1640K, committed 1664K, reserved 1048576K
}
Event: 11.039 GC heap before
{Heap before GC invocations=2 (full 0):
 PSYoungGen      total 37888K, used 37870K [0x00000000d6180000, 0x00000000d8b80000, 0x0000000100000000)
  eden space 32768K, 100% used [0x00000000d6180000,0x00000000d8180000,0x00000000d8180000)
  from space 5120K, 99% used [0x00000000d8180000,0x00000000d867b988,0x00000000d8680000)
  to   space 5120K, 0% used [0x00000000d8680000,0x00000000d8680000,0x00000000d8b80000)
 ParOldGen       total 86016K, used 1396K [0x0000000082400000, 0x0000000087800000, 0x00000000d6180000)
  object space 86016K, 1% used [0x0000000082400000,0x000000008255d378,0x0000000087800000)
 Metaspace       used 14193K, capacity 14504K, committed 14720K, reserved 1062912K
  class space    used 1944K, capacity 2064K, committed 2176K, reserved 1048576K
Event: 11.050 GC heap after
Heap after GC invocations=2 (full 0):
 PSYoungGen      total 37888K, used 5095K [0x00000000d6180000, 0x00000000d8b80000, 0x0000000100000000)
  eden space 32768K, 0% used [0x00000000d6180000,0x00000000d6180000,0x00000000d8180000)
  from space 5120K, 99% used [0x00000000d8680000,0x00000000d8b79f50,0x00000000d8b80000)
  to   space 5120K, 0% used [0x00000000d8180000,0x00000000d8180000,0x00000000d8680000)
 ParOldGen       total 86016K, used 2149K [0x0000000082400000, 0x0000000087800000, 0x00000000d6180000)
  object space 86016K, 2% used [0x0000000082400000,0x00000000826197c0,0x0000000087800000)
 Metaspace       used 14193K, capacity 14504K, committed 14720K, reserved 1062912K
  class space    used 1944K, capacity 2064K, committed 2176K, reserved 1048576K
}
Event: 12.349 GC heap before
{Heap before GC invocations=3 (full 0):
 PSYoungGen      total 37888K, used 37863K [0x00000000d6180000, 0x00000000d8b80000, 0x0000000100000000)
  eden space 32768K, 100% used [0x00000000d6180000,0x00000000d8180000,0x00000000d8180000)
  from space 5120K, 99% used [0x00000000d8680000,0x00000000d8b79f50,0x00000000d8b80000)
  to   space 5120K, 0% used [0x00000000d8180000,0x00000000d8180000,0x00000000d8680000)
 ParOldGen       total 86016K, used 2149K [0x0000000082400000, 0x0000000087800000, 0x00000000d6180000)
  object space 86016K, 2% used [0x0000000082400000,0x00000000826197c0,0x0000000087800000)
 Metaspace       used 16864K, capacity 17210K, committed 17408K, reserved 1064960K
  class space    used 2340K, capacity 2451K, committed 2560K, reserved 1048576K
Event: 12.403 GC heap after
Heap after GC invocations=3 (full 0):
 PSYoungGen      total 37888K, used 5096K [0x00000000d6180000, 0x00000000d8b80000, 0x0000000100000000)
  eden space 32768K, 0% used [0x00000000d6180000,0x00000000d6180000,0x00000000d8180000)
  from space 5120K, 99% used [0x00000000d8180000,0x00000000d867a020,0x00000000d8680000)
  to   space 5120K, 0% used [0x00000000d8680000,0x00000000d8680000,0x00000000d8b80000)
 ParOldGen       total 86016K, used 4527K [0x0000000082400000, 0x0000000087800000, 0x00000000d6180000)
  object space 86016K, 5% used [0x0000000082400000,0x000000008286bd10,0x0000000087800000)
 Metaspace       used 16864K, capacity 17210K, committed 17408K, reserved 1064960K
  class space    used 2340K, capacity 2451K, committed 2560K, reserved 1048576K
}

Deoptimization events (10 events):
Event: 10.372 Thread 0x00000000027fd800 Uncommon trap: reason=bimorphic action=maybe_recompile pc=0x0000000002bfbde0 method=java.util.regex.Pattern$BmpCharProperty.match(Ljava/util/regex/Matcher;ILjava/lang/CharSequence;)Z @ 31
Event: 10.559 Thread 0x00000000027fd800 Uncommon trap: reason=unstable_if action=reinterpret pc=0x0000000002c683fc method=java.lang.CharacterDataLatin1.isWhitespace(I)Z @ 14
Event: 12.005 Thread 0x00000000027fd800 Uncommon trap: reason=class_check action=maybe_recompile pc=0x0000000002e3b834 method=java.lang.AbstractStringBuilder.append(Ljava/lang/CharSequence;)Ljava/lang/AbstractStringBuilder; @ 26
Event: 12.006 Thread 0x00000000027fd800 Uncommon trap: reason=class_check action=maybe_recompile pc=0x0000000002e3b834 method=java.lang.AbstractStringBuilder.append(Ljava/lang/CharSequence;)Ljava/lang/AbstractStringBuilder; @ 26
Event: 12.055 Thread 0x00000000027fd800 Uncommon trap: reason=bimorphic action=maybe_recompile pc=0x0000000002c6bdd0 method=java.util.HashMap.putVal(ILjava/lang/Object;Ljava/lang/Object;ZZ)Ljava/lang/Object; @ 91
Event: 12.056 Thread 0x00000000027fd800 Uncommon trap: reason=class_check action=maybe_recompile pc=0x0000000002e3b834 method=java.lang.AbstractStringBuilder.append(Ljava/lang/CharSequence;)Ljava/lang/AbstractStringBuilder; @ 26
Event: 12.056 Thread 0x00000000027fd800 Uncommon trap: reason=class_check action=maybe_recompile pc=0x0000000002e3b834 method=java.lang.AbstractStringBuilder.append(Ljava/lang/CharSequence;)Ljava/lang/AbstractStringBuilder; @ 26
Event: 12.057 Thread 0x00000000027fd800 Uncommon trap: reason=class_check action=maybe_recompile pc=0x0000000002dd5994 method=java.lang.AbstractStringBuilder.append(Ljava/lang/CharSequence;)Ljava/lang/AbstractStringBuilder; @ 26
Event: 12.140 Thread 0x00000000027fd800 Uncommon trap: reason=unstable_if action=reinterpret pc=0x0000000002cd4e9c method=sun.nio.cs.UTF_8$Decoder.decodeArrayLoop(Ljava/nio/ByteBuffer;Ljava/nio/CharBuffer;)Ljava/nio/charset/CoderResult; @ 167
Event: 12.306 Thread 0x00000000027fd800 Uncommon trap: reason=predicate action=maybe_recompile pc=0x0000000002d11644 method=java.lang.AbstractStringBuilder.append(Ljava/lang/CharSequence;II)Ljava/lang/AbstractStringBuilder; @ 107

Internal exceptions (10 events):
Event: 0.721 Thread 0x00000000027fd800 Exception <a 'java/io/FileNotFoundException'> (0x00000000d65ea4f0) thrown at [C:\re\workspace\8-2-build-windows-amd64-cygwin\jdk8u131\8869\hotspot\src\share\vm\prims\jni.cpp, line 709]
Event: 5.497 Thread 0x00000000027fd800 Exception <a 'sun/nio/fs/WindowsException'> (0x00000000d6db8d10) thrown at [C:\re\workspace\8-2-build-windows-amd64-cygwin\jdk8u131\8869\hotspot\src\share\vm\prims\jni.cpp, line 709]
Event: 5.501 Thread 0x00000000027fd800 Exception <a 'sun/nio/fs/WindowsException'> (0x00000000d6dba720) thrown at [C:\re\workspace\8-2-build-windows-amd64-cygwin\jdk8u131\8869\hotspot\src\share\vm\prims\jni.cpp, line 709]
Event: 5.527 Thread 0x00000000027fd800 Exception <a 'sun/nio/fs/WindowsException'> (0x00000000d6df98b0) thrown at [C:\re\workspace\8-2-build-windows-amd64-cygwin\jdk8u131\8869\hotspot\src\share\vm\prims\jni.cpp, line 709]
Event: 8.224 Thread 0x00000000027fd800 Exception <a 'sun/nio/fs/WindowsException'> (0x00000000d70bce78) thrown at [C:\re\workspace\8-2-build-windows-amd64-cygwin\jdk8u131\8869\hotspot\src\share\vm\prims\jni.cpp, line 709]
Event: 9.905 Thread 0x00000000027fd800 Implicit null exception at 0x0000000002c7ec98 to 0x0000000002c7ed26
Event: 9.905 Thread 0x00000000027fd800 Implicit null exception at 0x0000000002c3656f to 0x0000000002c365d9
Event: 10.172 Thread 0x00000000027fd800 Exception <a 'java/lang/ArrayIndexOutOfBoundsException': 18> (0x00000000d6d180c0) thrown at [C:\re\workspace\8-2-build-windows-amd64-cygwin\jdk8u131\8869\hotspot\src\share\vm\interpreter\interpreterRuntime.cpp, line 366]
Event: 10.173 Thread 0x00000000027fd800 Exception <a 'java/lang/ArrayIndexOutOfBoundsException': 55> (0x00000000d6d19200) thrown at [C:\re\workspace\8-2-build-windows-amd64-cygwin\jdk8u131\8869\hotspot\src\share\vm\interpreter\interpreterRuntime.cpp, line 366]
Event: 10.173 Thread 0x00000000027fd800 Exception <a 'java/lang/ArrayIndexOutOfBoundsException': 40> (0x00000000d6d1a148) thrown at [C:\re\workspace\8-2-build-windows-amd64-cygwin\jdk8u131\8869\hotspot\src\share\vm\interpreter\interpreterRuntime.cpp, line 366]

Events (10 events):
Event: 12.201 Thread 0x00000000027fd800 DEOPT UNPACKING pc=0x000000000294787f sp=0x000000000279cf10 mode 0
Event: 12.291 Thread 0x00000000027fd800 DEOPT PACKING pc=0x0000000002ecb65b sp=0x000000000279d120
Event: 12.291 Thread 0x00000000027fd800 DEOPT UNPACKING pc=0x000000000294787f sp=0x000000000279cf20 mode 0
Event: 12.297 Thread 0x00000000027fd800 DEOPT PACKING pc=0x0000000002ecb65b sp=0x000000000279d120
Event: 12.297 Thread 0x00000000027fd800 DEOPT UNPACKING pc=0x000000000294787f sp=0x000000000279cf20 mode 0
Event: 12.306 Thread 0x00000000027fd800 Uncommon trap: trap_request=0xffffff86 fr.pc=0x0000000002d11644
Event: 12.306 Thread 0x00000000027fd800 DEOPT PACKING pc=0x0000000002d11644 sp=0x000000000279d450
Event: 12.306 Thread 0x00000000027fd800 DEOPT UNPACKING pc=0x000000000294582a sp=0x000000000279d428 mode 2
Event: 12.349 Executing VM operation: ParallelGCFailedAllocation
Event: 12.403 Executing VM operation: ParallelGCFailedAllocation done


Dynamic libraries:
0x00007ff659df0000 - 0x00007ff659e27000 	C:\ProgramData\Oracle\Java\javapath\java.exe
0x00007ffdac460000 - 0x00007ffdac650000 	C:\WINDOWS\SYSTEM32\ntdll.dll
0x00007ffdab8c0000 - 0x00007ffdab972000 	C:\WINDOWS\System32\KERNEL32.DLL
0x00007ffdaa060000 - 0x00007ffdaa303000 	C:\WINDOWS\System32\KERNELBASE.dll
0x00007ffdac060000 - 0x00007ffdac103000 	C:\WINDOWS\System32\ADVAPI32.dll
0x00007ffdab820000 - 0x00007ffdab8be000 	C:\WINDOWS\System32\msvcrt.dll
0x00007ffdac380000 - 0x00007ffdac417000 	C:\WINDOWS\System32\sechost.dll
0x00007ffdac120000 - 0x00007ffdac240000 	C:\WINDOWS\System32\RPCRT4.dll
0x00007ffdaa690000 - 0x00007ffdaa824000 	C:\WINDOWS\System32\USER32.dll
0x00007ffdaa4e0000 - 0x00007ffdaa501000 	C:\WINDOWS\System32\win32u.dll
0x00007ffdaaf90000 - 0x00007ffdaafb6000 	C:\WINDOWS\System32\GDI32.dll
0x00007ffdaa310000 - 0x00007ffdaa4a4000 	C:\WINDOWS\System32\gdi32full.dll
0x00007ffda94a0000 - 0x00007ffda953e000 	C:\WINDOWS\System32\msvcp_win.dll
0x00007ffda9d40000 - 0x00007ffda9e3a000 	C:\WINDOWS\System32\ucrtbase.dll
0x00007ffd93530000 - 0x00007ffd937b5000 	C:\WINDOWS\WinSxS\amd64_microsoft.windows.common-controls_6595b64144ccf1df_6.0.18362.778_none_e6c6b761130d4fb8\COMCTL32.dll
0x00007ffdaba50000 - 0x00007ffdabd86000 	C:\WINDOWS\System32\combase.dll
0x00007ffda9540000 - 0x00007ffda95c0000 	C:\WINDOWS\System32\bcryptPrimitives.dll
0x00007ffdaae80000 - 0x00007ffdaaeae000 	C:\WINDOWS\System32\IMM32.DLL
0x000000006ea20000 - 0x000000006eaf2000 	C:\Program Files\Java\jre1.8.0_131\bin\msvcr100.dll
0x000000006e180000 - 0x000000006ea1c000 	C:\Program Files\Java\jre1.8.0_131\bin\server\jvm.dll
0x00007ffdaa570000 - 0x00007ffdaa578000 	C:\WINDOWS\System32\PSAPI.DLL
0x00007ffd95140000 - 0x00007ffd95149000 	C:\WINDOWS\SYSTEM32\WSOCK32.dll
0x00007ffdaaeb0000 - 0x00007ffdaaf1f000 	C:\WINDOWS\System32\WS2_32.dll
0x00007ffda48a0000 - 0x00007ffda48c4000 	C:\WINDOWS\SYSTEM32\WINMM.dll
0x00007ffd9e610000 - 0x00007ffd9e61a000 	C:\WINDOWS\SYSTEM32\VERSION.dll
0x00007ffda4870000 - 0x00007ffda489d000 	C:\WINDOWS\SYSTEM32\WINMMBASE.dll
0x00007ffda93f0000 - 0x00007ffda943a000 	C:\WINDOWS\System32\cfgmgr32.dll
0x000000006e170000 - 0x000000006e17f000 	C:\Program Files\Java\jre1.8.0_131\bin\verify.dll
0x000000006e140000 - 0x000000006e169000 	C:\Program Files\Java\jre1.8.0_131\bin\java.dll
0x000000006e120000 - 0x000000006e136000 	C:\Program Files\Java\jre1.8.0_131\bin\zip.dll
0x00007ffdab130000 - 0x00007ffdab815000 	C:\WINDOWS\System32\SHELL32.dll
0x00007ffdabda0000 - 0x00007ffdabe49000 	C:\WINDOWS\System32\shcore.dll
0x00007ffda95c0000 - 0x00007ffda9d40000 	C:\WINDOWS\System32\windows.storage.dll
0x00007ffda93c0000 - 0x00007ffda93e3000 	C:\WINDOWS\System32\profapi.dll
0x00007ffda9370000 - 0x00007ffda93ba000 	C:\WINDOWS\System32\powrprof.dll
0x00007ffda9320000 - 0x00007ffda9330000 	C:\WINDOWS\System32\UMPDC.dll
0x00007ffdac000000 - 0x00007ffdac052000 	C:\WINDOWS\System32\shlwapi.dll
0x00007ffda9350000 - 0x00007ffda9361000 	C:\WINDOWS\System32\kernel.appcore.dll
0x00007ffda9ef0000 - 0x00007ffda9f07000 	C:\WINDOWS\System32\cryptsp.dll
0x000000006e100000 - 0x000000006e11a000 	C:\Program Files\Java\jre1.8.0_131\bin\net.dll
0x00007ffda8b90000 - 0x00007ffda8bf7000 	C:\WINDOWS\system32\mswsock.dll
0x000000006e0e0000 - 0x000000006e0f1000 	C:\Program Files\Java\jre1.8.0_131\bin\nio.dll
0x00007ffda8700000 - 0x00007ffda8733000 	C:\WINDOWS\system32\rsaenh.dll
0x00007ffdaa4b0000 - 0x00007ffdaa4d6000 	C:\WINDOWS\System32\bcrypt.dll
0x00007ffda9210000 - 0x00007ffda9235000 	C:\WINDOWS\SYSTEM32\USERENV.dll
0x00007ffda8d60000 - 0x00007ffda8d6c000 	C:\WINDOWS\SYSTEM32\CRYPTBASE.dll
0x00007ffda88a0000 - 0x00007ffda88da000 	C:\WINDOWS\SYSTEM32\IPHLPAPI.DLL
0x00007ffdac110000 - 0x00007ffdac118000 	C:\WINDOWS\System32\NSI.dll
0x00007ffd9aaa0000 - 0x00007ffd9aab6000 	C:\WINDOWS\SYSTEM32\dhcpcsvc6.DLL
0x00007ffd9b2f0000 - 0x00007ffd9b30c000 	C:\WINDOWS\SYSTEM32\dhcpcsvc.DLL
0x00007ffda88e0000 - 0x00007ffda89aa000 	C:\WINDOWS\SYSTEM32\DNSAPI.dll

VM Arguments:
jvm_args: -Djava.awt.headless=true -Dsonarlint.home=c:\Users\96328\.vscode\extensions\silverbulleters.sonarqube-inject-2.1.0\tools\sonarlint-cli\bin\.. -Dproject.home=e:\demo\my-quill -Dorg.freemarker.loggerLibrary=none 
java_command: org.sonarlint.cli.Main --reportType console --src node_modules/_quill-better-table@1.2.8@quill-better-table/dist/quill-better-table.js --charset UTF-8
java_class_path (initial): c:\Users\96328\.vscode\extensions\silverbulleters.sonarqube-inject-2.1.0\tools\sonarlint-cli\bin\..\lib\sonarlint-cli-2.1-SNAPSHOT.jar
Launcher Type: SUN_STANDARD

Environment Variables:
PATH=C:\ProgramData\Oracle\Java\javapath;D:\xshell\;C:\Program Files (x86)\Intel\Intel(R) Management Engine Components\iCLS\;C:\Program Files\Intel\Intel(R) Management Engine Components\iCLS\;C:\WINDOWS\system32;C:\WINDOWS;C:\WINDOWS\System32\Wbem;C:\WINDOWS\System32\WindowsPowerShell\v1.0\;C:\WINDOWS\System32\OpenSSH\;C:\Program Files (x86)\Intel\Intel(R) Management Engine Components\DAL;C:\Program Files\Intel\Intel(R) Management Engine Components\DAL;C:\Program Files (x86)\Intel\Intel(R) Management Engine Components\IPT;C:\Program Files\Intel\Intel(R) Management Engine Components\IPT;C:\Program Files\nodejs\;D:\svn\bin;D:\Git\cmd;C:\Ruby26-x64\bin;C:\Users\96328\AppData\Local\Programs\Python\Python37\Scripts\;C:\Users\96328\AppData\Local\Programs\Python\Python37\;C:\Users\96328\AppData\Local\Microsoft\WindowsApps;C:\Users\96328\AppData\Roaming\npm;D:\Microsoft VS Code\bin;D:\IntelliJ IDEA 2019.2\bin;C:\Users\96328\AppData\Local\BypassRuntm
USERNAME=96328
OS=Windows_NT
PROCESSOR_IDENTIFIER=Intel64 Family 6 Model 78 Stepping 3, GenuineIntel



---------------  S Y S T E M  ---------------

OS: Windows 10.0 , 64 bit Build 18362 (10.0.18362.778)

CPU:total 4 (initial active 4) (2 cores per cpu, 2 threads per core) family 6 model 78 stepping 3, cmov, cx8, fxsr, mmx, sse, sse2, sse3, ssse3, sse4.1, sse4.2, popcnt, avx, avx2, aes, clmul, erms, rtm, 3dnowpref, lzcnt, ht, tsc, tscinvbit, bmi1, bmi2, adx

Memory: 4k page, physical 8239856k(543340k free), swap 15579888k(4968k free)

vm_info: Java HotSpot(TM) 64-Bit Server VM (25.131-b11) for windows-amd64 JRE (1.8.0_131-b11), built on Mar 15 2017 01:23:53 by "java_re" with MS VC++ 10.0 (VS2010)

time: Tue Apr 28 10:05:03 2020
elapsed time: 12 seconds (0d 0h 0m 12s)

