#
# There is insufficient memory for the Java Runtime Environment to continue.
# Native memory allocation (malloc) failed to allocate 32744 bytes for ChunkPool::allocate
# Possible reasons:
#   The system is out of physical RAM or swap space
#   In 32 bit mode, the process size limit was hit
# Possible solutions:
#   Reduce memory load on the system
#   Increase physical memory or swap space
#   Check if swap backing store is full
#   Use 64 bit Java on a 64 bit OS
#   Decrease Java heap size (-Xmx/-Xms)
#   Decrease number of Java threads
#   Decrease Java thread stack sizes (-Xss)
#   Set larger code cache with -XX:ReservedCodeCacheSize=
# This output file may be truncated or incomplete.
#
#  Out of Memory Error (allocation.cpp:273), pid=8844, tid=0x0000000000004be0
#
# JRE version: Java(TM) SE Runtime Environment (8.0_131-b11) (build 1.8.0_131-b11)
# Java VM: Java HotSpot(TM) 64-Bit Server VM (25.131-b11 mixed mode windows-amd64 compressed oops)
# Failed to write core dump. Minidumps are not enabled by default on client versions of Windows
#

---------------  T H R E A D  ---------------

Current thread (0x0000000017f6b800):  JavaThread "C2 CompilerThread0" daemon [_thread_in_native, id=19424, stack(0x0000000019470000,0x0000000019570000)]

Stack: [0x0000000019470000,0x0000000019570000]
[error occurred during error reporting (printing stack bounds), id 0xc0000005]

Native frames: (J=compiled Java code, j=interpreted, Vv=VM code, C=native code)


Current CompileTask:
C2:   8353 1150       4       java.util.regex.Pattern$Curly::match (86 bytes)


---------------  P R O C E S S  ---------------

Java Threads: ( => current thread )
  0x00000000195d2800 JavaThread "Service Thread" daemon [_thread_blocked, id=22716, stack(0x0000000019b70000,0x0000000019c70000)]
  0x00000000195c9000 JavaThread "C1 CompilerThread2" daemon [_thread_blocked, id=26908, stack(0x0000000019a70000,0x0000000019b70000)]
  0x0000000019570800 JavaThread "C2 CompilerThread1" daemon [_thread_in_native, id=27536, stack(0x0000000019970000,0x0000000019a70000)]
=>0x0000000017f6b800 JavaThread "C2 CompilerThread0" daemon [_thread_in_native, id=19424, stack(0x0000000019470000,0x0000000019570000)]
  0x0000000017f6a800 JavaThread "Attach Listener" daemon [_thread_blocked, id=26660, stack(0x0000000019370000,0x0000000019470000)]
  0x0000000017f0c000 JavaThread "Signal Dispatcher" daemon [_thread_blocked, id=15276, stack(0x0000000019270000,0x0000000019370000)]
  0x0000000017efa000 JavaThread "Finalizer" daemon [_thread_blocked, id=8256, stack(0x0000000019170000,0x0000000019270000)]
  0x0000000017ed8800 JavaThread "Reference Handler" daemon [_thread_blocked, id=10520, stack(0x0000000019070000,0x0000000019170000)]
  0x000000000334d800 JavaThread "main" [_thread_in_vm, id=25172, stack(0x00000000031b0000,0x00000000032b0000)]

Other Threads:
  0x0000000017ed7000 VMThread [stack: 0x0000000018f70000,0x0000000019070000] [id=24780]
  0x0000000019630000 WatcherThread [stack: 0x0000000019c70000,0x0000000019d70000] [id=25516]

VM state:not at safepoint (normal execution)

VM Mutex/Monitor currently owned by a thread: None

Heap:
 PSYoungGen      total 37888K, used 16594K [0x00000000d6180000, 0x00000000d8b80000, 0x0000000100000000)
  eden space 32768K, 35% used [0x00000000d6180000,0x00000000d6cb5d28,0x00000000d8180000)
  from space 5120K, 99% used [0x00000000d8180000,0x00000000d867ec90,0x00000000d8680000)
  to   space 5120K, 0% used [0x00000000d8680000,0x00000000d8680000,0x00000000d8b80000)
 ParOldGen       total 86016K, used 1407K [0x0000000082400000, 0x0000000087800000, 0x00000000d6180000)
  object space 86016K, 1% used [0x0000000082400000,0x000000008255fe80,0x0000000087800000)
 Metaspace       used 12459K, capacity 12840K, committed 13184K, reserved 1060864K
  class space    used 1709K, capacity 1834K, committed 1920K, reserved 1048576K

Card table byte_map: [0x0000000012810000,0x0000000012c00000] byte_map_base: 0x00000000123fe000

Marking Bits: (ParMarkBitMap*) 0x000000006e99c720
 Begin Bits: [0x00000000132a0000, 0x0000000015210000)
 End Bits:   [0x0000000015210000, 0x0000000017180000)

Polling page: 0x0000000002d80000

CodeCache: size=245760Kb used=3882Kb max_used=3882Kb free=241877Kb
 bounds [0x0000000003450000, 0x0000000003820000, 0x0000000012450000]
 total_blobs=1498 nmethods=1148 adapters=263
 compilation: enabled

Compilation events (10 events):
Event: 8.334 Thread 0x00000000195c9000 nmethod 1145 0x0000000003814050 code [0x00000000038141c0, 0x0000000003814550]
Event: 8.334 Thread 0x00000000195c9000 1146       3       java.util.HashMap$Values::iterator (12 bytes)
Event: 8.334 Thread 0x00000000195c9000 nmethod 1146 0x0000000003813b90 code [0x0000000003813d00, 0x0000000003813f68]
Event: 8.334 Thread 0x00000000195c9000 1147       3       java.util.HashMap$ValueIterator::<init> (11 bytes)
Event: 8.334 Thread 0x00000000195c9000 nmethod 1147 0x0000000003810190 code [0x0000000003810300, 0x00000000038104a8]
Event: 8.334 Thread 0x00000000195c9000 1148       3       org.sonar.classloader.ClassRealm::getResource (25 bytes)
Event: 8.335 Thread 0x00000000195c9000 nmethod 1148 0x0000000003813610 code [0x00000000038137a0, 0x0000000003813a78]
Event: 8.335 Thread 0x00000000195c9000 1149       1       sun.misc.URLClassPath$JarLoader$2::getURL (5 bytes)
Event: 8.335 Thread 0x00000000195c9000 nmethod 1149 0x0000000003813350 code [0x00000000038134a0, 0x00000000038135b0]
Event: 8.338 Thread 0x0000000017f6b800 1150       4       java.util.regex.Pattern$Curly::match (86 bytes)

GC Heap History (2 events):
Event: 7.890 GC heap before
{Heap before GC invocations=1 (full 0):
 PSYoungGen      total 37888K, used 32768K [0x00000000d6180000, 0x00000000d8b80000, 0x0000000100000000)
  eden space 32768K, 100% used [0x00000000d6180000,0x00000000d8180000,0x00000000d8180000)
  from space 5120K, 0% used [0x00000000d8680000,0x00000000d8680000,0x00000000d8b80000)
  to   space 5120K, 0% used [0x00000000d8180000,0x00000000d8180000,0x00000000d8680000)
 ParOldGen       total 86016K, used 0K [0x0000000082400000, 0x0000000087800000, 0x00000000d6180000)
  object space 86016K, 0% used [0x0000000082400000,0x0000000082400000,0x0000000087800000)
 Metaspace       used 11213K, capacity 11676K, committed 11904K, reserved 1058816K
  class space    used 1496K, capacity 1640K, committed 1664K, reserved 1048576K
Event: 7.901 GC heap after
Heap after GC invocations=1 (full 0):
 PSYoungGen      total 37888K, used 5115K [0x00000000d6180000, 0x00000000d8b80000, 0x0000000100000000)
  eden space 32768K, 0% used [0x00000000d6180000,0x00000000d6180000,0x00000000d8180000)
  from space 5120K, 99% used [0x00000000d8180000,0x00000000d867ec90,0x00000000d8680000)
  to   space 5120K, 0% used [0x00000000d8680000,0x00000000d8680000,0x00000000d8b80000)
 ParOldGen       total 86016K, used 1407K [0x0000000082400000, 0x0000000087800000, 0x00000000d6180000)
  object space 86016K, 1% used [0x0000000082400000,0x000000008255fe80,0x0000000087800000)
 Metaspace       used 11213K, capacity 11676K, committed 11904K, reserved 1058816K
  class space    used 1496K, capacity 1640K, committed 1664K, reserved 1048576K
}

Deoptimization events (10 events):
Event: 0.826 Thread 0x000000000334d800 Uncommon trap: reason=unstable_if action=reinterpret pc=0x00000000035fa348 method=java.lang.String.indexOf([CII[CIII)I @ 3
Event: 5.039 Thread 0x000000000334d800 Uncommon trap: reason=class_check action=maybe_recompile pc=0x00000000035c17dc method=java.lang.String.equals(Ljava/lang/Object;)Z @ 8
Event: 5.039 Thread 0x000000000334d800 Uncommon trap: reason=class_check action=maybe_recompile pc=0x00000000035c17dc method=java.lang.String.equals(Ljava/lang/Object;)Z @ 8
Event: 5.049 Thread 0x000000000334d800 Uncommon trap: reason=class_check action=maybe_recompile pc=0x00000000035c17dc method=java.lang.String.equals(Ljava/lang/Object;)Z @ 8
Event: 5.049 Thread 0x000000000334d800 Uncommon trap: reason=class_check action=maybe_recompile pc=0x00000000035c17dc method=java.lang.String.equals(Ljava/lang/Object;)Z @ 8
Event: 7.528 Thread 0x000000000334d800 Uncommon trap: reason=unstable_if action=reinterpret pc=0x00000000036f7a00 method=java.util.HashMap.getNode(ILjava/lang/Object;)Ljava/util/HashMap$Node; @ 129
Event: 7.528 Thread 0x000000000334d800 Uncommon trap: reason=unstable_if action=reinterpret pc=0x00000000036eb63c method=java.util.HashMap.getNode(ILjava/lang/Object;)Ljava/util/HashMap$Node; @ 129
Event: 8.004 Thread 0x000000000334d800 Uncommon trap: reason=unstable_if action=reinterpret pc=0x0000000003794cc4 method=java.util.regex.Pattern$Start.match(Ljava/util/regex/Matcher;ILjava/lang/CharSequence;)Z @ 34
Event: 8.136 Thread 0x000000000334d800 Uncommon trap: reason=unstable_if action=reinterpret pc=0x00000000037c9170 method=java.util.HashMap.hash(Ljava/lang/Object;)I @ 1
Event: 8.136 Thread 0x000000000334d800 Uncommon trap: reason=unstable_if action=reinterpret pc=0x000000000372b4a8 method=java.util.HashMap.hash(Ljava/lang/Object;)I @ 1

Internal exceptions (10 events):
Event: 0.568 Thread 0x000000000334d800 Exception <a 'java/security/PrivilegedActionException'> (0x00000000d6554bc8) thrown at [C:\re\workspace\8-2-build-windows-amd64-cygwin\jdk8u131\8869\hotspot\src\share\vm\prims\jvm.cpp, line 1390]
Event: 0.571 Thread 0x000000000334d800 Exception <a 'java/security/PrivilegedActionException'> (0x00000000d6558a98) thrown at [C:\re\workspace\8-2-build-windows-amd64-cygwin\jdk8u131\8869\hotspot\src\share\vm\prims\jvm.cpp, line 1390]
Event: 0.571 Thread 0x000000000334d800 Exception <a 'java/security/PrivilegedActionException'> (0x00000000d6558ca8) thrown at [C:\re\workspace\8-2-build-windows-amd64-cygwin\jdk8u131\8869\hotspot\src\share\vm\prims\jvm.cpp, line 1390]
Event: 0.609 Thread 0x000000000334d800 Exception <a 'java/io/FileNotFoundException'> (0x00000000d65e9e00) thrown at [C:\re\workspace\8-2-build-windows-amd64-cygwin\jdk8u131\8869\hotspot\src\share\vm\prims\jni.cpp, line 709]
Event: 5.046 Thread 0x000000000334d800 Exception <a 'sun/nio/fs/WindowsException'> (0x00000000d6db8bf8) thrown at [C:\re\workspace\8-2-build-windows-amd64-cygwin\jdk8u131\8869\hotspot\src\share\vm\prims\jni.cpp, line 709]
Event: 5.048 Thread 0x000000000334d800 Exception <a 'sun/nio/fs/WindowsException'> (0x00000000d6dba608) thrown at [C:\re\workspace\8-2-build-windows-amd64-cygwin\jdk8u131\8869\hotspot\src\share\vm\prims\jni.cpp, line 709]
Event: 5.058 Thread 0x000000000334d800 Exception <a 'sun/nio/fs/WindowsException'> (0x00000000d6df9798) thrown at [C:\re\workspace\8-2-build-windows-amd64-cygwin\jdk8u131\8869\hotspot\src\share\vm\prims\jni.cpp, line 709]
Event: 7.167 Thread 0x000000000334d800 Exception <a 'sun/nio/fs/WindowsException'> (0x00000000d70c4560) thrown at [C:\re\workspace\8-2-build-windows-amd64-cygwin\jdk8u131\8869\hotspot\src\share\vm\prims\jni.cpp, line 709]
Event: 8.136 Thread 0x000000000334d800 Implicit null exception at 0x00000000037c90d8 to 0x00000000037c9166
Event: 8.136 Thread 0x000000000334d800 Implicit null exception at 0x000000000372b42f to 0x000000000372b499

Events (10 events):
Event: 8.333 loading class org/sonar/api/server/rule/RulesDefinition$NewParam
Event: 8.333 loading class org/sonar/api/server/rule/RulesDefinition$NewParam done
Event: 8.335 loading class com/google/gson/Gson
Event: 8.335 loading class com/google/gson/Gson done
Event: 8.337 loading class com/google/gson/FieldNamingStrategy
Event: 8.337 loading class com/google/gson/FieldNamingStrategy done
Event: 8.338 loading class com/google/gson/reflect/TypeToken
Event: 8.338 loading class com/google/gson/reflect/TypeToken done
Event: 8.338 loading class com/google/gson/Gson$1
Event: 8.338 loading class com/google/gson/Gson$1 done


Dynamic libraries:
0x00007ff7f4920000 - 0x00007ff7f4957000 	C:\ProgramData\Oracle\Java\javapath\java.exe
0x00007ffdac460000 - 0x00007ffdac650000 	C:\WINDOWS\SYSTEM32\ntdll.dll
0x00007ffdab8c0000 - 0x00007ffdab972000 	C:\WINDOWS\System32\KERNEL32.DLL
0x00007ffdaa060000 - 0x00007ffdaa303000 	C:\WINDOWS\System32\KERNELBASE.dll
0x00007ffdac060000 - 0x00007ffdac103000 	C:\WINDOWS\System32\ADVAPI32.dll
0x00007ffdab820000 - 0x00007ffdab8be000 	C:\WINDOWS\System32\msvcrt.dll
0x00007ffdac380000 - 0x00007ffdac417000 	C:\WINDOWS\System32\sechost.dll
0x00007ffdac120000 - 0x00007ffdac240000 	C:\WINDOWS\System32\RPCRT4.dll
0x00007ffdaa690000 - 0x00007ffdaa824000 	C:\WINDOWS\System32\USER32.dll
0x00007ffdaa4e0000 - 0x00007ffdaa501000 	C:\WINDOWS\System32\win32u.dll
0x00007ffdaaf90000 - 0x00007ffdaafb6000 	C:\WINDOWS\System32\GDI32.dll
0x00007ffdaa310000 - 0x00007ffdaa4a4000 	C:\WINDOWS\System32\gdi32full.dll
0x00007ffda94a0000 - 0x00007ffda953e000 	C:\WINDOWS\System32\msvcp_win.dll
0x00007ffda9d40000 - 0x00007ffda9e3a000 	C:\WINDOWS\System32\ucrtbase.dll
0x00007ffd93530000 - 0x00007ffd937b5000 	C:\WINDOWS\WinSxS\amd64_microsoft.windows.common-controls_6595b64144ccf1df_6.0.18362.778_none_e6c6b761130d4fb8\COMCTL32.dll
0x00007ffdaba50000 - 0x00007ffdabd86000 	C:\WINDOWS\System32\combase.dll
0x00007ffda9540000 - 0x00007ffda95c0000 	C:\WINDOWS\System32\bcryptPrimitives.dll
0x00007ffdaae80000 - 0x00007ffdaaeae000 	C:\WINDOWS\System32\IMM32.DLL
0x000000006ea20000 - 0x000000006eaf2000 	C:\Program Files\Java\jre1.8.0_131\bin\msvcr100.dll
0x000000006e180000 - 0x000000006ea1c000 	C:\Program Files\Java\jre1.8.0_131\bin\server\jvm.dll
0x00007ffdaa570000 - 0x00007ffdaa578000 	C:\WINDOWS\System32\PSAPI.DLL
0x00007ffd95140000 - 0x00007ffd95149000 	C:\WINDOWS\SYSTEM32\WSOCK32.dll
0x00007ffdaaeb0000 - 0x00007ffdaaf1f000 	C:\WINDOWS\System32\WS2_32.dll
0x00007ffda48a0000 - 0x00007ffda48c4000 	C:\WINDOWS\SYSTEM32\WINMM.dll
0x00007ffd9e610000 - 0x00007ffd9e61a000 	C:\WINDOWS\SYSTEM32\VERSION.dll
0x00007ffda4870000 - 0x00007ffda489d000 	C:\WINDOWS\SYSTEM32\WINMMBASE.dll
0x00007ffda93f0000 - 0x00007ffda943a000 	C:\WINDOWS\System32\cfgmgr32.dll
0x000000006e170000 - 0x000000006e17f000 	C:\Program Files\Java\jre1.8.0_131\bin\verify.dll
0x000000006e140000 - 0x000000006e169000 	C:\Program Files\Java\jre1.8.0_131\bin\java.dll
0x000000006e120000 - 0x000000006e136000 	C:\Program Files\Java\jre1.8.0_131\bin\zip.dll
0x00007ffdab130000 - 0x00007ffdab815000 	C:\WINDOWS\System32\SHELL32.dll
0x00007ffdabda0000 - 0x00007ffdabe49000 	C:\WINDOWS\System32\shcore.dll
0x00007ffda95c0000 - 0x00007ffda9d40000 	C:\WINDOWS\System32\windows.storage.dll
0x00007ffda93c0000 - 0x00007ffda93e3000 	C:\WINDOWS\System32\profapi.dll
0x00007ffda9370000 - 0x00007ffda93ba000 	C:\WINDOWS\System32\powrprof.dll
0x00007ffda9320000 - 0x00007ffda9330000 	C:\WINDOWS\System32\UMPDC.dll
0x00007ffdac000000 - 0x00007ffdac052000 	C:\WINDOWS\System32\shlwapi.dll
0x00007ffda9350000 - 0x00007ffda9361000 	C:\WINDOWS\System32\kernel.appcore.dll
0x00007ffda9ef0000 - 0x00007ffda9f07000 	C:\WINDOWS\System32\cryptsp.dll
0x000000006e100000 - 0x000000006e11a000 	C:\Program Files\Java\jre1.8.0_131\bin\net.dll
0x00007ffda8b90000 - 0x00007ffda8bf7000 	C:\WINDOWS\system32\mswsock.dll
0x000000006e0e0000 - 0x000000006e0f1000 	C:\Program Files\Java\jre1.8.0_131\bin\nio.dll
0x00007ffda8700000 - 0x00007ffda8733000 	C:\WINDOWS\system32\rsaenh.dll
0x00007ffdaa4b0000 - 0x00007ffdaa4d6000 	C:\WINDOWS\System32\bcrypt.dll
0x00007ffda9210000 - 0x00007ffda9235000 	C:\WINDOWS\SYSTEM32\USERENV.dll
0x00007ffda8d60000 - 0x00007ffda8d6c000 	C:\WINDOWS\SYSTEM32\CRYPTBASE.dll
0x00007ffda88a0000 - 0x00007ffda88da000 	C:\WINDOWS\SYSTEM32\IPHLPAPI.DLL
0x00007ffdac110000 - 0x00007ffdac118000 	C:\WINDOWS\System32\NSI.dll
0x00007ffd9aaa0000 - 0x00007ffd9aab6000 	C:\WINDOWS\SYSTEM32\dhcpcsvc6.DLL
0x00007ffd9b2f0000 - 0x00007ffd9b30c000 	C:\WINDOWS\SYSTEM32\dhcpcsvc.DLL
0x00007ffda88e0000 - 0x00007ffda89aa000 	C:\WINDOWS\SYSTEM32\DNSAPI.dll

VM Arguments:
jvm_args: -Djava.awt.headless=true -Dsonarlint.home=c:\Users\96328\.vscode\extensions\silverbulleters.sonarqube-inject-2.1.0\tools\sonarlint-cli\bin\.. -Dproject.home=e:\demo\my-quill -Dorg.freemarker.loggerLibrary=none 
java_command: org.sonarlint.cli.Main --reportType console --src public/index.html --charset UTF-8
java_class_path (initial): c:\Users\96328\.vscode\extensions\silverbulleters.sonarqube-inject-2.1.0\tools\sonarlint-cli\bin\..\lib\sonarlint-cli-2.1-SNAPSHOT.jar
Launcher Type: SUN_STANDARD

Environment Variables:
PATH=C:\ProgramData\Oracle\Java\javapath;D:\xshell\;C:\Program Files (x86)\Intel\Intel(R) Management Engine Components\iCLS\;C:\Program Files\Intel\Intel(R) Management Engine Components\iCLS\;C:\WINDOWS\system32;C:\WINDOWS;C:\WINDOWS\System32\Wbem;C:\WINDOWS\System32\WindowsPowerShell\v1.0\;C:\WINDOWS\System32\OpenSSH\;C:\Program Files (x86)\Intel\Intel(R) Management Engine Components\DAL;C:\Program Files\Intel\Intel(R) Management Engine Components\DAL;C:\Program Files (x86)\Intel\Intel(R) Management Engine Components\IPT;C:\Program Files\Intel\Intel(R) Management Engine Components\IPT;C:\Program Files\nodejs\;D:\svn\bin;D:\Git\cmd;C:\Ruby26-x64\bin;C:\Users\96328\AppData\Local\Programs\Python\Python37\Scripts\;C:\Users\96328\AppData\Local\Programs\Python\Python37\;C:\Users\96328\AppData\Local\Microsoft\WindowsApps;C:\Users\96328\AppData\Roaming\npm;D:\Microsoft VS Code\bin;D:\IntelliJ IDEA 2019.2\bin;C:\Users\96328\AppData\Local\BypassRuntm
USERNAME=96328
OS=Windows_NT
PROCESSOR_IDENTIFIER=Intel64 Family 6 Model 78 Stepping 3, GenuineIntel



---------------  S Y S T E M  ---------------

OS: Windows 10.0 , 64 bit Build 18362 (10.0.18362.778)

CPU:total 4 (initial active 4) (2 cores per cpu, 2 threads per core) family 6 model 78 stepping 3, cmov, cx8, fxsr, mmx, sse, sse2, sse3, ssse3, sse4.1, sse4.2, popcnt, avx, avx2, aes, clmul, erms, rtm, 3dnowpref, lzcnt, ht, tsc, tscinvbit, bmi1, bmi2, adx

Memory: 4k page, physical 8239856k(708252k free), swap 15579888k(5260k free)

vm_info: Java HotSpot(TM) 64-Bit Server VM (25.131-b11) for windows-amd64 JRE (1.8.0_131-b11), built on Mar 15 2017 01:23:53 by "java_re" with MS VC++ 10.0 (VS2010)

time: Tue Apr 28 10:25:46 2020
elapsed time: 8 seconds (0d 0h 0m 8s)

