#
# There is insufficient memory for the Java Runtime Environment to continue.
# Native memory allocation (malloc) failed to allocate 1677888 bytes for Chunk::new
# Possible reasons:
#   The system is out of physical RAM or swap space
#   In 32 bit mode, the process size limit was hit
# Possible solutions:
#   Reduce memory load on the system
#   Increase physical memory or swap space
#   Check if swap backing store is full
#   Use 64 bit Java on a 64 bit OS
#   Decrease Java heap size (-Xmx/-Xms)
#   Decrease number of Java threads
#   Decrease Java thread stack sizes (-Xss)
#   Set larger code cache with -XX:ReservedCodeCacheSize=
# This output file may be truncated or incomplete.
#
#  Out of Memory Error (allocation.cpp:390), pid=26704, tid=0x0000000000004fac
#
# JRE version: Java(TM) SE Runtime Environment (8.0_131-b11) (build 1.8.0_131-b11)
# Java VM: Java HotSpot(TM) 64-Bit Server VM (25.131-b11 mixed mode windows-amd64 compressed oops)
# Failed to write core dump. Minidumps are not enabled by default on client versions of Windows
#

---------------  T H R E A D  ---------------

Current thread (0x00000000177eb800):  JavaThread "C2 CompilerThread0" daemon [_thread_in_native, id=20396, stack(0x0000000018cf0000,0x0000000018df0000)]

Stack: [0x0000000018cf0000,0x0000000018df0000]
[error occurred during error reporting (printing stack bounds), id 0xc0000005]

Native frames: (J=compiled Java code, j=interpreted, Vv=VM code, C=native code)


Current CompileTask:
C2:  10468 1513   !   4       org.sonar.classloader.DefaultClassloaderRef::loadClassIfPresent (23 bytes)


---------------  P R O C E S S  ---------------

Java Threads: ( => current thread )
  0x0000000018e52800 JavaThread "Service Thread" daemon [_thread_blocked, id=22736, stack(0x00000000193f0000,0x00000000194f0000)]
  0x0000000018e4d800 JavaThread "C1 CompilerThread2" daemon [_thread_blocked, id=24380, stack(0x00000000192f0000,0x00000000193f0000)]
  0x0000000018e42000 JavaThread "C2 CompilerThread1" daemon [_thread_in_native, id=28796, stack(0x00000000191f0000,0x00000000192f0000)]
=>0x00000000177eb800 JavaThread "C2 CompilerThread0" daemon [_thread_in_native, id=20396, stack(0x0000000018cf0000,0x0000000018df0000)]
  0x00000000177ea800 JavaThread "Attach Listener" daemon [_thread_blocked, id=17336, stack(0x0000000018bf0000,0x0000000018cf0000)]
  0x000000001778c000 JavaThread "Signal Dispatcher" daemon [_thread_blocked, id=19360, stack(0x0000000018af0000,0x0000000018bf0000)]
  0x000000001777a800 JavaThread "Finalizer" daemon [_thread_blocked, id=8120, stack(0x00000000189f0000,0x0000000018af0000)]
  0x0000000017759000 JavaThread "Reference Handler" daemon [_thread_blocked, id=21092, stack(0x00000000188f0000,0x00000000189f0000)]
  0x0000000002bcd800 JavaThread "main" [_thread_in_native, id=26328, stack(0x0000000002a00000,0x0000000002b00000)]

Other Threads:
  0x0000000017757800 VMThread [stack: 0x00000000187f0000,0x00000000188f0000] [id=27376]
  0x0000000018e98800 WatcherThread [stack: 0x00000000194f0000,0x00000000195f0000] [id=27064]

VM state:not at safepoint (normal execution)

VM Mutex/Monitor currently owned by a thread: None

Heap:
 PSYoungGen      total 37888K, used 33455K [0x00000000d6180000, 0x00000000dab80000, 0x0000000100000000)
  eden space 32768K, 86% used [0x00000000d6180000,0x00000000d7d302f0,0x00000000d8180000)
  from space 5120K, 99% used [0x00000000d8680000,0x00000000d8b7bc48,0x00000000d8b80000)
  to   space 5120K, 0% used [0x00000000d8180000,0x00000000d8180000,0x00000000d8680000)
 ParOldGen       total 86016K, used 2127K [0x0000000082400000, 0x0000000087800000, 0x00000000d6180000)
  object space 86016K, 2% used [0x0000000082400000,0x0000000082613e20,0x0000000087800000)
 Metaspace       used 16817K, capacity 17210K, committed 17408K, reserved 1064960K
  class space    used 2340K, capacity 2451K, committed 2560K, reserved 1048576K

Card table byte_map: [0x0000000012090000,0x0000000012480000] byte_map_base: 0x0000000011c7e000

Marking Bits: (ParMarkBitMap*) 0x000000006e99c720
 Begin Bits: [0x0000000012b20000, 0x0000000014a90000)
 End Bits:   [0x0000000014a90000, 0x0000000016a00000)

Polling page: 0x0000000000ea0000

CodeCache: size=245760Kb used=5951Kb max_used=5951Kb free=239808Kb
 bounds [0x0000000002cd0000, 0x00000000032b0000, 0x0000000011cd0000]
 total_blobs=1985 nmethods=1632 adapters=265
 compilation: enabled

Compilation events (10 events):
Event: 10.451 Thread 0x0000000018e4d800 1632       3       com.google.gson.stream.JsonReader::setLenient (6 bytes)
Event: 10.451 Thread 0x0000000018e4d800 nmethod 1632 0x000000000329f810 code [0x000000000329f960, 0x000000000329fab0]
Event: 10.451 Thread 0x0000000018e4d800 1631       3       org.sonar.api.server.rule.RulesDefinition$NewRepositoryImpl::rule (14 bytes)
Event: 10.451 Thread 0x0000000018e4d800 nmethod 1631 0x000000000329fb50 code [0x000000000329fcc0, 0x000000000329ffc8]
Event: 10.453 Thread 0x0000000018e4d800 1633   !   3       org.sonar.api.server.rule.DefaultDebtRemediationFunctions::create (48 bytes)
Event: 10.455 Thread 0x0000000018e4d800 nmethod 1633 0x00000000032a00d0 code [0x00000000032a0360, 0x00000000032a1558]
Event: 10.455 Thread 0x0000000018e4d800 1634       3       org.sonar.api.server.debt.internal.DefaultDebtRemediationFunction::<init> (34 bytes)
Event: 10.455 Thread 0x0000000018e4d800 nmethod 1634 0x00000000032a1fd0 code [0x00000000032a2160, 0x00000000032a2428]
Event: 10.455 Thread 0x0000000018e4d800 1635       3       org.sonar.api.server.debt.internal.DefaultDebtRemediationFunction::validate (159 bytes)
Event: 10.457 Thread 0x0000000018e4d800 nmethod 1635 0x00000000032a2550 code [0x00000000032a2880, 0x00000000032a4138]

GC Heap History (4 events):
Event: 8.539 GC heap before
{Heap before GC invocations=1 (full 0):
 PSYoungGen      total 37888K, used 32768K [0x00000000d6180000, 0x00000000d8b80000, 0x0000000100000000)
  eden space 32768K, 100% used [0x00000000d6180000,0x00000000d8180000,0x00000000d8180000)
  from space 5120K, 0% used [0x00000000d8680000,0x00000000d8680000,0x00000000d8b80000)
  to   space 5120K, 0% used [0x00000000d8180000,0x00000000d8180000,0x00000000d8680000)
 ParOldGen       total 86016K, used 0K [0x0000000082400000, 0x0000000087800000, 0x00000000d6180000)
  object space 86016K, 0% used [0x0000000082400000,0x0000000082400000,0x0000000087800000)
 Metaspace       used 11224K, capacity 11676K, committed 11904K, reserved 1058816K
  class space    used 1496K, capacity 1640K, committed 1664K, reserved 1048576K
Event: 8.547 GC heap after
Heap after GC invocations=1 (full 0):
 PSYoungGen      total 37888K, used 5102K [0x00000000d6180000, 0x00000000d8b80000, 0x0000000100000000)
  eden space 32768K, 0% used [0x00000000d6180000,0x00000000d6180000,0x00000000d8180000)
  from space 5120K, 99% used [0x00000000d8180000,0x00000000d867b988,0x00000000d8680000)
  to   space 5120K, 0% used [0x00000000d8680000,0x00000000d8680000,0x00000000d8b80000)
 ParOldGen       total 86016K, used 1375K [0x0000000082400000, 0x0000000087800000, 0x00000000d6180000)
  object space 86016K, 1% used [0x0000000082400000,0x0000000082557e10,0x0000000087800000)
 Metaspace       used 11224K, capacity 11676K, committed 11904K, reserved 1058816K
  class space    used 1496K, capacity 1640K, committed 1664K, reserved 1048576K
}
Event: 9.652 GC heap before
{Heap before GC invocations=2 (full 0):
 PSYoungGen      total 37888K, used 37870K [0x00000000d6180000, 0x00000000d8b80000, 0x0000000100000000)
  eden space 32768K, 100% used [0x00000000d6180000,0x00000000d8180000,0x00000000d8180000)
  from space 5120K, 99% used [0x00000000d8180000,0x00000000d867b988,0x00000000d8680000)
  to   space 5120K, 0% used [0x00000000d8680000,0x00000000d8680000,0x00000000d8b80000)
 ParOldGen       total 86016K, used 1375K [0x0000000082400000, 0x0000000087800000, 0x00000000d6180000)
  object space 86016K, 1% used [0x0000000082400000,0x0000000082557e10,0x0000000087800000)
 Metaspace       used 14171K, capacity 14504K, committed 14720K, reserved 1062912K
  class space    used 1944K, capacity 2064K, committed 2176K, reserved 1048576K
Event: 9.680 GC heap after
Heap after GC invocations=2 (full 0):
 PSYoungGen      total 37888K, used 5103K [0x00000000d6180000, 0x00000000dab80000, 0x0000000100000000)
  eden space 32768K, 0% used [0x00000000d6180000,0x00000000d6180000,0x00000000d8180000)
  from space 5120K, 99% used [0x00000000d8680000,0x00000000d8b7bc48,0x00000000d8b80000)
  to   space 5120K, 0% used [0x00000000d8180000,0x00000000d8180000,0x00000000d8680000)
 ParOldGen       total 86016K, used 2127K [0x0000000082400000, 0x0000000087800000, 0x00000000d6180000)
  object space 86016K, 2% used [0x0000000082400000,0x0000000082613e20,0x0000000087800000)
 Metaspace       used 14171K, capacity 14504K, committed 14720K, reserved 1062912K
  class space    used 1944K, capacity 2064K, committed 2176K, reserved 1048576K
}

Deoptimization events (10 events):
Event: 9.157 Thread 0x0000000002bcd800 Uncommon trap: reason=bimorphic action=maybe_recompile pc=0x00000000030de3fc method=java.util.regex.Pattern$Curly.match(Ljava/util/regex/Matcher;ILjava/lang/CharSequence;)Z @ 19
Event: 9.157 Thread 0x0000000002bcd800 Uncommon trap: reason=unstable_if action=reinterpret pc=0x00000000030de918 method=java.util.regex.Pattern$Curly.match(Ljava/util/regex/Matcher;ILjava/lang/CharSequence;)Z @ 45
Event: 9.270 Thread 0x0000000002bcd800 Uncommon trap: reason=unstable_if action=reinterpret pc=0x00000000030d4cfc method=java.lang.CharacterDataLatin1.isWhitespace(I)Z @ 14
Event: 10.304 Thread 0x0000000002bcd800 Uncommon trap: reason=class_check action=maybe_recompile pc=0x00000000032289c8 method=java.lang.AbstractStringBuilder.append(Ljava/lang/CharSequence;)Ljava/lang/AbstractStringBuilder; @ 26
Event: 10.305 Thread 0x0000000002bcd800 Uncommon trap: reason=class_check action=maybe_recompile pc=0x00000000032289c8 method=java.lang.AbstractStringBuilder.append(Ljava/lang/CharSequence;)Ljava/lang/AbstractStringBuilder; @ 26
Event: 10.315 Thread 0x0000000002bcd800 Uncommon trap: reason=bimorphic action=maybe_recompile pc=0x0000000003046240 method=java.util.HashMap.putVal(ILjava/lang/Object;Ljava/lang/Object;ZZ)Ljava/lang/Object; @ 91
Event: 10.316 Thread 0x0000000002bcd800 Uncommon trap: reason=class_check action=maybe_recompile pc=0x00000000032289c8 method=java.lang.AbstractStringBuilder.append(Ljava/lang/CharSequence;)Ljava/lang/AbstractStringBuilder; @ 26
Event: 10.317 Thread 0x0000000002bcd800 Uncommon trap: reason=class_check action=maybe_recompile pc=0x00000000032289c8 method=java.lang.AbstractStringBuilder.append(Ljava/lang/CharSequence;)Ljava/lang/AbstractStringBuilder; @ 26
Event: 10.317 Thread 0x0000000002bcd800 Uncommon trap: reason=class_check action=maybe_recompile pc=0x000000000322336c method=java.lang.AbstractStringBuilder.append(Ljava/lang/CharSequence;)Ljava/lang/AbstractStringBuilder; @ 26
Event: 10.436 Thread 0x0000000002bcd800 Uncommon trap: reason=unstable_if action=reinterpret pc=0x00000000030d86d0 method=sun.nio.cs.UTF_8$Decoder.decodeArrayLoop(Ljava/nio/ByteBuffer;Ljava/nio/CharBuffer;)Ljava/nio/charset/CoderResult; @ 167

Internal exceptions (10 events):
Event: 1.336 Thread 0x0000000002bcd800 Exception <a 'java/io/FileNotFoundException'> (0x00000000d65e9b20) thrown at [C:\re\workspace\8-2-build-windows-amd64-cygwin\jdk8u131\8869\hotspot\src\share\vm\prims\jni.cpp, line 709]
Event: 6.350 Thread 0x0000000002bcd800 Exception <a 'sun/nio/fs/WindowsException'> (0x00000000d6dbb1b8) thrown at [C:\re\workspace\8-2-build-windows-amd64-cygwin\jdk8u131\8869\hotspot\src\share\vm\prims\jni.cpp, line 709]
Event: 6.355 Thread 0x0000000002bcd800 Exception <a 'sun/nio/fs/WindowsException'> (0x00000000d6dbcbc8) thrown at [C:\re\workspace\8-2-build-windows-amd64-cygwin\jdk8u131\8869\hotspot\src\share\vm\prims\jni.cpp, line 709]
Event: 6.367 Thread 0x0000000002bcd800 Exception <a 'sun/nio/fs/WindowsException'> (0x00000000d6dfbd58) thrown at [C:\re\workspace\8-2-build-windows-amd64-cygwin\jdk8u131\8869\hotspot\src\share\vm\prims\jni.cpp, line 709]
Event: 7.815 Thread 0x0000000002bcd800 Exception <a 'sun/nio/fs/WindowsException'> (0x00000000d70cb9d8) thrown at [C:\re\workspace\8-2-build-windows-amd64-cygwin\jdk8u131\8869\hotspot\src\share\vm\prims\jni.cpp, line 709]
Event: 8.714 Thread 0x0000000002bcd800 Implicit null exception at 0x0000000003058958 to 0x00000000030589e6
Event: 8.714 Thread 0x0000000002bcd800 Implicit null exception at 0x0000000002fb8fef to 0x0000000002fb9059
Event: 8.837 Thread 0x0000000002bcd800 Exception <a 'java/lang/ArrayIndexOutOfBoundsException': 18> (0x00000000d6d24c90) thrown at [C:\re\workspace\8-2-build-windows-amd64-cygwin\jdk8u131\8869\hotspot\src\share\vm\interpreter\interpreterRuntime.cpp, line 366]
Event: 8.837 Thread 0x0000000002bcd800 Exception <a 'java/lang/ArrayIndexOutOfBoundsException': 55> (0x00000000d6d25dd0) thrown at [C:\re\workspace\8-2-build-windows-amd64-cygwin\jdk8u131\8869\hotspot\src\share\vm\interpreter\interpreterRuntime.cpp, line 366]
Event: 8.838 Thread 0x0000000002bcd800 Exception <a 'java/lang/ArrayIndexOutOfBoundsException': 40> (0x00000000d6d26d18) thrown at [C:\re\workspace\8-2-build-windows-amd64-cygwin\jdk8u131\8869\hotspot\src\share\vm\interpreter\interpreterRuntime.cpp, line 366]

Events (10 events):
Event: 10.317 Thread 0x0000000002bcd800 DEOPT UNPACKING pc=0x0000000002d1582a sp=0x0000000002afd2b8 mode 2
Event: 10.436 Thread 0x0000000002bcd800 Uncommon trap: trap_request=0xffffff65 fr.pc=0x00000000030d86d0
Event: 10.436 Thread 0x0000000002bcd800 DEOPT PACKING pc=0x00000000030d86d0 sp=0x0000000002afcf80
Event: 10.436 Thread 0x0000000002bcd800 DEOPT UNPACKING pc=0x0000000002d1582a sp=0x0000000002afcef0 mode 2
Event: 10.446 Thread 0x0000000002bcd800 DEOPT PACKING pc=0x0000000003293d1b sp=0x0000000002afce70
Event: 10.446 Thread 0x0000000002bcd800 DEOPT UNPACKING pc=0x0000000002d1787f sp=0x0000000002afcc70 mode 0
Event: 10.451 Thread 0x0000000002bcd800 DEOPT PACKING pc=0x0000000003293d1b sp=0x0000000002afce70
Event: 10.451 Thread 0x0000000002bcd800 DEOPT UNPACKING pc=0x0000000002d1787f sp=0x0000000002afcc70 mode 0
Event: 10.457 Thread 0x0000000002bcd800 DEOPT PACKING pc=0x0000000003293d1b sp=0x0000000002afce70
Event: 10.457 Thread 0x0000000002bcd800 DEOPT UNPACKING pc=0x0000000002d1787f sp=0x0000000002afcc70 mode 0


Dynamic libraries:
0x00007ff7f4920000 - 0x00007ff7f4957000 	C:\ProgramData\Oracle\Java\javapath\java.exe
0x00007ffdac460000 - 0x00007ffdac650000 	C:\WINDOWS\SYSTEM32\ntdll.dll
0x00007ffdab8c0000 - 0x00007ffdab972000 	C:\WINDOWS\System32\KERNEL32.DLL
0x00007ffdaa060000 - 0x00007ffdaa303000 	C:\WINDOWS\System32\KERNELBASE.dll
0x00007ffdac060000 - 0x00007ffdac103000 	C:\WINDOWS\System32\ADVAPI32.dll
0x00007ffdab820000 - 0x00007ffdab8be000 	C:\WINDOWS\System32\msvcrt.dll
0x00007ffdac380000 - 0x00007ffdac417000 	C:\WINDOWS\System32\sechost.dll
0x00007ffdac120000 - 0x00007ffdac240000 	C:\WINDOWS\System32\RPCRT4.dll
0x00007ffdaa690000 - 0x00007ffdaa824000 	C:\WINDOWS\System32\USER32.dll
0x00007ffdaa4e0000 - 0x00007ffdaa501000 	C:\WINDOWS\System32\win32u.dll
0x00007ffdaaf90000 - 0x00007ffdaafb6000 	C:\WINDOWS\System32\GDI32.dll
0x00007ffdaa310000 - 0x00007ffdaa4a4000 	C:\WINDOWS\System32\gdi32full.dll
0x00007ffda94a0000 - 0x00007ffda953e000 	C:\WINDOWS\System32\msvcp_win.dll
0x00007ffda9d40000 - 0x00007ffda9e3a000 	C:\WINDOWS\System32\ucrtbase.dll
0x00007ffd93530000 - 0x00007ffd937b5000 	C:\WINDOWS\WinSxS\amd64_microsoft.windows.common-controls_6595b64144ccf1df_6.0.18362.778_none_e6c6b761130d4fb8\COMCTL32.dll
0x00007ffdaba50000 - 0x00007ffdabd86000 	C:\WINDOWS\System32\combase.dll
0x00007ffda9540000 - 0x00007ffda95c0000 	C:\WINDOWS\System32\bcryptPrimitives.dll
0x00007ffdaae80000 - 0x00007ffdaaeae000 	C:\WINDOWS\System32\IMM32.DLL
0x000000006ea20000 - 0x000000006eaf2000 	C:\Program Files\Java\jre1.8.0_131\bin\msvcr100.dll
0x000000006e180000 - 0x000000006ea1c000 	C:\Program Files\Java\jre1.8.0_131\bin\server\jvm.dll
0x00007ffdaa570000 - 0x00007ffdaa578000 	C:\WINDOWS\System32\PSAPI.DLL
0x00007ffd95140000 - 0x00007ffd95149000 	C:\WINDOWS\SYSTEM32\WSOCK32.dll
0x00007ffdaaeb0000 - 0x00007ffdaaf1f000 	C:\WINDOWS\System32\WS2_32.dll
0x00007ffda48a0000 - 0x00007ffda48c4000 	C:\WINDOWS\SYSTEM32\WINMM.dll
0x00007ffd9e610000 - 0x00007ffd9e61a000 	C:\WINDOWS\SYSTEM32\VERSION.dll
0x00007ffda4870000 - 0x00007ffda489d000 	C:\WINDOWS\SYSTEM32\WINMMBASE.dll
0x00007ffda93f0000 - 0x00007ffda943a000 	C:\WINDOWS\System32\cfgmgr32.dll
0x000000006e170000 - 0x000000006e17f000 	C:\Program Files\Java\jre1.8.0_131\bin\verify.dll
0x000000006e140000 - 0x000000006e169000 	C:\Program Files\Java\jre1.8.0_131\bin\java.dll
0x000000006e120000 - 0x000000006e136000 	C:\Program Files\Java\jre1.8.0_131\bin\zip.dll
0x00007ffdab130000 - 0x00007ffdab815000 	C:\WINDOWS\System32\SHELL32.dll
0x00007ffdabda0000 - 0x00007ffdabe49000 	C:\WINDOWS\System32\shcore.dll
0x00007ffda95c0000 - 0x00007ffda9d40000 	C:\WINDOWS\System32\windows.storage.dll
0x00007ffda93c0000 - 0x00007ffda93e3000 	C:\WINDOWS\System32\profapi.dll
0x00007ffda9370000 - 0x00007ffda93ba000 	C:\WINDOWS\System32\powrprof.dll
0x00007ffda9320000 - 0x00007ffda9330000 	C:\WINDOWS\System32\UMPDC.dll
0x00007ffdac000000 - 0x00007ffdac052000 	C:\WINDOWS\System32\shlwapi.dll
0x00007ffda9350000 - 0x00007ffda9361000 	C:\WINDOWS\System32\kernel.appcore.dll
0x00007ffda9ef0000 - 0x00007ffda9f07000 	C:\WINDOWS\System32\cryptsp.dll
0x000000006e100000 - 0x000000006e11a000 	C:\Program Files\Java\jre1.8.0_131\bin\net.dll
0x00007ffda8b90000 - 0x00007ffda8bf7000 	C:\WINDOWS\system32\mswsock.dll
0x000000006e0e0000 - 0x000000006e0f1000 	C:\Program Files\Java\jre1.8.0_131\bin\nio.dll
0x00007ffda8700000 - 0x00007ffda8733000 	C:\WINDOWS\system32\rsaenh.dll
0x00007ffdaa4b0000 - 0x00007ffdaa4d6000 	C:\WINDOWS\System32\bcrypt.dll
0x00007ffda9210000 - 0x00007ffda9235000 	C:\WINDOWS\SYSTEM32\USERENV.dll
0x00007ffda8d60000 - 0x00007ffda8d6c000 	C:\WINDOWS\SYSTEM32\CRYPTBASE.dll
0x00007ffda88a0000 - 0x00007ffda88da000 	C:\WINDOWS\SYSTEM32\IPHLPAPI.DLL
0x00007ffdac110000 - 0x00007ffdac118000 	C:\WINDOWS\System32\NSI.dll
0x00007ffd9aaa0000 - 0x00007ffd9aab6000 	C:\WINDOWS\SYSTEM32\dhcpcsvc6.DLL
0x00007ffd9b2f0000 - 0x00007ffd9b30c000 	C:\WINDOWS\SYSTEM32\dhcpcsvc.DLL
0x00007ffda88e0000 - 0x00007ffda89aa000 	C:\WINDOWS\SYSTEM32\DNSAPI.dll

VM Arguments:
jvm_args: -Djava.awt.headless=true -Dsonarlint.home=c:\Users\96328\.vscode\extensions\silverbulleters.sonarqube-inject-2.1.0\tools\sonarlint-cli\bin\.. -Dproject.home=e:\demo\my-quill -Dorg.freemarker.loggerLibrary=none 
java_command: org.sonarlint.cli.Main --reportType console --src src/components/quill.vue --charset UTF-8
java_class_path (initial): c:\Users\96328\.vscode\extensions\silverbulleters.sonarqube-inject-2.1.0\tools\sonarlint-cli\bin\..\lib\sonarlint-cli-2.1-SNAPSHOT.jar
Launcher Type: SUN_STANDARD

Environment Variables:
PATH=C:\ProgramData\Oracle\Java\javapath;D:\xshell\;C:\Program Files (x86)\Intel\Intel(R) Management Engine Components\iCLS\;C:\Program Files\Intel\Intel(R) Management Engine Components\iCLS\;C:\WINDOWS\system32;C:\WINDOWS;C:\WINDOWS\System32\Wbem;C:\WINDOWS\System32\WindowsPowerShell\v1.0\;C:\WINDOWS\System32\OpenSSH\;C:\Program Files (x86)\Intel\Intel(R) Management Engine Components\DAL;C:\Program Files\Intel\Intel(R) Management Engine Components\DAL;C:\Program Files (x86)\Intel\Intel(R) Management Engine Components\IPT;C:\Program Files\Intel\Intel(R) Management Engine Components\IPT;C:\Program Files\nodejs\;D:\svn\bin;D:\Git\cmd;C:\Ruby26-x64\bin;C:\Users\96328\AppData\Local\Programs\Python\Python37\Scripts\;C:\Users\96328\AppData\Local\Programs\Python\Python37\;C:\Users\96328\AppData\Local\Microsoft\WindowsApps;C:\Users\96328\AppData\Roaming\npm;D:\Microsoft VS Code\bin;D:\IntelliJ IDEA 2019.2\bin;C:\Users\96328\AppData\Local\BypassRuntm
USERNAME=96328
OS=Windows_NT
PROCESSOR_IDENTIFIER=Intel64 Family 6 Model 78 Stepping 3, GenuineIntel



---------------  S Y S T E M  ---------------

OS: Windows 10.0 , 64 bit Build 18362 (10.0.18362.778)

CPU:total 4 (initial active 4) (2 cores per cpu, 2 threads per core) family 6 model 78 stepping 3, cmov, cx8, fxsr, mmx, sse, sse2, sse3, ssse3, sse4.1, sse4.2, popcnt, avx, avx2, aes, clmul, erms, rtm, 3dnowpref, lzcnt, ht, tsc, tscinvbit, bmi1, bmi2, adx

Memory: 4k page, physical 8239856k(792144k free), swap 15579888k(4548k free)

vm_info: Java HotSpot(TM) 64-Bit Server VM (25.131-b11) for windows-amd64 JRE (1.8.0_131-b11), built on Mar 15 2017 01:23:53 by "java_re" with MS VC++ 10.0 (VS2010)

time: Tue Apr 28 10:49:28 2020
elapsed time: 10 seconds (0d 0h 0m 10s)

