#
# There is insufficient memory for the Java Runtime Environment to continue.
# Native memory allocation (malloc) failed to allocate 459664 bytes for Chunk::new
# Possible reasons:
#   The system is out of physical RAM or swap space
#   In 32 bit mode, the process size limit was hit
# Possible solutions:
#   Reduce memory load on the system
#   Increase physical memory or swap space
#   Check if swap backing store is full
#   Use 64 bit Java on a 64 bit OS
#   Decrease Java heap size (-Xmx/-Xms)
#   Decrease number of Java threads
#   Decrease Java thread stack sizes (-Xss)
#   Set larger code cache with -XX:ReservedCodeCacheSize=
# This output file may be truncated or incomplete.
#
#  Out of Memory Error (allocation.cpp:390), pid=27516, tid=0x0000000000005e6c
#
# JRE version: Java(TM) SE Runtime Environment (8.0_131-b11) (build 1.8.0_131-b11)
# Java VM: Java HotSpot(TM) 64-Bit Server VM (25.131-b11 mixed mode windows-amd64 compressed oops)
# Failed to write core dump. Minidumps are not enabled by default on client versions of Windows
#

---------------  T H R E A D  ---------------

Current thread (0x00000000176db800):  JavaThread "C2 CompilerThread0" daemon [_thread_in_native, id=24172, stack(0x0000000018c30000,0x0000000018d30000)]

Stack: [0x0000000018c30000,0x0000000018d30000]
[error occurred during error reporting (printing stack bounds), id 0xc0000005]

Native frames: (J=compiled Java code, j=interpreted, Vv=VM code, C=native code)


Current CompileTask:
C2:   9281 1484   !   4       org.sonar.classloader.DefaultClassloaderRef::loadClassIfPresent (23 bytes)


---------------  P R O C E S S  ---------------

Java Threads: ( => current thread )
  0x0000000018d8f800 JavaThread "Service Thread" daemon [_thread_blocked, id=22652, stack(0x0000000019330000,0x0000000019430000)]
  0x0000000018d8a000 JavaThread "C1 CompilerThread2" daemon [_thread_blocked, id=28508, stack(0x0000000019230000,0x0000000019330000)]
  0x0000000018d30800 JavaThread "C2 CompilerThread1" daemon [_thread_blocked, id=22004, stack(0x0000000019130000,0x0000000019230000)]
=>0x00000000176db800 JavaThread "C2 CompilerThread0" daemon [_thread_in_native, id=24172, stack(0x0000000018c30000,0x0000000018d30000)]
  0x00000000176da800 JavaThread "Attach Listener" daemon [_thread_blocked, id=12708, stack(0x0000000018b30000,0x0000000018c30000)]
  0x000000001767c000 JavaThread "Signal Dispatcher" daemon [_thread_blocked, id=5048, stack(0x0000000018a30000,0x0000000018b30000)]
  0x000000001766a800 JavaThread "Finalizer" daemon [_thread_blocked, id=24624, stack(0x00000000188d0000,0x00000000189d0000)]
  0x0000000017649000 JavaThread "Reference Handler" daemon [_thread_blocked, id=28984, stack(0x00000000187d0000,0x00000000188d0000)]
  0x0000000002abd800 JavaThread "main" [_thread_blocked, id=24284, stack(0x00000000029b0000,0x0000000002ab0000)]

Other Threads:
  0x0000000017647800 VMThread [stack: 0x00000000186d0000,0x00000000187d0000] [id=28112]
  0x0000000018da9000 WatcherThread [stack: 0x0000000019430000,0x0000000019530000] [id=28132]

VM state:at safepoint (normal execution)

VM Mutex/Monitor currently owned by a thread:  ([mutex/lock_event])
[0x0000000002abc6a0] Threads_lock - owner thread: 0x0000000017647800
[0x0000000002ac0850] Heap_lock - owner thread: 0x0000000002abd800

Heap:
 PSYoungGen      total 37888K, used 22187K [0x00000000d6180000, 0x00000000d8b80000, 0x0000000100000000)
  eden space 32768K, 52% used [0x00000000d6180000,0x00000000d722f328,0x00000000d8180000)
  from space 5120K, 99% used [0x00000000d8680000,0x00000000d8b7ba60,0x00000000d8b80000)
  to   space 5120K, 75% used [0x00000000d8180000,0x00000000d854a020,0x00000000d8680000)
 ParOldGen       total 86016K, used 2100K [0x0000000082400000, 0x0000000087800000, 0x00000000d6180000)
  object space 86016K, 2% used [0x0000000082400000,0x000000008260d258,0x0000000087800000)
 Metaspace       used 16286K, capacity 16654K, committed 16768K, reserved 1067008K
  class space    used 2300K, capacity 2417K, committed 2432K, reserved 1048576K

Card table byte_map: [0x0000000011f80000,0x0000000012370000] byte_map_base: 0x0000000011b6e000

Marking Bits: (ParMarkBitMap*) 0x000000006e99c720
 Begin Bits: [0x0000000012a10000, 0x0000000014980000)
 End Bits:   [0x0000000014980000, 0x00000000168f0000)

Polling page: 0x0000000000cd0000

CodeCache: size=245760Kb used=5437Kb max_used=5448Kb free=240322Kb
 bounds [0x0000000002bc0000, 0x0000000003120000, 0x0000000011bc0000]
 total_blobs=1884 nmethods=1532 adapters=264
 compilation: enabled

Compilation events (10 events):
Event: 9.204 Thread 0x0000000018d30800 1529       4       sun.reflect.generics.parser.SignatureParser::parseIdentifier (115 bytes)
Event: 9.223 Thread 0x0000000018d30800 nmethod 1529 0x000000000310f410 code [0x000000000310f640, 0x0000000003110078]
Event: 9.223 Thread 0x0000000018d30800 1491       4       sun.misc.ProxyGenerator$ConstantPool::getValue (91 bytes)
Event: 9.237 Thread 0x0000000018d30800 nmethod 1491 0x0000000003116910 code [0x0000000003116ae0, 0x00000000031174f8]
Event: 9.265 Thread 0x0000000018d30800 1531       4       java.util.HashMap::newNode (13 bytes)
Event: 9.266 Thread 0x0000000018d30800 nmethod 1531 0x0000000003114e10 code [0x0000000003114f60, 0x0000000003115078]
Event: 9.267 Thread 0x0000000018d30800 1532       4       java.util.LinkedHashMap::newNode (23 bytes)
Event: 9.268 Thread 0x0000000018d30800 nmethod 1532 0x0000000003114ad0 code [0x0000000003114c20, 0x0000000003114d78]
Event: 9.269 Thread 0x0000000018d30800 1533       4       java.util.LinkedHashMap::afterNodeInsertion (40 bytes)
Event: 9.270 Thread 0x0000000018d30800 nmethod 1533 0x0000000003114790 code [0x00000000031148e0, 0x0000000003114998]

GC Heap History (5 events):
Event: 7.969 GC heap before
{Heap before GC invocations=1 (full 0):
 PSYoungGen      total 37888K, used 32768K [0x00000000d6180000, 0x00000000d8b80000, 0x0000000100000000)
  eden space 32768K, 100% used [0x00000000d6180000,0x00000000d8180000,0x00000000d8180000)
  from space 5120K, 0% used [0x00000000d8680000,0x00000000d8680000,0x00000000d8b80000)
  to   space 5120K, 0% used [0x00000000d8180000,0x00000000d8180000,0x00000000d8680000)
 ParOldGen       total 86016K, used 0K [0x0000000082400000, 0x0000000087800000, 0x00000000d6180000)
  object space 86016K, 0% used [0x0000000082400000,0x0000000082400000,0x0000000087800000)
 Metaspace       used 11214K, capacity 11676K, committed 11904K, reserved 1058816K
  class space    used 1496K, capacity 1640K, committed 1664K, reserved 1048576K
Event: 7.980 GC heap after
Heap after GC invocations=1 (full 0):
 PSYoungGen      total 37888K, used 5116K [0x00000000d6180000, 0x00000000d8b80000, 0x0000000100000000)
  eden space 32768K, 0% used [0x00000000d6180000,0x00000000d6180000,0x00000000d8180000)
  from space 5120K, 99% used [0x00000000d8180000,0x00000000d867f098,0x00000000d8680000)
  to   space 5120K, 0% used [0x00000000d8680000,0x00000000d8680000,0x00000000d8b80000)
 ParOldGen       total 86016K, used 1381K [0x0000000082400000, 0x0000000087800000, 0x00000000d6180000)
  object space 86016K, 1% used [0x0000000082400000,0x0000000082559498,0x0000000087800000)
 Metaspace       used 11214K, capacity 11676K, committed 11904K, reserved 1058816K
  class space    used 1496K, capacity 1640K, committed 1664K, reserved 1048576K
}
Event: 8.774 GC heap before
{Heap before GC invocations=2 (full 0):
 PSYoungGen      total 37888K, used 37884K [0x00000000d6180000, 0x00000000d8b80000, 0x0000000100000000)
  eden space 32768K, 100% used [0x00000000d6180000,0x00000000d8180000,0x00000000d8180000)
  from space 5120K, 99% used [0x00000000d8180000,0x00000000d867f098,0x00000000d8680000)
  to   space 5120K, 0% used [0x00000000d8680000,0x00000000d8680000,0x00000000d8b80000)
 ParOldGen       total 86016K, used 1381K [0x0000000082400000, 0x0000000087800000, 0x00000000d6180000)
  object space 86016K, 1% used [0x0000000082400000,0x0000000082559498,0x0000000087800000)
 Metaspace       used 14155K, capacity 14504K, committed 14720K, reserved 1062912K
  class space    used 1944K, capacity 2064K, committed 2176K, reserved 1048576K
Event: 8.788 GC heap after
Heap after GC invocations=2 (full 0):
 PSYoungGen      total 37888K, used 5102K [0x00000000d6180000, 0x00000000d8b80000, 0x0000000100000000)
  eden space 32768K, 0% used [0x00000000d6180000,0x00000000d6180000,0x00000000d8180000)
  from space 5120K, 99% used [0x00000000d8680000,0x00000000d8b7ba60,0x00000000d8b80000)
  to   space 5120K, 0% used [0x00000000d8180000,0x00000000d8180000,0x00000000d8680000)
 ParOldGen       total 86016K, used 2092K [0x0000000082400000, 0x0000000087800000, 0x00000000d6180000)
  object space 86016K, 2% used [0x0000000082400000,0x000000008260b258,0x0000000087800000)
 Metaspace       used 14155K, capacity 14504K, committed 14720K, reserved 1062912K
  class space    used 1944K, capacity 2064K, committed 2176K, reserved 1048576K
}
Event: 9.270 GC heap before
{Heap before GC invocations=3 (full 0):
 PSYoungGen      total 37888K, used 22187K [0x00000000d6180000, 0x00000000d8b80000, 0x0000000100000000)
  eden space 32768K, 52% used [0x00000000d6180000,0x00000000d722f328,0x00000000d8180000)
  from space 5120K, 99% used [0x00000000d8680000,0x00000000d8b7ba60,0x00000000d8b80000)
  to   space 5120K, 0% used [0x00000000d8180000,0x00000000d8180000,0x00000000d8680000)
 ParOldGen       total 86016K, used 2092K [0x0000000082400000, 0x0000000087800000, 0x00000000d6180000)
  object space 86016K, 2% used [0x0000000082400000,0x000000008260b258,0x0000000087800000)
 Metaspace       used 16286K, capacity 16654K, committed 16768K, reserved 1067008K
  class space    used 2300K, capacity 2417K, committed 2432K, reserved 1048576K

Deoptimization events (10 events):
Event: 8.134 Thread 0x0000000002abd800 Uncommon trap: reason=unstable_if action=reinterpret pc=0x0000000002f33bf0 method=java.util.HashMap.hash(Ljava/lang/Object;)I @ 1
Event: 8.134 Thread 0x0000000002abd800 Uncommon trap: reason=unstable_if action=reinterpret pc=0x0000000002e98aa8 method=java.util.HashMap.hash(Ljava/lang/Object;)I @ 1
Event: 8.239 Thread 0x0000000002abd800 Uncommon trap: reason=range_check action=make_not_entrant pc=0x0000000002e9a520 method=sun.reflect.generics.parser.SignatureParser.current()C @ 34
Event: 8.323 Thread 0x0000000002abd800 Uncommon trap: reason=unstable_if action=reinterpret pc=0x0000000002ef9ce4 method=java.util.concurrent.ConcurrentHashMap.get(Ljava/lang/Object;)Ljava/lang/Object; @ 76
Event: 8.332 Thread 0x0000000002abd800 Uncommon trap: reason=bimorphic action=maybe_recompile pc=0x0000000002eb2da0 method=java.util.regex.Pattern$BmpCharProperty.match(Ljava/util/regex/Matcher;ILjava/lang/CharSequence;)Z @ 31
Event: 8.332 Thread 0x0000000002abd800 Uncommon trap: reason=bimorphic action=maybe_recompile pc=0x0000000002eb2da0 method=java.util.regex.Pattern$BmpCharProperty.match(Ljava/util/regex/Matcher;ILjava/lang/CharSequence;)Z @ 31
Event: 8.332 Thread 0x0000000002abd800 Uncommon trap: reason=bimorphic action=maybe_recompile pc=0x0000000002eb2da0 method=java.util.regex.Pattern$BmpCharProperty.match(Ljava/util/regex/Matcher;ILjava/lang/CharSequence;)Z @ 31
Event: 8.338 Thread 0x0000000002abd800 Uncommon trap: reason=bimorphic action=maybe_recompile pc=0x0000000002eb2da0 method=java.util.regex.Pattern$BmpCharProperty.match(Ljava/util/regex/Matcher;ILjava/lang/CharSequence;)Z @ 31
Event: 8.457 Thread 0x0000000002abd800 Uncommon trap: reason=unstable_if action=reinterpret pc=0x000000000302f65c method=java.util.regex.Pattern$Curly.match(Ljava/util/regex/Matcher;ILjava/lang/CharSequence;)Z @ 45
Event: 8.470 Thread 0x0000000002abd800 Uncommon trap: reason=unstable_if action=reinterpret pc=0x0000000002fe29bc method=java.lang.CharacterDataLatin1.isWhitespace(I)Z @ 14

Internal exceptions (10 events):
Event: 0.777 Thread 0x0000000002abd800 Exception <a 'java/io/FileNotFoundException'> (0x00000000d65e9be0) thrown at [C:\re\workspace\8-2-build-windows-amd64-cygwin\jdk8u131\8869\hotspot\src\share\vm\prims\jni.cpp, line 709]
Event: 5.373 Thread 0x0000000002abd800 Exception <a 'sun/nio/fs/WindowsException'> (0x00000000d6db89c0) thrown at [C:\re\workspace\8-2-build-windows-amd64-cygwin\jdk8u131\8869\hotspot\src\share\vm\prims\jni.cpp, line 709]
Event: 5.375 Thread 0x0000000002abd800 Exception <a 'sun/nio/fs/WindowsException'> (0x00000000d6dba3d0) thrown at [C:\re\workspace\8-2-build-windows-amd64-cygwin\jdk8u131\8869\hotspot\src\share\vm\prims\jni.cpp, line 709]
Event: 5.386 Thread 0x0000000002abd800 Exception <a 'sun/nio/fs/WindowsException'> (0x00000000d6df9560) thrown at [C:\re\workspace\8-2-build-windows-amd64-cygwin\jdk8u131\8869\hotspot\src\share\vm\prims\jni.cpp, line 709]
Event: 7.252 Thread 0x0000000002abd800 Exception <a 'sun/nio/fs/WindowsException'> (0x00000000d70f4008) thrown at [C:\re\workspace\8-2-build-windows-amd64-cygwin\jdk8u131\8869\hotspot\src\share\vm\prims\jni.cpp, line 709]
Event: 8.134 Thread 0x0000000002abd800 Implicit null exception at 0x0000000002f33b58 to 0x0000000002f33be6
Event: 8.134 Thread 0x0000000002abd800 Implicit null exception at 0x0000000002e98a2f to 0x0000000002e98a99
Event: 8.239 Thread 0x0000000002abd800 Exception <a 'java/lang/ArrayIndexOutOfBoundsException': 18> (0x00000000d6d1e710) thrown at [C:\re\workspace\8-2-build-windows-amd64-cygwin\jdk8u131\8869\hotspot\src\share\vm\interpreter\interpreterRuntime.cpp, line 366]
Event: 8.239 Thread 0x0000000002abd800 Exception <a 'java/lang/ArrayIndexOutOfBoundsException': 55> (0x00000000d6d1f850) thrown at [C:\re\workspace\8-2-build-windows-amd64-cygwin\jdk8u131\8869\hotspot\src\share\vm\interpreter\interpreterRuntime.cpp, line 366]
Event: 8.240 Thread 0x0000000002abd800 Exception <a 'java/lang/ArrayIndexOutOfBoundsException': 40> (0x00000000d6d20798) thrown at [C:\re\workspace\8-2-build-windows-amd64-cygwin\jdk8u131\8869\hotspot\src\share\vm\interpreter\interpreterRuntime.cpp, line 366]

Events (10 events):
Event: 9.184 loading class org/sonar/squidbridge/annotations/RuleTemplate done
Event: 9.237 loading class org/sonar/java/matcher/MethodMatcherCollection
Event: 9.238 loading class org/sonar/java/matcher/MethodMatcherCollection done
Event: 9.258 loading class org/sonar/plugins/java/api/tree/MethodTree
Event: 9.258 loading class org/sonar/plugins/java/api/tree/MethodTree done
Event: 9.259 loading class org/sonar/plugins/java/api/semantic/Type
Event: 9.259 loading class org/sonar/plugins/java/api/semantic/Type done
Event: 9.262 loading class org/sonar/java/checks/HasNextCallingNextCheck$HasNextBodyVisitor
Event: 9.262 loading class org/sonar/java/checks/HasNextCallingNextCheck$HasNextBodyVisitor done
Event: 9.270 Executing VM operation: CollectForMetadataAllocation


Dynamic libraries:
0x00007ff7f4920000 - 0x00007ff7f4957000 	C:\ProgramData\Oracle\Java\javapath\java.exe
0x00007ffdac460000 - 0x00007ffdac650000 	C:\WINDOWS\SYSTEM32\ntdll.dll
0x00007ffdab8c0000 - 0x00007ffdab972000 	C:\WINDOWS\System32\KERNEL32.DLL
0x00007ffdaa060000 - 0x00007ffdaa303000 	C:\WINDOWS\System32\KERNELBASE.dll
0x00007ffdac060000 - 0x00007ffdac103000 	C:\WINDOWS\System32\ADVAPI32.dll
0x00007ffdab820000 - 0x00007ffdab8be000 	C:\WINDOWS\System32\msvcrt.dll
0x00007ffdac380000 - 0x00007ffdac417000 	C:\WINDOWS\System32\sechost.dll
0x00007ffdac120000 - 0x00007ffdac240000 	C:\WINDOWS\System32\RPCRT4.dll
0x00007ffdaa690000 - 0x00007ffdaa824000 	C:\WINDOWS\System32\USER32.dll
0x00007ffdaa4e0000 - 0x00007ffdaa501000 	C:\WINDOWS\System32\win32u.dll
0x00007ffdaaf90000 - 0x00007ffdaafb6000 	C:\WINDOWS\System32\GDI32.dll
0x00007ffdaa310000 - 0x00007ffdaa4a4000 	C:\WINDOWS\System32\gdi32full.dll
0x00007ffda94a0000 - 0x00007ffda953e000 	C:\WINDOWS\System32\msvcp_win.dll
0x00007ffda9d40000 - 0x00007ffda9e3a000 	C:\WINDOWS\System32\ucrtbase.dll
0x00007ffd93530000 - 0x00007ffd937b5000 	C:\WINDOWS\WinSxS\amd64_microsoft.windows.common-controls_6595b64144ccf1df_6.0.18362.778_none_e6c6b761130d4fb8\COMCTL32.dll
0x00007ffdaba50000 - 0x00007ffdabd86000 	C:\WINDOWS\System32\combase.dll
0x00007ffda9540000 - 0x00007ffda95c0000 	C:\WINDOWS\System32\bcryptPrimitives.dll
0x00007ffdaae80000 - 0x00007ffdaaeae000 	C:\WINDOWS\System32\IMM32.DLL
0x000000006ea20000 - 0x000000006eaf2000 	C:\Program Files\Java\jre1.8.0_131\bin\msvcr100.dll
0x000000006e180000 - 0x000000006ea1c000 	C:\Program Files\Java\jre1.8.0_131\bin\server\jvm.dll
0x00007ffdaa570000 - 0x00007ffdaa578000 	C:\WINDOWS\System32\PSAPI.DLL
0x00007ffd95140000 - 0x00007ffd95149000 	C:\WINDOWS\SYSTEM32\WSOCK32.dll
0x00007ffdaaeb0000 - 0x00007ffdaaf1f000 	C:\WINDOWS\System32\WS2_32.dll
0x00007ffda48a0000 - 0x00007ffda48c4000 	C:\WINDOWS\SYSTEM32\WINMM.dll
0x00007ffd9e610000 - 0x00007ffd9e61a000 	C:\WINDOWS\SYSTEM32\VERSION.dll
0x00007ffda4870000 - 0x00007ffda489d000 	C:\WINDOWS\SYSTEM32\WINMMBASE.dll
0x00007ffda93f0000 - 0x00007ffda943a000 	C:\WINDOWS\System32\cfgmgr32.dll
0x000000006e170000 - 0x000000006e17f000 	C:\Program Files\Java\jre1.8.0_131\bin\verify.dll
0x000000006e140000 - 0x000000006e169000 	C:\Program Files\Java\jre1.8.0_131\bin\java.dll
0x000000006e120000 - 0x000000006e136000 	C:\Program Files\Java\jre1.8.0_131\bin\zip.dll
0x00007ffdab130000 - 0x00007ffdab815000 	C:\WINDOWS\System32\SHELL32.dll
0x00007ffdabda0000 - 0x00007ffdabe49000 	C:\WINDOWS\System32\shcore.dll
0x00007ffda95c0000 - 0x00007ffda9d40000 	C:\WINDOWS\System32\windows.storage.dll
0x00007ffda93c0000 - 0x00007ffda93e3000 	C:\WINDOWS\System32\profapi.dll
0x00007ffda9370000 - 0x00007ffda93ba000 	C:\WINDOWS\System32\powrprof.dll
0x00007ffda9320000 - 0x00007ffda9330000 	C:\WINDOWS\System32\UMPDC.dll
0x00007ffdac000000 - 0x00007ffdac052000 	C:\WINDOWS\System32\shlwapi.dll
0x00007ffda9350000 - 0x00007ffda9361000 	C:\WINDOWS\System32\kernel.appcore.dll
0x00007ffda9ef0000 - 0x00007ffda9f07000 	C:\WINDOWS\System32\cryptsp.dll
0x000000006e100000 - 0x000000006e11a000 	C:\Program Files\Java\jre1.8.0_131\bin\net.dll
0x00007ffda8b90000 - 0x00007ffda8bf7000 	C:\WINDOWS\system32\mswsock.dll
0x000000006e0e0000 - 0x000000006e0f1000 	C:\Program Files\Java\jre1.8.0_131\bin\nio.dll
0x00007ffda8700000 - 0x00007ffda8733000 	C:\WINDOWS\system32\rsaenh.dll
0x00007ffdaa4b0000 - 0x00007ffdaa4d6000 	C:\WINDOWS\System32\bcrypt.dll
0x00007ffda9210000 - 0x00007ffda9235000 	C:\WINDOWS\SYSTEM32\USERENV.dll
0x00007ffda8d60000 - 0x00007ffda8d6c000 	C:\WINDOWS\SYSTEM32\CRYPTBASE.dll
0x00007ffda88a0000 - 0x00007ffda88da000 	C:\WINDOWS\SYSTEM32\IPHLPAPI.DLL
0x00007ffdac110000 - 0x00007ffdac118000 	C:\WINDOWS\System32\NSI.dll
0x00007ffd9aaa0000 - 0x00007ffd9aab6000 	C:\WINDOWS\SYSTEM32\dhcpcsvc6.DLL
0x00007ffd9b2f0000 - 0x00007ffd9b30c000 	C:\WINDOWS\SYSTEM32\dhcpcsvc.DLL
0x00007ffda88e0000 - 0x00007ffda89aa000 	C:\WINDOWS\SYSTEM32\DNSAPI.dll

VM Arguments:
jvm_args: -Djava.awt.headless=true -Dsonarlint.home=c:\Users\96328\.vscode\extensions\silverbulleters.sonarqube-inject-2.1.0\tools\sonarlint-cli\bin\.. -Dproject.home=e:\demo\my-quill -Dorg.freemarker.loggerLibrary=none 
java_command: org.sonarlint.cli.Main --reportType console --src src/components/myQuill.vue --charset UTF-8
java_class_path (initial): c:\Users\96328\.vscode\extensions\silverbulleters.sonarqube-inject-2.1.0\tools\sonarlint-cli\bin\..\lib\sonarlint-cli-2.1-SNAPSHOT.jar
Launcher Type: SUN_STANDARD

Environment Variables:
PATH=C:\ProgramData\Oracle\Java\javapath;D:\xshell\;C:\Program Files (x86)\Intel\Intel(R) Management Engine Components\iCLS\;C:\Program Files\Intel\Intel(R) Management Engine Components\iCLS\;C:\WINDOWS\system32;C:\WINDOWS;C:\WINDOWS\System32\Wbem;C:\WINDOWS\System32\WindowsPowerShell\v1.0\;C:\WINDOWS\System32\OpenSSH\;C:\Program Files (x86)\Intel\Intel(R) Management Engine Components\DAL;C:\Program Files\Intel\Intel(R) Management Engine Components\DAL;C:\Program Files (x86)\Intel\Intel(R) Management Engine Components\IPT;C:\Program Files\Intel\Intel(R) Management Engine Components\IPT;C:\Program Files\nodejs\;D:\svn\bin;D:\Git\cmd;C:\Ruby26-x64\bin;C:\Users\96328\AppData\Local\Programs\Python\Python37\Scripts\;C:\Users\96328\AppData\Local\Programs\Python\Python37\;C:\Users\96328\AppData\Local\Microsoft\WindowsApps;C:\Users\96328\AppData\Roaming\npm;D:\Microsoft VS Code\bin;D:\IntelliJ IDEA 2019.2\bin;C:\Users\96328\AppData\Local\BypassRuntm
USERNAME=96328
OS=Windows_NT
PROCESSOR_IDENTIFIER=Intel64 Family 6 Model 78 Stepping 3, GenuineIntel



---------------  S Y S T E M  ---------------

OS: Windows 10.0 , 64 bit Build 18362 (10.0.18362.778)

CPU:total 4 (initial active 4) (2 cores per cpu, 2 threads per core) family 6 model 78 stepping 3, cmov, cx8, fxsr, mmx, sse, sse2, sse3, ssse3, sse4.1, sse4.2, popcnt, avx, avx2, aes, clmul, erms, rtm, 3dnowpref, lzcnt, ht, tsc, tscinvbit, bmi1, bmi2, adx

Memory: 4k page, physical 8239856k(802548k free), swap 15579888k(4960k free)

vm_info: Java HotSpot(TM) 64-Bit Server VM (25.131-b11) for windows-amd64 JRE (1.8.0_131-b11), built on Mar 15 2017 01:23:53 by "java_re" with MS VC++ 10.0 (VS2010)

time: Tue Apr 28 10:34:27 2020
elapsed time: 9 seconds (0d 0h 0m 9s)

