#
# There is insufficient memory for the Java Runtime Environment to continue.
# Native memory allocation (malloc) failed to allocate 1081296 bytes for Chunk::new
# Possible reasons:
#   The system is out of physical RAM or swap space
#   In 32 bit mode, the process size limit was hit
# Possible solutions:
#   Reduce memory load on the system
#   Increase physical memory or swap space
#   Check if swap backing store is full
#   Use 64 bit Java on a 64 bit OS
#   Decrease Java heap size (-Xmx/-Xms)
#   Decrease number of Java threads
#   Decrease Java thread stack sizes (-Xss)
#   Set larger code cache with -XX:ReservedCodeCacheSize=
# This output file may be truncated or incomplete.
#
#  Out of Memory Error (allocation.cpp:390), pid=11996, tid=0x0000000000005af4
#
# JRE version: Java(TM) SE Runtime Environment (8.0_131-b11) (build 1.8.0_131-b11)
# Java VM: Java HotSpot(TM) 64-Bit Server VM (25.131-b11 mixed mode windows-amd64 compressed oops)
# Failed to write core dump. Minidumps are not enabled by default on client versions of Windows
#

---------------  T H R E A D  ---------------

Current thread (0x00000000191a1000):  JavaThread "C2 CompilerThread1" daemon [_thread_in_native, id=23284, stack(0x00000000195a0000,0x00000000196a0000)]

Stack: [0x00000000195a0000,0x00000000196a0000]
[error occurred during error reporting (printing stack bounds), id 0xc0000005]

Native frames: (J=compiled Java code, j=interpreted, Vv=VM code, C=native code)


Current CompileTask:
C2:  13438 1500   !   4       org.sonar.classloader.DefaultClassloaderRef::loadClassIfPresent (23 bytes)


---------------  P R O C E S S  ---------------

Java Threads: ( => current thread )
  0x00000000191ff800 JavaThread "Service Thread" daemon [_thread_blocked, id=23212, stack(0x00000000197a0000,0x00000000198a0000)]
  0x00000000191fc800 JavaThread "C1 CompilerThread2" daemon [_thread_blocked, id=12876, stack(0x00000000196a0000,0x00000000197a0000)]
=>0x00000000191a1000 JavaThread "C2 CompilerThread1" daemon [_thread_in_native, id=23284, stack(0x00000000195a0000,0x00000000196a0000)]
  0x0000000017bac800 JavaThread "C2 CompilerThread0" daemon [_thread_in_native, id=20084, stack(0x00000000190a0000,0x00000000191a0000)]
  0x0000000017bab000 JavaThread "Attach Listener" daemon [_thread_blocked, id=18508, stack(0x0000000018fa0000,0x00000000190a0000)]
  0x0000000017baa800 JavaThread "Signal Dispatcher" daemon [_thread_blocked, id=25400, stack(0x0000000018ea0000,0x0000000018fa0000)]
  0x0000000017b3a000 JavaThread "Finalizer" daemon [_thread_blocked, id=12868, stack(0x0000000018da0000,0x0000000018ea0000)]
  0x0000000003081000 JavaThread "Reference Handler" daemon [_thread_blocked, id=18592, stack(0x0000000018ca0000,0x0000000018da0000)]
  0x0000000002f8d800 JavaThread "main" [_thread_in_vm, id=27204, stack(0x0000000002db0000,0x0000000002eb0000)]

Other Threads:
  0x0000000017b17800 VMThread [stack: 0x0000000018ba0000,0x0000000018ca0000] [id=25164]
  0x0000000019253000 WatcherThread [stack: 0x00000000198a0000,0x00000000199a0000] [id=26724]

VM state:not at safepoint (normal execution)

VM Mutex/Monitor currently owned by a thread: None

Heap:
 PSYoungGen      total 37888K, used 20230K [0x00000000d6180000, 0x00000000d8b80000, 0x0000000100000000)
  eden space 32768K, 46% used [0x00000000d6180000,0x00000000d70456e0,0x00000000d8180000)
  from space 5120K, 99% used [0x00000000d8680000,0x00000000d8b7c318,0x00000000d8b80000)
  to   space 5120K, 0% used [0x00000000d8180000,0x00000000d8180000,0x00000000d8680000)
 ParOldGen       total 86016K, used 2165K [0x0000000082400000, 0x0000000087800000, 0x00000000d6180000)
  object space 86016K, 2% used [0x0000000082400000,0x000000008261d7a8,0x0000000087800000)
 Metaspace       used 16038K, capacity 16392K, committed 16512K, reserved 1062912K
  class space    used 2288K, capacity 2416K, committed 2432K, reserved 1048576K

Card table byte_map: [0x0000000012450000,0x0000000012840000] byte_map_base: 0x000000001203e000

Marking Bits: (ParMarkBitMap*) 0x000000006e99c720
 Begin Bits: [0x0000000012ee0000, 0x0000000014e50000)
 End Bits:   [0x0000000014e50000, 0x0000000016dc0000)

Polling page: 0x0000000001090000

CodeCache: size=245760Kb used=5393Kb max_used=5407Kb free=240367Kb
 bounds [0x0000000003090000, 0x00000000035e0000, 0x0000000012090000]
 total_blobs=1861 nmethods=1509 adapters=264
 compilation: enabled

Compilation events (10 events):
Event: 13.381 Thread 0x00000000191fc800 1507   !   3       java.lang.ClassLoader::definePackage (77 bytes)
Event: 13.381 Thread 0x00000000191fc800 nmethod 1507 0x00000000035c96d0 code [0x00000000035c9880, 0x00000000035c9f38]
Event: 13.392 Thread 0x00000000191fc800 1510       3       java.util.Collections::emptySet (4 bytes)
Event: 13.393 Thread 0x00000000191fc800 nmethod 1510 0x00000000035c9310 code [0x00000000035c9460, 0x00000000035c9590]
Event: 13.393 Thread 0x00000000191fc800 1511       3       org.sonar.api.utils.FieldUtils2::getFields (134 bytes)
Event: 13.395 Thread 0x00000000191fc800 nmethod 1511 0x00000000035d5c10 code [0x00000000035d5f80, 0x00000000035d7848]
Event: 13.395 Thread 0x00000000191fc800 1512       3       java.util.Collections$EmptySet::iterator (4 bytes)
Event: 13.395 Thread 0x00000000191fc800 nmethod 1512 0x00000000035c7ad0 code [0x00000000035c7c40, 0x00000000035c7df0]
Event: 13.399 Thread 0x0000000017bac800 nmethod 1505 0x00000000035dab50 code [0x00000000035dad20, 0x00000000035dbab0]
Event: 13.399 Thread 0x0000000017bac800 1509       4       org.sonar.api.internal.apachecommons.lang.ClassUtils::getAllInterfaces (61 bytes)

GC Heap History (4 events):
Event: 11.607 GC heap before
{Heap before GC invocations=1 (full 0):
 PSYoungGen      total 37888K, used 32768K [0x00000000d6180000, 0x00000000d8b80000, 0x0000000100000000)
  eden space 32768K, 100% used [0x00000000d6180000,0x00000000d8180000,0x00000000d8180000)
  from space 5120K, 0% used [0x00000000d8680000,0x00000000d8680000,0x00000000d8b80000)
  to   space 5120K, 0% used [0x00000000d8180000,0x00000000d8180000,0x00000000d8680000)
 ParOldGen       total 86016K, used 0K [0x0000000082400000, 0x0000000087800000, 0x00000000d6180000)
  object space 86016K, 0% used [0x0000000082400000,0x0000000082400000,0x0000000087800000)
 Metaspace       used 11232K, capacity 11676K, committed 11904K, reserved 1058816K
  class space    used 1500K, capacity 1640K, committed 1664K, reserved 1048576K
Event: 11.628 GC heap after
Heap after GC invocations=1 (full 0):
 PSYoungGen      total 37888K, used 5100K [0x00000000d6180000, 0x00000000d8b80000, 0x0000000100000000)
  eden space 32768K, 0% used [0x00000000d6180000,0x00000000d6180000,0x00000000d8180000)
  from space 5120K, 99% used [0x00000000d8180000,0x00000000d867b0a8,0x00000000d8680000)
  to   space 5120K, 0% used [0x00000000d8680000,0x00000000d8680000,0x00000000d8b80000)
 ParOldGen       total 86016K, used 1411K [0x0000000082400000, 0x0000000087800000, 0x00000000d6180000)
  object space 86016K, 1% used [0x0000000082400000,0x0000000082560cf0,0x0000000087800000)
 Metaspace       used 11232K, capacity 11676K, committed 11904K, reserved 1058816K
  class space    used 1500K, capacity 1640K, committed 1664K, reserved 1048576K
}
Event: 12.922 GC heap before
{Heap before GC invocations=2 (full 0):
 PSYoungGen      total 37888K, used 37868K [0x00000000d6180000, 0x00000000d8b80000, 0x0000000100000000)
  eden space 32768K, 100% used [0x00000000d6180000,0x00000000d8180000,0x00000000d8180000)
  from space 5120K, 99% used [0x00000000d8180000,0x00000000d867b0a8,0x00000000d8680000)
  to   space 5120K, 0% used [0x00000000d8680000,0x00000000d8680000,0x00000000d8b80000)
 ParOldGen       total 86016K, used 1411K [0x0000000082400000, 0x0000000087800000, 0x00000000d6180000)
  object space 86016K, 1% used [0x0000000082400000,0x0000000082560cf0,0x0000000087800000)
 Metaspace       used 14172K, capacity 14504K, committed 14720K, reserved 1062912K
  class space    used 1944K, capacity 2064K, committed 2176K, reserved 1048576K
Event: 12.937 GC heap after
Heap after GC invocations=2 (full 0):
 PSYoungGen      total 37888K, used 5104K [0x00000000d6180000, 0x00000000d8b80000, 0x0000000100000000)
  eden space 32768K, 0% used [0x00000000d6180000,0x00000000d6180000,0x00000000d8180000)
  from space 5120K, 99% used [0x00000000d8680000,0x00000000d8b7c318,0x00000000d8b80000)
  to   space 5120K, 0% used [0x00000000d8180000,0x00000000d8180000,0x00000000d8680000)
 ParOldGen       total 86016K, used 2165K [0x0000000082400000, 0x0000000087800000, 0x00000000d6180000)
  object space 86016K, 2% used [0x0000000082400000,0x000000008261d7a8,0x0000000087800000)
 Metaspace       used 14172K, capacity 14504K, committed 14720K, reserved 1062912K
  class space    used 1944K, capacity 2064K, committed 2176K, reserved 1048576K
}

Deoptimization events (10 events):
Event: 11.775 Thread 0x0000000002f8d800 Uncommon trap: reason=unstable_if action=reinterpret pc=0x00000000033d3844 method=java.util.regex.Pattern$Start.match(Ljava/util/regex/Matcher;ILjava/lang/CharSequence;)Z @ 34
Event: 11.902 Thread 0x0000000002f8d800 Uncommon trap: reason=unstable_if action=reinterpret pc=0x000000000340dab0 method=java.util.HashMap.hash(Ljava/lang/Object;)I @ 1
Event: 11.902 Thread 0x0000000002f8d800 Uncommon trap: reason=unstable_if action=reinterpret pc=0x00000000033c30e8 method=java.util.HashMap.hash(Ljava/lang/Object;)I @ 1
Event: 12.108 Thread 0x0000000002f8d800 Uncommon trap: reason=range_check action=make_not_entrant pc=0x000000000336b020 method=sun.reflect.generics.parser.SignatureParser.current()C @ 34
Event: 12.208 Thread 0x0000000002f8d800 Uncommon trap: reason=unstable_if action=reinterpret pc=0x00000000033d89a4 method=java.util.concurrent.ConcurrentHashMap.get(Ljava/lang/Object;)Ljava/lang/Object; @ 76
Event: 12.216 Thread 0x0000000002f8d800 Uncommon trap: reason=bimorphic action=maybe_recompile pc=0x00000000033877e0 method=java.util.regex.Pattern$BmpCharProperty.match(Ljava/util/regex/Matcher;ILjava/lang/CharSequence;)Z @ 31
Event: 12.216 Thread 0x0000000002f8d800 Uncommon trap: reason=bimorphic action=maybe_recompile pc=0x00000000033877e0 method=java.util.regex.Pattern$BmpCharProperty.match(Ljava/util/regex/Matcher;ILjava/lang/CharSequence;)Z @ 31
Event: 12.216 Thread 0x0000000002f8d800 Uncommon trap: reason=bimorphic action=maybe_recompile pc=0x00000000033877e0 method=java.util.regex.Pattern$BmpCharProperty.match(Ljava/util/regex/Matcher;ILjava/lang/CharSequence;)Z @ 31
Event: 12.233 Thread 0x0000000002f8d800 Uncommon trap: reason=bimorphic action=maybe_recompile pc=0x00000000033877e0 method=java.util.regex.Pattern$BmpCharProperty.match(Ljava/util/regex/Matcher;ILjava/lang/CharSequence;)Z @ 31
Event: 12.423 Thread 0x0000000002f8d800 Uncommon trap: reason=unstable_if action=reinterpret pc=0x00000000034be6bc method=java.lang.CharacterDataLatin1.isWhitespace(I)Z @ 14

Internal exceptions (10 events):
Event: 1.281 Thread 0x0000000002f8d800 Exception <a 'java/io/FileNotFoundException'> (0x00000000d65e9c90) thrown at [C:\re\workspace\8-2-build-windows-amd64-cygwin\jdk8u131\8869\hotspot\src\share\vm\prims\jni.cpp, line 709]
Event: 7.633 Thread 0x0000000002f8d800 Exception <a 'sun/nio/fs/WindowsException'> (0x00000000d6db58e0) thrown at [C:\re\workspace\8-2-build-windows-amd64-cygwin\jdk8u131\8869\hotspot\src\share\vm\prims\jni.cpp, line 709]
Event: 7.635 Thread 0x0000000002f8d800 Exception <a 'sun/nio/fs/WindowsException'> (0x00000000d6db72f0) thrown at [C:\re\workspace\8-2-build-windows-amd64-cygwin\jdk8u131\8869\hotspot\src\share\vm\prims\jni.cpp, line 709]
Event: 7.647 Thread 0x0000000002f8d800 Exception <a 'sun/nio/fs/WindowsException'> (0x00000000d6df6480) thrown at [C:\re\workspace\8-2-build-windows-amd64-cygwin\jdk8u131\8869\hotspot\src\share\vm\prims\jni.cpp, line 709]
Event: 10.146 Thread 0x0000000002f8d800 Exception <a 'sun/nio/fs/WindowsException'> (0x00000000d70b3448) thrown at [C:\re\workspace\8-2-build-windows-amd64-cygwin\jdk8u131\8869\hotspot\src\share\vm\prims\jni.cpp, line 709]
Event: 11.902 Thread 0x0000000002f8d800 Implicit null exception at 0x000000000340da18 to 0x000000000340daa6
Event: 11.902 Thread 0x0000000002f8d800 Implicit null exception at 0x00000000033c306f to 0x00000000033c30d9
Event: 12.108 Thread 0x0000000002f8d800 Exception <a 'java/lang/ArrayIndexOutOfBoundsException': 18> (0x00000000d6d09e88) thrown at [C:\re\workspace\8-2-build-windows-amd64-cygwin\jdk8u131\8869\hotspot\src\share\vm\interpreter\interpreterRuntime.cpp, line 366]
Event: 12.108 Thread 0x0000000002f8d800 Exception <a 'java/lang/ArrayIndexOutOfBoundsException': 55> (0x00000000d6d0afc8) thrown at [C:\re\workspace\8-2-build-windows-amd64-cygwin\jdk8u131\8869\hotspot\src\share\vm\interpreter\interpreterRuntime.cpp, line 366]
Event: 12.109 Thread 0x0000000002f8d800 Exception <a 'java/lang/ArrayIndexOutOfBoundsException': 40> (0x00000000d6d0bf10) thrown at [C:\re\workspace\8-2-build-windows-amd64-cygwin\jdk8u131\8869\hotspot\src\share\vm\interpreter\interpreterRuntime.cpp, line 366]

Events (10 events):
Event: 13.393 loading class org/sonar/plugins/java/api/tree/ListTree
Event: 13.393 loading class org/sonar/plugins/java/api/tree/ListTree done
Event: 13.395 loading class org/sonar/plugins/java/api/tree/Tree$Kind
Event: 13.395 loading class org/sonar/plugins/java/api/tree/Tree$Kind done
Event: 13.396 loading class org/sonar/sslr/grammar/GrammarRuleKey
Event: 13.396 loading class org/sonar/sslr/grammar/GrammarRuleKey done
Event: 13.397 loading class com/sonar/sslr/api/AstNodeType
Event: 13.397 loading class com/sonar/sslr/api/AstNodeType done
Event: 13.397 loading class org/sonar/api/utils/WildcardPattern
Event: 13.397 loading class org/sonar/api/utils/WildcardPattern done


Dynamic libraries:
0x00007ff644230000 - 0x00007ff644267000 	C:\ProgramData\Oracle\Java\javapath\java.exe
0x00007ffdac460000 - 0x00007ffdac650000 	C:\WINDOWS\SYSTEM32\ntdll.dll
0x00007ffdab8c0000 - 0x00007ffdab972000 	C:\WINDOWS\System32\KERNEL32.DLL
0x00007ffdaa060000 - 0x00007ffdaa303000 	C:\WINDOWS\System32\KERNELBASE.dll
0x00007ffdac060000 - 0x00007ffdac103000 	C:\WINDOWS\System32\ADVAPI32.dll
0x00007ffdab820000 - 0x00007ffdab8be000 	C:\WINDOWS\System32\msvcrt.dll
0x00007ffdac380000 - 0x00007ffdac417000 	C:\WINDOWS\System32\sechost.dll
0x00007ffdac120000 - 0x00007ffdac240000 	C:\WINDOWS\System32\RPCRT4.dll
0x00007ffdaa690000 - 0x00007ffdaa824000 	C:\WINDOWS\System32\USER32.dll
0x00007ffdaa4e0000 - 0x00007ffdaa501000 	C:\WINDOWS\System32\win32u.dll
0x00007ffdaaf90000 - 0x00007ffdaafb6000 	C:\WINDOWS\System32\GDI32.dll
0x00007ffdaa310000 - 0x00007ffdaa4a4000 	C:\WINDOWS\System32\gdi32full.dll
0x00007ffda94a0000 - 0x00007ffda953e000 	C:\WINDOWS\System32\msvcp_win.dll
0x00007ffda9d40000 - 0x00007ffda9e3a000 	C:\WINDOWS\System32\ucrtbase.dll
0x00007ffd93530000 - 0x00007ffd937b5000 	C:\WINDOWS\WinSxS\amd64_microsoft.windows.common-controls_6595b64144ccf1df_6.0.18362.778_none_e6c6b761130d4fb8\COMCTL32.dll
0x00007ffdaba50000 - 0x00007ffdabd86000 	C:\WINDOWS\System32\combase.dll
0x00007ffda9540000 - 0x00007ffda95c0000 	C:\WINDOWS\System32\bcryptPrimitives.dll
0x00007ffdaae80000 - 0x00007ffdaaeae000 	C:\WINDOWS\System32\IMM32.DLL
0x000000006ea20000 - 0x000000006eaf2000 	C:\Program Files\Java\jre1.8.0_131\bin\msvcr100.dll
0x000000006e180000 - 0x000000006ea1c000 	C:\Program Files\Java\jre1.8.0_131\bin\server\jvm.dll
0x00007ffdaa570000 - 0x00007ffdaa578000 	C:\WINDOWS\System32\PSAPI.DLL
0x00007ffd95140000 - 0x00007ffd95149000 	C:\WINDOWS\SYSTEM32\WSOCK32.dll
0x00007ffdaaeb0000 - 0x00007ffdaaf1f000 	C:\WINDOWS\System32\WS2_32.dll
0x00007ffda48a0000 - 0x00007ffda48c4000 	C:\WINDOWS\SYSTEM32\WINMM.dll
0x00007ffd9e610000 - 0x00007ffd9e61a000 	C:\WINDOWS\SYSTEM32\VERSION.dll
0x00007ffda4870000 - 0x00007ffda489d000 	C:\WINDOWS\SYSTEM32\WINMMBASE.dll
0x00007ffda93f0000 - 0x00007ffda943a000 	C:\WINDOWS\System32\cfgmgr32.dll
0x000000006e170000 - 0x000000006e17f000 	C:\Program Files\Java\jre1.8.0_131\bin\verify.dll
0x000000006e140000 - 0x000000006e169000 	C:\Program Files\Java\jre1.8.0_131\bin\java.dll
0x000000006e120000 - 0x000000006e136000 	C:\Program Files\Java\jre1.8.0_131\bin\zip.dll
0x00007ffdab130000 - 0x00007ffdab815000 	C:\WINDOWS\System32\SHELL32.dll
0x00007ffdabda0000 - 0x00007ffdabe49000 	C:\WINDOWS\System32\shcore.dll
0x00007ffda95c0000 - 0x00007ffda9d40000 	C:\WINDOWS\System32\windows.storage.dll
0x00007ffda93c0000 - 0x00007ffda93e3000 	C:\WINDOWS\System32\profapi.dll
0x00007ffda9370000 - 0x00007ffda93ba000 	C:\WINDOWS\System32\powrprof.dll
0x00007ffda9320000 - 0x00007ffda9330000 	C:\WINDOWS\System32\UMPDC.dll
0x00007ffdac000000 - 0x00007ffdac052000 	C:\WINDOWS\System32\shlwapi.dll
0x00007ffda9350000 - 0x00007ffda9361000 	C:\WINDOWS\System32\kernel.appcore.dll
0x00007ffda9ef0000 - 0x00007ffda9f07000 	C:\WINDOWS\System32\cryptsp.dll
0x000000006e100000 - 0x000000006e11a000 	C:\Program Files\Java\jre1.8.0_131\bin\net.dll
0x00007ffda8b90000 - 0x00007ffda8bf7000 	C:\WINDOWS\system32\mswsock.dll
0x000000006e0e0000 - 0x000000006e0f1000 	C:\Program Files\Java\jre1.8.0_131\bin\nio.dll
0x00007ffda8700000 - 0x00007ffda8733000 	C:\WINDOWS\system32\rsaenh.dll
0x00007ffdaa4b0000 - 0x00007ffdaa4d6000 	C:\WINDOWS\System32\bcrypt.dll
0x00007ffda9210000 - 0x00007ffda9235000 	C:\WINDOWS\SYSTEM32\USERENV.dll
0x00007ffda8d60000 - 0x00007ffda8d6c000 	C:\WINDOWS\SYSTEM32\CRYPTBASE.dll
0x00007ffda88a0000 - 0x00007ffda88da000 	C:\WINDOWS\SYSTEM32\IPHLPAPI.DLL
0x00007ffdac110000 - 0x00007ffdac118000 	C:\WINDOWS\System32\NSI.dll
0x00007ffd9aaa0000 - 0x00007ffd9aab6000 	C:\WINDOWS\SYSTEM32\dhcpcsvc6.DLL
0x00007ffd9b2f0000 - 0x00007ffd9b30c000 	C:\WINDOWS\SYSTEM32\dhcpcsvc.DLL
0x00007ffda88e0000 - 0x00007ffda89aa000 	C:\WINDOWS\SYSTEM32\DNSAPI.dll

VM Arguments:
jvm_args: -Djava.awt.headless=true -Dsonarlint.home=c:\Users\96328\.vscode\extensions\silverbulleters.sonarqube-inject-2.1.0\tools\sonarlint-cli\bin\.. -Dproject.home=e:\demo\my-quill -Dorg.freemarker.loggerLibrary=none 
java_command: org.sonarlint.cli.Main --reportType console --src src/components/quillModule/Divider.js --charset UTF-8
java_class_path (initial): c:\Users\96328\.vscode\extensions\silverbulleters.sonarqube-inject-2.1.0\tools\sonarlint-cli\bin\..\lib\sonarlint-cli-2.1-SNAPSHOT.jar
Launcher Type: SUN_STANDARD

Environment Variables:
PATH=C:\ProgramData\Oracle\Java\javapath;D:\xshell\;C:\Program Files (x86)\Intel\Intel(R) Management Engine Components\iCLS\;C:\Program Files\Intel\Intel(R) Management Engine Components\iCLS\;C:\WINDOWS\system32;C:\WINDOWS;C:\WINDOWS\System32\Wbem;C:\WINDOWS\System32\WindowsPowerShell\v1.0\;C:\WINDOWS\System32\OpenSSH\;C:\Program Files (x86)\Intel\Intel(R) Management Engine Components\DAL;C:\Program Files\Intel\Intel(R) Management Engine Components\DAL;C:\Program Files (x86)\Intel\Intel(R) Management Engine Components\IPT;C:\Program Files\Intel\Intel(R) Management Engine Components\IPT;C:\Program Files\nodejs\;D:\svn\bin;D:\Git\cmd;C:\Ruby26-x64\bin;C:\Users\96328\AppData\Local\Programs\Python\Python37\Scripts\;C:\Users\96328\AppData\Local\Programs\Python\Python37\;C:\Users\96328\AppData\Local\Microsoft\WindowsApps;C:\Users\96328\AppData\Roaming\npm;D:\Microsoft VS Code\bin;D:\IntelliJ IDEA 2019.2\bin;C:\Users\96328\AppData\Local\BypassRuntm
USERNAME=96328
OS=Windows_NT
PROCESSOR_IDENTIFIER=Intel64 Family 6 Model 78 Stepping 3, GenuineIntel



---------------  S Y S T E M  ---------------

OS: Windows 10.0 , 64 bit Build 18362 (10.0.18362.778)

CPU:total 4 (initial active 4) (2 cores per cpu, 2 threads per core) family 6 model 78 stepping 3, cmov, cx8, fxsr, mmx, sse, sse2, sse3, ssse3, sse4.1, sse4.2, popcnt, avx, avx2, aes, clmul, erms, rtm, 3dnowpref, lzcnt, ht, tsc, tscinvbit, bmi1, bmi2, adx

Memory: 4k page, physical 8239856k(579396k free), swap 15579888k(8040k free)

vm_info: Java HotSpot(TM) 64-Bit Server VM (25.131-b11) for windows-amd64 JRE (1.8.0_131-b11), built on Mar 15 2017 01:23:53 by "java_re" with MS VC++ 10.0 (VS2010)

time: Mon Apr 27 18:00:08 2020
elapsed time: 13 seconds (0d 0h 0m 13s)

