#
# There is insufficient memory for the Java Runtime Environment to continue.
# Native memory allocation (malloc) failed to allocate 1092576 bytes for Chunk::new
# Possible reasons:
#   The system is out of physical RAM or swap space
#   In 32 bit mode, the process size limit was hit
# Possible solutions:
#   Reduce memory load on the system
#   Increase physical memory or swap space
#   Check if swap backing store is full
#   Use 64 bit Java on a 64 bit OS
#   Decrease Java heap size (-Xmx/-Xms)
#   Decrease number of Java threads
#   Decrease Java thread stack sizes (-Xss)
#   Set larger code cache with -XX:ReservedCodeCacheSize=
# This output file may be truncated or incomplete.
#
#  Out of Memory Error (allocation.cpp:390), pid=28132, tid=0x0000000000006330
#
# JRE version: Java(TM) SE Runtime Environment (8.0_131-b11) (build 1.8.0_131-b11)
# Java VM: Java HotSpot(TM) 64-Bit Server VM (25.131-b11 mixed mode windows-amd64 compressed oops)
# Failed to write core dump. Minidumps are not enabled by default on client versions of Windows
#

---------------  T H R E A D  ---------------

Current thread (0x00000000172b9000):  JavaThread "C2 CompilerThread0" daemon [_thread_in_native, id=25392, stack(0x0000000018c50000,0x0000000018d50000)]

Stack: [0x0000000018c50000,0x0000000018d50000]
[error occurred during error reporting (printing stack bounds), id 0xc0000005]

Native frames: (J=compiled Java code, j=interpreted, Vv=VM code, C=native code)


Current CompileTask:
C2:   9582 1487   !   4       org.sonar.classloader.DefaultClassloaderRef::loadClassIfPresent (23 bytes)


---------------  P R O C E S S  ---------------

Java Threads: ( => current thread )
  0x00000000186b1000 JavaThread "Service Thread" daemon [_thread_blocked, id=19832, stack(0x0000000018f50000,0x0000000019050000)]
  0x00000000186ae000 JavaThread "C1 CompilerThread2" daemon [_thread_blocked, id=22156, stack(0x0000000018e50000,0x0000000018f50000)]
  0x00000000172fe000 JavaThread "C2 CompilerThread1" daemon [_thread_in_native, id=29516, stack(0x0000000018d50000,0x0000000018e50000)]
=>0x00000000172b9000 JavaThread "C2 CompilerThread0" daemon [_thread_in_native, id=25392, stack(0x0000000018c50000,0x0000000018d50000)]
  0x00000000172b8000 JavaThread "Attach Listener" daemon [_thread_blocked, id=25768, stack(0x0000000018b50000,0x0000000018c50000)]
  0x0000000018693800 JavaThread "Signal Dispatcher" daemon [_thread_blocked, id=20900, stack(0x0000000018a50000,0x0000000018b50000)]
  0x000000001728a800 JavaThread "Finalizer" daemon [_thread_blocked, id=17944, stack(0x00000000184f0000,0x00000000185f0000)]
  0x00000000027d0000 JavaThread "Reference Handler" daemon [_thread_blocked, id=19776, stack(0x00000000183f0000,0x00000000184f0000)]
  0x000000000071d800 JavaThread "main" [_thread_in_vm, id=26840, stack(0x0000000002260000,0x0000000002360000)]

Other Threads:
  0x0000000017268000 VMThread [stack: 0x00000000182f0000,0x00000000183f0000] [id=28616]
  0x0000000018701000 WatcherThread [stack: 0x0000000019050000,0x0000000019150000] [id=29544]

VM state:not at safepoint (normal execution)

VM Mutex/Monitor currently owned by a thread: None

Heap:
 PSYoungGen      total 37888K, used 20935K [0x00000000d6180000, 0x00000000d8b80000, 0x0000000100000000)
  eden space 32768K, 48% used [0x00000000d6180000,0x00000000d70f7fc0,0x00000000d8180000)
  from space 5120K, 99% used [0x00000000d8680000,0x00000000d8b79f50,0x00000000d8b80000)
  to   space 5120K, 0% used [0x00000000d8180000,0x00000000d8180000,0x00000000d8680000)
 ParOldGen       total 86016K, used 2156K [0x0000000082400000, 0x0000000087800000, 0x00000000d6180000)
  object space 86016K, 2% used [0x0000000082400000,0x000000008261b320,0x0000000087800000)
 Metaspace       used 16094K, capacity 16462K, committed 16768K, reserved 1062912K
  class space    used 2293K, capacity 2417K, committed 2432K, reserved 1048576K

Card table byte_map: [0x0000000011ba0000,0x0000000011f90000] byte_map_base: 0x000000001178e000

Marking Bits: (ParMarkBitMap*) 0x000000006e99c720
 Begin Bits: [0x0000000012630000, 0x00000000145a0000)
 End Bits:   [0x00000000145a0000, 0x0000000016510000)

Polling page: 0x00000000003f0000

CodeCache: size=245760Kb used=5405Kb max_used=5405Kb free=240354Kb
 bounds [0x00000000027e0000, 0x0000000002d30000, 0x00000000117e0000]
 total_blobs=1847 nmethods=1495 adapters=264
 compilation: enabled

Compilation events (10 events):
Event: 9.547 Thread 0x00000000186ae000 1494       3       java.lang.Class$MethodArray::add (72 bytes)
Event: 9.548 Thread 0x00000000186ae000 nmethod 1494 0x0000000002d24350 code [0x0000000002d24500, 0x0000000002d24e38]
Event: 9.551 Thread 0x00000000186ae000 1496       3       java.util.Collections::emptySet (4 bytes)
Event: 9.551 Thread 0x00000000186ae000 nmethod 1496 0x0000000002d15b90 code [0x0000000002d15ce0, 0x0000000002d15e10]
Event: 9.551 Thread 0x00000000186ae000 1497       3       org.sonar.api.utils.FieldUtils2::getFields (134 bytes)
Event: 9.552 Thread 0x00000000186ae000 nmethod 1497 0x0000000002d1eed0 code [0x0000000002d1f240, 0x0000000002d20b08]
Event: 9.552 Thread 0x00000000186ae000 1498       3       java.util.Collections$EmptySet::iterator (4 bytes)
Event: 9.553 Thread 0x00000000186ae000 nmethod 1498 0x0000000002d1eb10 code [0x0000000002d1ec80, 0x0000000002d1ee30]
Event: 9.557 Thread 0x00000000186ae000 1499       3       java.util.Collections$EmptyMap::entrySet (4 bytes)
Event: 9.558 Thread 0x00000000186ae000 nmethod 1499 0x0000000002d1e750 code [0x0000000002d1e8c0, 0x0000000002d1ea70]

GC Heap History (4 events):
Event: 8.336 GC heap before
{Heap before GC invocations=1 (full 0):
 PSYoungGen      total 37888K, used 32768K [0x00000000d6180000, 0x00000000d8b80000, 0x0000000100000000)
  eden space 32768K, 100% used [0x00000000d6180000,0x00000000d8180000,0x00000000d8180000)
  from space 5120K, 0% used [0x00000000d8680000,0x00000000d8680000,0x00000000d8b80000)
  to   space 5120K, 0% used [0x00000000d8180000,0x00000000d8180000,0x00000000d8680000)
 ParOldGen       total 86016K, used 0K [0x0000000082400000, 0x0000000087800000, 0x00000000d6180000)
  object space 86016K, 0% used [0x0000000082400000,0x0000000082400000,0x0000000087800000)
 Metaspace       used 11228K, capacity 11676K, committed 11904K, reserved 1058816K
  class space    used 1496K, capacity 1640K, committed 1664K, reserved 1048576K
Event: 8.345 GC heap after
Heap after GC invocations=1 (full 0):
 PSYoungGen      total 37888K, used 5118K [0x00000000d6180000, 0x00000000d8b80000, 0x0000000100000000)
  eden space 32768K, 0% used [0x00000000d6180000,0x00000000d6180000,0x00000000d8180000)
  from space 5120K, 99% used [0x00000000d8180000,0x00000000d867f978,0x00000000d8680000)
  to   space 5120K, 0% used [0x00000000d8680000,0x00000000d8680000,0x00000000d8b80000)
 ParOldGen       total 86016K, used 1394K [0x0000000082400000, 0x0000000087800000, 0x00000000d6180000)
  object space 86016K, 1% used [0x0000000082400000,0x000000008255c9f0,0x0000000087800000)
 Metaspace       used 11228K, capacity 11676K, committed 11904K, reserved 1058816K
  class space    used 1496K, capacity 1640K, committed 1664K, reserved 1048576K
}
Event: 9.191 GC heap before
{Heap before GC invocations=2 (full 0):
 PSYoungGen      total 37888K, used 37886K [0x00000000d6180000, 0x00000000d8b80000, 0x0000000100000000)
  eden space 32768K, 100% used [0x00000000d6180000,0x00000000d8180000,0x00000000d8180000)
  from space 5120K, 99% used [0x00000000d8180000,0x00000000d867f978,0x00000000d8680000)
  to   space 5120K, 0% used [0x00000000d8680000,0x00000000d8680000,0x00000000d8b80000)
 ParOldGen       total 86016K, used 1394K [0x0000000082400000, 0x0000000087800000, 0x00000000d6180000)
  object space 86016K, 1% used [0x0000000082400000,0x000000008255c9f0,0x0000000087800000)
 Metaspace       used 14175K, capacity 14504K, committed 14720K, reserved 1062912K
  class space    used 1944K, capacity 2064K, committed 2176K, reserved 1048576K
Event: 9.199 GC heap after
Heap after GC invocations=2 (full 0):
 PSYoungGen      total 37888K, used 5095K [0x00000000d6180000, 0x00000000d8b80000, 0x0000000100000000)
  eden space 32768K, 0% used [0x00000000d6180000,0x00000000d6180000,0x00000000d8180000)
  from space 5120K, 99% used [0x00000000d8680000,0x00000000d8b79f50,0x00000000d8b80000)
  to   space 5120K, 0% used [0x00000000d8180000,0x00000000d8180000,0x00000000d8680000)
 ParOldGen       total 86016K, used 2156K [0x0000000082400000, 0x0000000087800000, 0x00000000d6180000)
  object space 86016K, 2% used [0x0000000082400000,0x000000008261b320,0x0000000087800000)
 Metaspace       used 14175K, capacity 14504K, committed 14720K, reserved 1062912K
  class space    used 1944K, capacity 2064K, committed 2176K, reserved 1048576K
}

Deoptimization events (10 events):
Event: 8.517 Thread 0x000000000071d800 Uncommon trap: reason=unstable_if action=reinterpret pc=0x0000000002ac96a8 method=java.util.HashMap.hash(Ljava/lang/Object;)I @ 1
Event: 8.633 Thread 0x000000000071d800 Uncommon trap: reason=range_check action=make_not_entrant pc=0x0000000002aaeda0 method=sun.reflect.generics.parser.SignatureParser.current()C @ 34
Event: 8.728 Thread 0x000000000071d800 Uncommon trap: reason=unstable_if action=reinterpret pc=0x0000000002b2ef24 method=java.util.concurrent.ConcurrentHashMap.get(Ljava/lang/Object;)Ljava/lang/Object; @ 76
Event: 8.753 Thread 0x000000000071d800 Uncommon trap: reason=bimorphic action=maybe_recompile pc=0x0000000002ae5ce0 method=java.util.regex.Pattern$BmpCharProperty.match(Ljava/util/regex/Matcher;ILjava/lang/CharSequence;)Z @ 31
Event: 8.753 Thread 0x000000000071d800 Uncommon trap: reason=bimorphic action=maybe_recompile pc=0x0000000002ae5ce0 method=java.util.regex.Pattern$BmpCharProperty.match(Ljava/util/regex/Matcher;ILjava/lang/CharSequence;)Z @ 31
Event: 8.753 Thread 0x000000000071d800 Uncommon trap: reason=bimorphic action=maybe_recompile pc=0x0000000002ae5ce0 method=java.util.regex.Pattern$BmpCharProperty.match(Ljava/util/regex/Matcher;ILjava/lang/CharSequence;)Z @ 31
Event: 8.755 Thread 0x000000000071d800 Uncommon trap: reason=bimorphic action=maybe_recompile pc=0x0000000002ae5ce0 method=java.util.regex.Pattern$BmpCharProperty.match(Ljava/util/regex/Matcher;ILjava/lang/CharSequence;)Z @ 31
Event: 8.849 Thread 0x000000000071d800 Uncommon trap: reason=bimorphic action=maybe_recompile pc=0x0000000002c0aabc method=java.util.regex.Pattern$Curly.match(Ljava/util/regex/Matcher;ILjava/lang/CharSequence;)Z @ 19
Event: 8.849 Thread 0x000000000071d800 Uncommon trap: reason=unstable_if action=reinterpret pc=0x0000000002c0afd8 method=java.util.regex.Pattern$Curly.match(Ljava/util/regex/Matcher;ILjava/lang/CharSequence;)Z @ 45
Event: 8.927 Thread 0x000000000071d800 Uncommon trap: reason=unstable_if action=reinterpret pc=0x0000000002c011fc method=java.lang.CharacterDataLatin1.isWhitespace(I)Z @ 14

Internal exceptions (10 events):
Event: 0.941 Thread 0x000000000071d800 Exception <a 'java/security/PrivilegedActionException'> (0x00000000d65587f8) thrown at [C:\re\workspace\8-2-build-windows-amd64-cygwin\jdk8u131\8869\hotspot\src\share\vm\prims\jvm.cpp, line 1390]
Event: 0.941 Thread 0x000000000071d800 Exception <a 'java/security/PrivilegedActionException'> (0x00000000d6558a08) thrown at [C:\re\workspace\8-2-build-windows-amd64-cygwin\jdk8u131\8869\hotspot\src\share\vm\prims\jvm.cpp, line 1390]
Event: 1.035 Thread 0x000000000071d800 Exception <a 'java/io/FileNotFoundException'> (0x00000000d65e9b60) thrown at [C:\re\workspace\8-2-build-windows-amd64-cygwin\jdk8u131\8869\hotspot\src\share\vm\prims\jni.cpp, line 709]
Event: 5.223 Thread 0x000000000071d800 Exception <a 'sun/nio/fs/WindowsException'> (0x00000000d6dbb2a8) thrown at [C:\re\workspace\8-2-build-windows-amd64-cygwin\jdk8u131\8869\hotspot\src\share\vm\prims\jni.cpp, line 709]
Event: 5.225 Thread 0x000000000071d800 Exception <a 'sun/nio/fs/WindowsException'> (0x00000000d6dbccb8) thrown at [C:\re\workspace\8-2-build-windows-amd64-cygwin\jdk8u131\8869\hotspot\src\share\vm\prims\jni.cpp, line 709]
Event: 5.256 Thread 0x000000000071d800 Exception <a 'sun/nio/fs/WindowsException'> (0x00000000d6dfbe48) thrown at [C:\re\workspace\8-2-build-windows-amd64-cygwin\jdk8u131\8869\hotspot\src\share\vm\prims\jni.cpp, line 709]
Event: 7.676 Thread 0x000000000071d800 Exception <a 'sun/nio/fs/WindowsException'> (0x00000000d70c65c0) thrown at [C:\re\workspace\8-2-build-windows-amd64-cygwin\jdk8u131\8869\hotspot\src\share\vm\prims\jni.cpp, line 709]
Event: 8.517 Thread 0x000000000071d800 Implicit null exception at 0x0000000002b67418 to 0x0000000002b674a6
Event: 8.517 Thread 0x000000000071d800 Implicit null exception at 0x0000000002ac962f to 0x0000000002ac9699
Event: 8.633 Thread 0x000000000071d800 Exception <a 'java/lang/ArrayIndexOutOfBoundsException': 18> (0x00000000d6d1c4e0) thrown at [C:\re\workspace\8-2-build-windows-amd64-cygwin\jdk8u131\8869\hotspot\src\share\vm\interpreter\interpreterRuntime.cpp, line 366]

Events (10 events):
Event: 9.554 loading class org/sonar/java/ast/visitors/PublicApiChecker
Event: 9.554 loading class org/sonar/java/ast/visitors/PublicApiChecker done
Event: 9.555 loading class org/sonar/java/checks/CommentContainsPatternChecker
Event: 9.555 loading class org/sonar/java/checks/CommentContainsPatternChecker done
Event: 9.556 loading class org/sonar/squidbridge/recognizer/LanguageFootprint
Event: 9.556 loading class org/sonar/squidbridge/recognizer/LanguageFootprint done
Event: 9.556 loading class org/sonar/squidbridge/recognizer/CodeRecognizer
Event: 9.556 loading class org/sonar/squidbridge/recognizer/CodeRecognizer done
Event: 9.561 loading class org/sonar/plugins/java/api/semantic/Symbol
Event: 9.561 loading class org/sonar/plugins/java/api/semantic/Symbol done


Dynamic libraries:
0x00007ff7f4920000 - 0x00007ff7f4957000 	C:\ProgramData\Oracle\Java\javapath\java.exe
0x00007ffdac460000 - 0x00007ffdac650000 	C:\WINDOWS\SYSTEM32\ntdll.dll
0x00007ffdab8c0000 - 0x00007ffdab972000 	C:\WINDOWS\System32\KERNEL32.DLL
0x00007ffdaa060000 - 0x00007ffdaa303000 	C:\WINDOWS\System32\KERNELBASE.dll
0x00007ffdac060000 - 0x00007ffdac103000 	C:\WINDOWS\System32\ADVAPI32.dll
0x00007ffdab820000 - 0x00007ffdab8be000 	C:\WINDOWS\System32\msvcrt.dll
0x00007ffdac380000 - 0x00007ffdac417000 	C:\WINDOWS\System32\sechost.dll
0x00007ffdac120000 - 0x00007ffdac240000 	C:\WINDOWS\System32\RPCRT4.dll
0x00007ffdaa690000 - 0x00007ffdaa824000 	C:\WINDOWS\System32\USER32.dll
0x00007ffdaa4e0000 - 0x00007ffdaa501000 	C:\WINDOWS\System32\win32u.dll
0x00007ffdaaf90000 - 0x00007ffdaafb6000 	C:\WINDOWS\System32\GDI32.dll
0x00007ffdaa310000 - 0x00007ffdaa4a4000 	C:\WINDOWS\System32\gdi32full.dll
0x00007ffda94a0000 - 0x00007ffda953e000 	C:\WINDOWS\System32\msvcp_win.dll
0x00007ffda9d40000 - 0x00007ffda9e3a000 	C:\WINDOWS\System32\ucrtbase.dll
0x00007ffd93530000 - 0x00007ffd937b5000 	C:\WINDOWS\WinSxS\amd64_microsoft.windows.common-controls_6595b64144ccf1df_6.0.18362.778_none_e6c6b761130d4fb8\COMCTL32.dll
0x00007ffdaba50000 - 0x00007ffdabd86000 	C:\WINDOWS\System32\combase.dll
0x00007ffda9540000 - 0x00007ffda95c0000 	C:\WINDOWS\System32\bcryptPrimitives.dll
0x00007ffdaae80000 - 0x00007ffdaaeae000 	C:\WINDOWS\System32\IMM32.DLL
0x000000006ea20000 - 0x000000006eaf2000 	C:\Program Files\Java\jre1.8.0_131\bin\msvcr100.dll
0x000000006e180000 - 0x000000006ea1c000 	C:\Program Files\Java\jre1.8.0_131\bin\server\jvm.dll
0x00007ffdaa570000 - 0x00007ffdaa578000 	C:\WINDOWS\System32\PSAPI.DLL
0x00007ffd95140000 - 0x00007ffd95149000 	C:\WINDOWS\SYSTEM32\WSOCK32.dll
0x00007ffdaaeb0000 - 0x00007ffdaaf1f000 	C:\WINDOWS\System32\WS2_32.dll
0x00007ffda48a0000 - 0x00007ffda48c4000 	C:\WINDOWS\SYSTEM32\WINMM.dll
0x00007ffd9e610000 - 0x00007ffd9e61a000 	C:\WINDOWS\SYSTEM32\VERSION.dll
0x00007ffda4870000 - 0x00007ffda489d000 	C:\WINDOWS\SYSTEM32\WINMMBASE.dll
0x00007ffda93f0000 - 0x00007ffda943a000 	C:\WINDOWS\System32\cfgmgr32.dll
0x000000006e170000 - 0x000000006e17f000 	C:\Program Files\Java\jre1.8.0_131\bin\verify.dll
0x000000006e140000 - 0x000000006e169000 	C:\Program Files\Java\jre1.8.0_131\bin\java.dll
0x000000006e120000 - 0x000000006e136000 	C:\Program Files\Java\jre1.8.0_131\bin\zip.dll
0x00007ffdab130000 - 0x00007ffdab815000 	C:\WINDOWS\System32\SHELL32.dll
0x00007ffdabda0000 - 0x00007ffdabe49000 	C:\WINDOWS\System32\shcore.dll
0x00007ffda95c0000 - 0x00007ffda9d40000 	C:\WINDOWS\System32\windows.storage.dll
0x00007ffda93c0000 - 0x00007ffda93e3000 	C:\WINDOWS\System32\profapi.dll
0x00007ffda9370000 - 0x00007ffda93ba000 	C:\WINDOWS\System32\powrprof.dll
0x00007ffda9320000 - 0x00007ffda9330000 	C:\WINDOWS\System32\UMPDC.dll
0x00007ffdac000000 - 0x00007ffdac052000 	C:\WINDOWS\System32\shlwapi.dll
0x00007ffda9350000 - 0x00007ffda9361000 	C:\WINDOWS\System32\kernel.appcore.dll
0x00007ffda9ef0000 - 0x00007ffda9f07000 	C:\WINDOWS\System32\cryptsp.dll
0x000000006e100000 - 0x000000006e11a000 	C:\Program Files\Java\jre1.8.0_131\bin\net.dll
0x00007ffda8b90000 - 0x00007ffda8bf7000 	C:\WINDOWS\system32\mswsock.dll
0x000000006e0e0000 - 0x000000006e0f1000 	C:\Program Files\Java\jre1.8.0_131\bin\nio.dll
0x00007ffda8700000 - 0x00007ffda8733000 	C:\WINDOWS\system32\rsaenh.dll
0x00007ffdaa4b0000 - 0x00007ffdaa4d6000 	C:\WINDOWS\System32\bcrypt.dll
0x00007ffda9210000 - 0x00007ffda9235000 	C:\WINDOWS\SYSTEM32\USERENV.dll
0x00007ffda8d60000 - 0x00007ffda8d6c000 	C:\WINDOWS\SYSTEM32\CRYPTBASE.dll
0x00007ffda88a0000 - 0x00007ffda88da000 	C:\WINDOWS\SYSTEM32\IPHLPAPI.DLL
0x00007ffdac110000 - 0x00007ffdac118000 	C:\WINDOWS\System32\NSI.dll
0x00007ffd9aaa0000 - 0x00007ffd9aab6000 	C:\WINDOWS\SYSTEM32\dhcpcsvc6.DLL
0x00007ffd9b2f0000 - 0x00007ffd9b30c000 	C:\WINDOWS\SYSTEM32\dhcpcsvc.DLL
0x00007ffda88e0000 - 0x00007ffda89aa000 	C:\WINDOWS\SYSTEM32\DNSAPI.dll

VM Arguments:
jvm_args: -Djava.awt.headless=true -Dsonarlint.home=c:\Users\96328\.vscode\extensions\silverbulleters.sonarqube-inject-2.1.0\tools\sonarlint-cli\bin\.. -Dproject.home=e:\demo\my-quill -Dorg.freemarker.loggerLibrary=none 
java_command: org.sonarlint.cli.Main --reportType console --src public/index.html --charset UTF-8
java_class_path (initial): c:\Users\96328\.vscode\extensions\silverbulleters.sonarqube-inject-2.1.0\tools\sonarlint-cli\bin\..\lib\sonarlint-cli-2.1-SNAPSHOT.jar
Launcher Type: SUN_STANDARD

Environment Variables:
PATH=C:\ProgramData\Oracle\Java\javapath;D:\xshell\;C:\Program Files (x86)\Intel\Intel(R) Management Engine Components\iCLS\;C:\Program Files\Intel\Intel(R) Management Engine Components\iCLS\;C:\WINDOWS\system32;C:\WINDOWS;C:\WINDOWS\System32\Wbem;C:\WINDOWS\System32\WindowsPowerShell\v1.0\;C:\WINDOWS\System32\OpenSSH\;C:\Program Files (x86)\Intel\Intel(R) Management Engine Components\DAL;C:\Program Files\Intel\Intel(R) Management Engine Components\DAL;C:\Program Files (x86)\Intel\Intel(R) Management Engine Components\IPT;C:\Program Files\Intel\Intel(R) Management Engine Components\IPT;C:\Program Files\nodejs\;D:\svn\bin;D:\Git\cmd;C:\Ruby26-x64\bin;C:\Users\96328\AppData\Local\Programs\Python\Python37\Scripts\;C:\Users\96328\AppData\Local\Programs\Python\Python37\;C:\Users\96328\AppData\Local\Microsoft\WindowsApps;C:\Users\96328\AppData\Roaming\npm;D:\Microsoft VS Code\bin;D:\IntelliJ IDEA 2019.2\bin;C:\Users\96328\AppData\Local\BypassRuntm
USERNAME=96328
OS=Windows_NT
PROCESSOR_IDENTIFIER=Intel64 Family 6 Model 78 Stepping 3, GenuineIntel



---------------  S Y S T E M  ---------------

OS: Windows 10.0 , 64 bit Build 18362 (10.0.18362.778)

CPU:total 4 (initial active 4) (2 cores per cpu, 2 threads per core) family 6 model 78 stepping 3, cmov, cx8, fxsr, mmx, sse, sse2, sse3, ssse3, sse4.1, sse4.2, popcnt, avx, avx2, aes, clmul, erms, rtm, 3dnowpref, lzcnt, ht, tsc, tscinvbit, bmi1, bmi2, adx

Memory: 4k page, physical 8239856k(712544k free), swap 15579888k(7752k free)

vm_info: Java HotSpot(TM) 64-Bit Server VM (25.131-b11) for windows-amd64 JRE (1.8.0_131-b11), built on Mar 15 2017 01:23:53 by "java_re" with MS VC++ 10.0 (VS2010)

time: Tue Apr 28 10:25:33 2020
elapsed time: 9 seconds (0d 0h 0m 9s)

