#
# There is insufficient memory for the Java Runtime Environment to continue.
# Native memory allocation (malloc) failed to allocate 2132656 bytes for Chunk::new
# Possible reasons:
#   The system is out of physical RAM or swap space
#   In 32 bit mode, the process size limit was hit
# Possible solutions:
#   Reduce memory load on the system
#   Increase physical memory or swap space
#   Check if swap backing store is full
#   Use 64 bit Java on a 64 bit OS
#   Decrease Java heap size (-Xmx/-Xms)
#   Decrease number of Java threads
#   Decrease Java thread stack sizes (-Xss)
#   Set larger code cache with -XX:ReservedCodeCacheSize=
# This output file may be truncated or incomplete.
#
#  Out of Memory Error (allocation.cpp:390), pid=25716, tid=0x0000000000006eac
#
# JRE version: Java(TM) SE Runtime Environment (8.0_131-b11) (build 1.8.0_131-b11)
# Java VM: Java HotSpot(TM) 64-Bit Server VM (25.131-b11 mixed mode windows-amd64 compressed oops)
# Failed to write core dump. Minidumps are not enabled by default on client versions of Windows
#

---------------  T H R E A D  ---------------

Current thread (0x000000001806b800):  JavaThread "C2 CompilerThread0" daemon [_thread_in_native, id=28332, stack(0x00000000195d0000,0x00000000196d0000)]

Stack: [0x00000000195d0000,0x00000000196d0000]
[error occurred during error reporting (printing stack bounds), id 0xc0000005]

Native frames: (J=compiled Java code, j=interpreted, Vv=VM code, C=native code)


Current CompileTask:
C2:   8154 1459   !   4       org.sonar.classloader.DefaultClassloaderRef::loadClassIfPresent (23 bytes)


---------------  P R O C E S S  ---------------

Java Threads: ( => current thread )
  0x0000000019732800 JavaThread "Service Thread" daemon [_thread_blocked, id=19356, stack(0x0000000019cd0000,0x0000000019dd0000)]
  0x000000001972a000 JavaThread "C1 CompilerThread2" daemon [_thread_in_vm, id=12844, stack(0x0000000019bd0000,0x0000000019cd0000)]
  0x00000000196d0800 JavaThread "C2 CompilerThread1" daemon [_thread_in_native, id=24512, stack(0x0000000019ad0000,0x0000000019bd0000)]
=>0x000000001806b800 JavaThread "C2 CompilerThread0" daemon [_thread_in_native, id=28332, stack(0x00000000195d0000,0x00000000196d0000)]
  0x000000001806a800 JavaThread "Attach Listener" daemon [_thread_blocked, id=28216, stack(0x00000000194d0000,0x00000000195d0000)]
  0x000000001800c000 JavaThread "Signal Dispatcher" daemon [_thread_blocked, id=27676, stack(0x00000000193d0000,0x00000000194d0000)]
  0x0000000017ffa800 JavaThread "Finalizer" daemon [_thread_blocked, id=11448, stack(0x0000000019270000,0x0000000019370000)]
  0x0000000017fd9000 JavaThread "Reference Handler" daemon [_thread_blocked, id=26668, stack(0x0000000019170000,0x0000000019270000)]
  0x000000000179d800 JavaThread "main" [_thread_in_Java, id=27540, stack(0x0000000002fc0000,0x00000000030c0000)]

Other Threads:
  0x0000000017fd7800 VMThread [stack: 0x0000000019070000,0x0000000019170000] [id=20548]
  0x0000000019760800 WatcherThread [stack: 0x0000000019dd0000,0x0000000019ed0000] [id=12864]

VM state:not at safepoint (normal execution)

VM Mutex/Monitor currently owned by a thread: None

Heap:
 PSYoungGen      total 37888K, used 18952K [0x00000000d6180000, 0x00000000d8b80000, 0x0000000100000000)
  eden space 32768K, 42% used [0x00000000d6180000,0x00000000d6f083c8,0x00000000d8180000)
  from space 5120K, 99% used [0x00000000d8180000,0x00000000d867a020,0x00000000d8680000)
  to   space 5120K, 0% used [0x00000000d8680000,0x00000000d8680000,0x00000000d8b80000)
 ParOldGen       total 86016K, used 4491K [0x0000000082400000, 0x0000000087800000, 0x00000000d6180000)
  object space 86016K, 5% used [0x0000000082400000,0x0000000082862f20,0x0000000087800000)
 Metaspace       used 16856K, capacity 17274K, committed 17664K, reserved 1064960K
  class space    used 2340K, capacity 2451K, committed 2560K, reserved 1048576K

Card table byte_map: [0x0000000012910000,0x0000000012d00000] byte_map_base: 0x00000000124fe000

Marking Bits: (ParMarkBitMap*) 0x000000006e99c720
 Begin Bits: [0x00000000133a0000, 0x0000000015310000)
 End Bits:   [0x0000000015310000, 0x0000000017280000)

Polling page: 0x0000000001740000

CodeCache: size=245760Kb used=6148Kb max_used=6150Kb free=239611Kb
 bounds [0x0000000003550000, 0x0000000003b60000, 0x0000000012550000]
 total_blobs=2019 nmethods=1666 adapters=265
 compilation: enabled

Compilation events (10 events):
Event: 8.131 Thread 0x00000000196d0800 1657       4       com.google.gson.stream.JsonReader::nextQuotedValue (196 bytes)
Event: 8.133 Thread 0x000000001972a000 1659       3       java.util.regex.Matcher::appendReplacement (571 bytes)
Event: 8.139 Thread 0x000000001972a000 nmethod 1659 0x0000000003b33050 code [0x0000000003b337a0, 0x0000000003b390d8]
Event: 8.141 Thread 0x000000001972a000 1660       3       com.google.gson.internal.$Gson$Types::canonicalize (139 bytes)
Event: 8.141 Thread 0x000000001972a000 nmethod 1660 0x0000000003b31290 code [0x0000000003b31560, 0x0000000003b32b48]
Event: 8.142 Thread 0x000000001972a000 1661       3       com.google.gson.internal.$Gson$Types::getRawType (157 bytes)
Event: 8.143 Thread 0x000000001972a000 nmethod 1661 0x0000000003b3c3d0 code [0x0000000003b3c740, 0x0000000003b3e7a8]
Event: 8.144 Thread 0x000000001972a000 1662       3       com.google.gson.reflect.TypeToken::get (9 bytes)
Event: 8.144 Thread 0x000000001972a000 nmethod 1662 0x0000000003b2b590 code [0x0000000003b2b700, 0x0000000003b2b8c8]
Event: 8.145 Thread 0x000000001972a000 1663   !   3       com.google.gson.Gson::getAdapter (247 bytes)

GC Heap History (6 events):
Event: 7.011 GC heap before
{Heap before GC invocations=1 (full 0):
 PSYoungGen      total 37888K, used 32768K [0x00000000d6180000, 0x00000000d8b80000, 0x0000000100000000)
  eden space 32768K, 100% used [0x00000000d6180000,0x00000000d8180000,0x00000000d8180000)
  from space 5120K, 0% used [0x00000000d8680000,0x00000000d8680000,0x00000000d8b80000)
  to   space 5120K, 0% used [0x00000000d8180000,0x00000000d8180000,0x00000000d8680000)
 ParOldGen       total 86016K, used 0K [0x0000000082400000, 0x0000000087800000, 0x00000000d6180000)
  object space 86016K, 0% used [0x0000000082400000,0x0000000082400000,0x0000000087800000)
 Metaspace       used 11211K, capacity 11676K, committed 11904K, reserved 1058816K
  class space    used 1496K, capacity 1640K, committed 1664K, reserved 1048576K
Event: 7.018 GC heap after
Heap after GC invocations=1 (full 0):
 PSYoungGen      total 37888K, used 5099K [0x00000000d6180000, 0x00000000d8b80000, 0x0000000100000000)
  eden space 32768K, 0% used [0x00000000d6180000,0x00000000d6180000,0x00000000d8180000)
  from space 5120K, 99% used [0x00000000d8180000,0x00000000d867af00,0x00000000d8680000)
  to   space 5120K, 0% used [0x00000000d8680000,0x00000000d8680000,0x00000000d8b80000)
 ParOldGen       total 86016K, used 1406K [0x0000000082400000, 0x0000000087800000, 0x00000000d6180000)
  object space 86016K, 1% used [0x0000000082400000,0x000000008255f8c0,0x0000000087800000)
 Metaspace       used 11211K, capacity 11676K, committed 11904K, reserved 1058816K
  class space    used 1496K, capacity 1640K, committed 1664K, reserved 1048576K
}
Event: 7.638 GC heap before
{Heap before GC invocations=2 (full 0):
 PSYoungGen      total 37888K, used 37867K [0x00000000d6180000, 0x00000000d8b80000, 0x0000000100000000)
  eden space 32768K, 100% used [0x00000000d6180000,0x00000000d8180000,0x00000000d8180000)
  from space 5120K, 99% used [0x00000000d8180000,0x00000000d867af00,0x00000000d8680000)
  to   space 5120K, 0% used [0x00000000d8680000,0x00000000d8680000,0x00000000d8b80000)
 ParOldGen       total 86016K, used 1406K [0x0000000082400000, 0x0000000087800000, 0x00000000d6180000)
  object space 86016K, 1% used [0x0000000082400000,0x000000008255f8c0,0x0000000087800000)
 Metaspace       used 14144K, capacity 14504K, committed 14720K, reserved 1062912K
  class space    used 1944K, capacity 2064K, committed 2176K, reserved 1048576K
Event: 7.647 GC heap after
Heap after GC invocations=2 (full 0):
 PSYoungGen      total 37888K, used 5119K [0x00000000d6180000, 0x00000000d8b80000, 0x0000000100000000)
  eden space 32768K, 0% used [0x00000000d6180000,0x00000000d6180000,0x00000000d8180000)
  from space 5120K, 99% used [0x00000000d8680000,0x00000000d8b7fc38,0x00000000d8b80000)
  to   space 5120K, 0% used [0x00000000d8180000,0x00000000d8180000,0x00000000d8680000)
 ParOldGen       total 86016K, used 2117K [0x0000000082400000, 0x0000000087800000, 0x00000000d6180000)
  object space 86016K, 2% used [0x0000000082400000,0x0000000082611558,0x0000000087800000)
 Metaspace       used 14144K, capacity 14504K, committed 14720K, reserved 1062912K
  class space    used 1944K, capacity 2064K, committed 2176K, reserved 1048576K
}
Event: 8.072 GC heap before
{Heap before GC invocations=3 (full 0):
 PSYoungGen      total 37888K, used 37887K [0x00000000d6180000, 0x00000000d8b80000, 0x0000000100000000)
  eden space 32768K, 100% used [0x00000000d6180000,0x00000000d8180000,0x00000000d8180000)
  from space 5120K, 99% used [0x00000000d8680000,0x00000000d8b7fc38,0x00000000d8b80000)
  to   space 5120K, 0% used [0x00000000d8180000,0x00000000d8180000,0x00000000d8680000)
 ParOldGen       total 86016K, used 2117K [0x0000000082400000, 0x0000000087800000, 0x00000000d6180000)
  object space 86016K, 2% used [0x0000000082400000,0x0000000082611558,0x0000000087800000)
 Metaspace       used 16820K, capacity 17210K, committed 17408K, reserved 1064960K
  class space    used 2340K, capacity 2451K, committed 2560K, reserved 1048576K
Event: 8.086 GC heap after
Heap after GC invocations=3 (full 0):
 PSYoungGen      total 37888K, used 5096K [0x00000000d6180000, 0x00000000d8b80000, 0x0000000100000000)
  eden space 32768K, 0% used [0x00000000d6180000,0x00000000d6180000,0x00000000d8180000)
  from space 5120K, 99% used [0x00000000d8180000,0x00000000d867a020,0x00000000d8680000)
  to   space 5120K, 0% used [0x00000000d8680000,0x00000000d8680000,0x00000000d8b80000)
 ParOldGen       total 86016K, used 4491K [0x0000000082400000, 0x0000000087800000, 0x00000000d6180000)
  object space 86016K, 5% used [0x0000000082400000,0x0000000082862f20,0x0000000087800000)
 Metaspace       used 16820K, capacity 17210K, committed 17408K, reserved 1064960K
  class space    used 2340K, capacity 2451K, committed 2560K, reserved 1048576K
}

Deoptimization events (10 events):
Event: 7.408 Thread 0x000000000179d800 Uncommon trap: reason=unstable_if action=reinterpret pc=0x000000000394e6bc method=java.lang.CharacterDataLatin1.isWhitespace(I)Z @ 14
Event: 7.937 Thread 0x000000000179d800 Uncommon trap: reason=class_check action=maybe_recompile pc=0x0000000003a71974 method=java.lang.AbstractStringBuilder.append(Ljava/lang/CharSequence;)Ljava/lang/AbstractStringBuilder; @ 26
Event: 7.938 Thread 0x000000000179d800 Uncommon trap: reason=class_check action=maybe_recompile pc=0x0000000003a71974 method=java.lang.AbstractStringBuilder.append(Ljava/lang/CharSequence;)Ljava/lang/AbstractStringBuilder; @ 26
Event: 7.948 Thread 0x000000000179d800 Uncommon trap: reason=bimorphic action=maybe_recompile pc=0x00000000038b8450 method=java.util.HashMap.putVal(ILjava/lang/Object;Ljava/lang/Object;ZZ)Ljava/lang/Object; @ 91
Event: 7.949 Thread 0x000000000179d800 Uncommon trap: reason=class_check action=maybe_recompile pc=0x0000000003a71974 method=java.lang.AbstractStringBuilder.append(Ljava/lang/CharSequence;)Ljava/lang/AbstractStringBuilder; @ 26
Event: 7.949 Thread 0x000000000179d800 Uncommon trap: reason=class_check action=maybe_recompile pc=0x0000000003a71974 method=java.lang.AbstractStringBuilder.append(Ljava/lang/CharSequence;)Ljava/lang/AbstractStringBuilder; @ 26
Event: 7.950 Thread 0x000000000179d800 Uncommon trap: reason=class_check action=maybe_recompile pc=0x0000000003a6cc14 method=java.lang.AbstractStringBuilder.append(Ljava/lang/CharSequence;)Ljava/lang/AbstractStringBuilder; @ 26
Event: 8.009 Thread 0x000000000179d800 Uncommon trap: reason=unstable_if action=reinterpret pc=0x000000000391c464 method=sun.nio.cs.UTF_8$Decoder.decodeArrayLoop(Ljava/nio/ByteBuffer;Ljava/nio/CharBuffer;)Ljava/nio/charset/CoderResult; @ 167
Event: 8.057 Thread 0x000000000179d800 Uncommon trap: reason=unstable_if action=reinterpret pc=0x00000000038b4dfc method=java.lang.CharacterDataLatin1.isWhitespace(I)Z @ 14
Event: 8.059 Thread 0x000000000179d800 Uncommon trap: reason=predicate action=maybe_recompile pc=0x00000000039309a4 method=java.lang.AbstractStringBuilder.append(Ljava/lang/CharSequence;II)Ljava/lang/AbstractStringBuilder; @ 107

Internal exceptions (10 events):
Event: 0.500 Thread 0x000000000179d800 Exception <a 'java/security/PrivilegedActionException'> (0x00000000d6558a70) thrown at [C:\re\workspace\8-2-build-windows-amd64-cygwin\jdk8u131\8869\hotspot\src\share\vm\prims\jvm.cpp, line 1390]
Event: 0.555 Thread 0x000000000179d800 Exception <a 'java/io/FileNotFoundException'> (0x00000000d65e9bc8) thrown at [C:\re\workspace\8-2-build-windows-amd64-cygwin\jdk8u131\8869\hotspot\src\share\vm\prims\jni.cpp, line 709]
Event: 4.824 Thread 0x000000000179d800 Exception <a 'sun/nio/fs/WindowsException'> (0x00000000d6dbb0d8) thrown at [C:\re\workspace\8-2-build-windows-amd64-cygwin\jdk8u131\8869\hotspot\src\share\vm\prims\jni.cpp, line 709]
Event: 4.826 Thread 0x000000000179d800 Exception <a 'sun/nio/fs/WindowsException'> (0x00000000d6dbcae8) thrown at [C:\re\workspace\8-2-build-windows-amd64-cygwin\jdk8u131\8869\hotspot\src\share\vm\prims\jni.cpp, line 709]
Event: 4.836 Thread 0x000000000179d800 Exception <a 'sun/nio/fs/WindowsException'> (0x00000000d6dfbc78) thrown at [C:\re\workspace\8-2-build-windows-amd64-cygwin\jdk8u131\8869\hotspot\src\share\vm\prims\jni.cpp, line 709]
Event: 6.406 Thread 0x000000000179d800 Exception <a 'sun/nio/fs/WindowsException'> (0x00000000d70cd000) thrown at [C:\re\workspace\8-2-build-windows-amd64-cygwin\jdk8u131\8869\hotspot\src\share\vm\prims\jni.cpp, line 709]
Event: 7.169 Thread 0x000000000179d800 Implicit null exception at 0x00000000038ca6d8 to 0x00000000038ca766
Event: 7.169 Thread 0x000000000179d800 Implicit null exception at 0x000000000382902f to 0x0000000003829099
Event: 7.266 Thread 0x000000000179d800 Exception <a 'java/lang/ArrayIndexOutOfBoundsException': 18> (0x00000000d6d283b8) thrown at [C:\re\workspace\8-2-build-windows-amd64-cygwin\jdk8u131\8869\hotspot\src\share\vm\interpreter\interpreterRuntime.cpp, line 366]
Event: 7.266 Thread 0x000000000179d800 Exception <a 'java/lang/ArrayIndexOutOfBoundsException': 55> (0x00000000d6d294f8) thrown at [C:\re\workspace\8-2-build-windows-amd64-cygwin\jdk8u131\8869\hotspot\src\share\vm\interpreter\interpreterRuntime.cpp, line 366]

Events (10 events):
Event: 8.094 Thread 0x000000000179d800 DEOPT PACKING pc=0x0000000003ae201b sp=0x00000000030bd220
Event: 8.094 Thread 0x000000000179d800 DEOPT UNPACKING pc=0x000000000359787f sp=0x00000000030bd020 mode 0
Event: 8.096 Thread 0x000000000179d800 DEOPT PACKING pc=0x0000000003ae201b sp=0x00000000030bd220
Event: 8.096 Thread 0x000000000179d800 DEOPT UNPACKING pc=0x000000000359787f sp=0x00000000030bd020 mode 0
Event: 8.099 Thread 0x000000000179d800 DEOPT PACKING pc=0x0000000003ae201b sp=0x00000000030bd220
Event: 8.100 Thread 0x000000000179d800 DEOPT UNPACKING pc=0x000000000359787f sp=0x00000000030bd020 mode 0
Event: 8.102 Thread 0x000000000179d800 DEOPT PACKING pc=0x0000000003ae201b sp=0x00000000030bd210
Event: 8.102 Thread 0x000000000179d800 DEOPT UNPACKING pc=0x000000000359787f sp=0x00000000030bd010 mode 0
Event: 8.104 Thread 0x000000000179d800 DEOPT PACKING pc=0x0000000003ae201b sp=0x00000000030bd220
Event: 8.104 Thread 0x000000000179d800 DEOPT UNPACKING pc=0x000000000359787f sp=0x00000000030bd020 mode 0


Dynamic libraries:
0x00007ff7189d0000 - 0x00007ff718a07000 	C:\ProgramData\Oracle\Java\javapath\java.exe
0x00007ffdac460000 - 0x00007ffdac650000 	C:\WINDOWS\SYSTEM32\ntdll.dll
0x00007ffdab8c0000 - 0x00007ffdab972000 	C:\WINDOWS\System32\KERNEL32.DLL
0x00007ffdaa060000 - 0x00007ffdaa303000 	C:\WINDOWS\System32\KERNELBASE.dll
0x00007ffdac060000 - 0x00007ffdac103000 	C:\WINDOWS\System32\ADVAPI32.dll
0x00007ffdab820000 - 0x00007ffdab8be000 	C:\WINDOWS\System32\msvcrt.dll
0x00007ffdac380000 - 0x00007ffdac417000 	C:\WINDOWS\System32\sechost.dll
0x00007ffdac120000 - 0x00007ffdac240000 	C:\WINDOWS\System32\RPCRT4.dll
0x00007ffdaa690000 - 0x00007ffdaa824000 	C:\WINDOWS\System32\USER32.dll
0x00007ffdaa4e0000 - 0x00007ffdaa501000 	C:\WINDOWS\System32\win32u.dll
0x00007ffdaaf90000 - 0x00007ffdaafb6000 	C:\WINDOWS\System32\GDI32.dll
0x00007ffdaa310000 - 0x00007ffdaa4a4000 	C:\WINDOWS\System32\gdi32full.dll
0x00007ffda94a0000 - 0x00007ffda953e000 	C:\WINDOWS\System32\msvcp_win.dll
0x00007ffda9d40000 - 0x00007ffda9e3a000 	C:\WINDOWS\System32\ucrtbase.dll
0x00007ffd93530000 - 0x00007ffd937b5000 	C:\WINDOWS\WinSxS\amd64_microsoft.windows.common-controls_6595b64144ccf1df_6.0.18362.778_none_e6c6b761130d4fb8\COMCTL32.dll
0x00007ffdaba50000 - 0x00007ffdabd86000 	C:\WINDOWS\System32\combase.dll
0x00007ffda9540000 - 0x00007ffda95c0000 	C:\WINDOWS\System32\bcryptPrimitives.dll
0x00007ffdaae80000 - 0x00007ffdaaeae000 	C:\WINDOWS\System32\IMM32.DLL
0x000000006ea20000 - 0x000000006eaf2000 	C:\Program Files\Java\jre1.8.0_131\bin\msvcr100.dll
0x000000006e180000 - 0x000000006ea1c000 	C:\Program Files\Java\jre1.8.0_131\bin\server\jvm.dll
0x00007ffdaa570000 - 0x00007ffdaa578000 	C:\WINDOWS\System32\PSAPI.DLL
0x00007ffd95140000 - 0x00007ffd95149000 	C:\WINDOWS\SYSTEM32\WSOCK32.dll
0x00007ffdaaeb0000 - 0x00007ffdaaf1f000 	C:\WINDOWS\System32\WS2_32.dll
0x00007ffda48a0000 - 0x00007ffda48c4000 	C:\WINDOWS\SYSTEM32\WINMM.dll
0x00007ffd9e610000 - 0x00007ffd9e61a000 	C:\WINDOWS\SYSTEM32\VERSION.dll
0x00007ffda4870000 - 0x00007ffda489d000 	C:\WINDOWS\SYSTEM32\WINMMBASE.dll
0x00007ffda93f0000 - 0x00007ffda943a000 	C:\WINDOWS\System32\cfgmgr32.dll
0x000000006e170000 - 0x000000006e17f000 	C:\Program Files\Java\jre1.8.0_131\bin\verify.dll
0x000000006e140000 - 0x000000006e169000 	C:\Program Files\Java\jre1.8.0_131\bin\java.dll
0x000000006e120000 - 0x000000006e136000 	C:\Program Files\Java\jre1.8.0_131\bin\zip.dll
0x00007ffdab130000 - 0x00007ffdab815000 	C:\WINDOWS\System32\SHELL32.dll
0x00007ffdabda0000 - 0x00007ffdabe49000 	C:\WINDOWS\System32\shcore.dll
0x00007ffda95c0000 - 0x00007ffda9d40000 	C:\WINDOWS\System32\windows.storage.dll
0x00007ffda93c0000 - 0x00007ffda93e3000 	C:\WINDOWS\System32\profapi.dll
0x00007ffda9370000 - 0x00007ffda93ba000 	C:\WINDOWS\System32\powrprof.dll
0x00007ffda9320000 - 0x00007ffda9330000 	C:\WINDOWS\System32\UMPDC.dll
0x00007ffdac000000 - 0x00007ffdac052000 	C:\WINDOWS\System32\shlwapi.dll
0x00007ffda9350000 - 0x00007ffda9361000 	C:\WINDOWS\System32\kernel.appcore.dll
0x00007ffda9ef0000 - 0x00007ffda9f07000 	C:\WINDOWS\System32\cryptsp.dll
0x000000006e100000 - 0x000000006e11a000 	C:\Program Files\Java\jre1.8.0_131\bin\net.dll
0x00007ffda8b90000 - 0x00007ffda8bf7000 	C:\WINDOWS\system32\mswsock.dll
0x000000006e0e0000 - 0x000000006e0f1000 	C:\Program Files\Java\jre1.8.0_131\bin\nio.dll
0x00007ffda8700000 - 0x00007ffda8733000 	C:\WINDOWS\system32\rsaenh.dll
0x00007ffdaa4b0000 - 0x00007ffdaa4d6000 	C:\WINDOWS\System32\bcrypt.dll
0x00007ffda9210000 - 0x00007ffda9235000 	C:\WINDOWS\SYSTEM32\USERENV.dll
0x00007ffda8d60000 - 0x00007ffda8d6c000 	C:\WINDOWS\SYSTEM32\CRYPTBASE.dll
0x00007ffda88a0000 - 0x00007ffda88da000 	C:\WINDOWS\SYSTEM32\IPHLPAPI.DLL
0x00007ffdac110000 - 0x00007ffdac118000 	C:\WINDOWS\System32\NSI.dll
0x00007ffd9aaa0000 - 0x00007ffd9aab6000 	C:\WINDOWS\SYSTEM32\dhcpcsvc6.DLL
0x00007ffd9b2f0000 - 0x00007ffd9b30c000 	C:\WINDOWS\SYSTEM32\dhcpcsvc.DLL
0x00007ffda88e0000 - 0x00007ffda89aa000 	C:\WINDOWS\SYSTEM32\DNSAPI.dll

VM Arguments:
jvm_args: -Djava.awt.headless=true -Dsonarlint.home=c:\Users\96328\.vscode\extensions\silverbulleters.sonarqube-inject-2.1.0\tools\sonarlint-cli\bin\.. -Dproject.home=e:\demo\my-quill -Dorg.freemarker.loggerLibrary=none 
java_command: org.sonarlint.cli.Main --reportType console --src src/components/myQuill.vue --charset UTF-8
java_class_path (initial): c:\Users\96328\.vscode\extensions\silverbulleters.sonarqube-inject-2.1.0\tools\sonarlint-cli\bin\..\lib\sonarlint-cli-2.1-SNAPSHOT.jar
Launcher Type: SUN_STANDARD

Environment Variables:
PATH=C:\ProgramData\Oracle\Java\javapath;D:\xshell\;C:\Program Files (x86)\Intel\Intel(R) Management Engine Components\iCLS\;C:\Program Files\Intel\Intel(R) Management Engine Components\iCLS\;C:\WINDOWS\system32;C:\WINDOWS;C:\WINDOWS\System32\Wbem;C:\WINDOWS\System32\WindowsPowerShell\v1.0\;C:\WINDOWS\System32\OpenSSH\;C:\Program Files (x86)\Intel\Intel(R) Management Engine Components\DAL;C:\Program Files\Intel\Intel(R) Management Engine Components\DAL;C:\Program Files (x86)\Intel\Intel(R) Management Engine Components\IPT;C:\Program Files\Intel\Intel(R) Management Engine Components\IPT;C:\Program Files\nodejs\;D:\svn\bin;D:\Git\cmd;C:\Ruby26-x64\bin;C:\Users\96328\AppData\Local\Programs\Python\Python37\Scripts\;C:\Users\96328\AppData\Local\Programs\Python\Python37\;C:\Users\96328\AppData\Local\Microsoft\WindowsApps;C:\Users\96328\AppData\Roaming\npm;D:\Microsoft VS Code\bin;D:\IntelliJ IDEA 2019.2\bin;C:\Users\96328\AppData\Local\BypassRuntm
USERNAME=96328
OS=Windows_NT
PROCESSOR_IDENTIFIER=Intel64 Family 6 Model 78 Stepping 3, GenuineIntel



---------------  S Y S T E M  ---------------

OS: Windows 10.0 , 64 bit Build 18362 (10.0.18362.778)

CPU:total 4 (initial active 4) (2 cores per cpu, 2 threads per core) family 6 model 78 stepping 3, cmov, cx8, fxsr, mmx, sse, sse2, sse3, ssse3, sse4.1, sse4.2, popcnt, avx, avx2, aes, clmul, erms, rtm, 3dnowpref, lzcnt, ht, tsc, tscinvbit, bmi1, bmi2, adx

Memory: 4k page, physical 8239856k(454720k free), swap 15579888k(5848k free)

vm_info: Java HotSpot(TM) 64-Bit Server VM (25.131-b11) for windows-amd64 JRE (1.8.0_131-b11), built on Mar 15 2017 01:23:53 by "java_re" with MS VC++ 10.0 (VS2010)

time: Tue Apr 28 11:24:00 2020
elapsed time: 8 seconds (0d 0h 0m 8s)

