#
# There is insufficient memory for the Java Runtime Environment to continue.
# Native memory allocation (malloc) failed to allocate 898176 bytes for Chunk::new
# Possible reasons:
#   The system is out of physical RAM or swap space
#   In 32 bit mode, the process size limit was hit
# Possible solutions:
#   Reduce memory load on the system
#   Increase physical memory or swap space
#   Check if swap backing store is full
#   Use 64 bit Java on a 64 bit OS
#   Decrease Java heap size (-Xmx/-Xms)
#   Decrease number of Java threads
#   Decrease Java thread stack sizes (-Xss)
#   Set larger code cache with -XX:ReservedCodeCacheSize=
# This output file may be truncated or incomplete.
#
#  Out of Memory Error (allocation.cpp:390), pid=21944, tid=0x0000000000006020
#
# JRE version: Java(TM) SE Runtime Environment (8.0_131-b11) (build 1.8.0_131-b11)
# Java VM: Java HotSpot(TM) 64-Bit Server VM (25.131-b11 mixed mode windows-amd64 compressed oops)
# Failed to write core dump. Minidumps are not enabled by default on client versions of Windows
#

---------------  T H R E A D  ---------------

Current thread (0x0000000018b84800):  JavaThread "C2 CompilerThread1" daemon [_thread_in_native, id=24608, stack(0x0000000018f80000,0x0000000019080000)]

Stack: [0x0000000018f80000,0x0000000019080000]
[error occurred during error reporting (printing stack bounds), id 0xc0000005]

Native frames: (J=compiled Java code, j=interpreted, Vv=VM code, C=native code)


Current CompileTask:
C2:   7736 1713   !   4       java.net.URL::<init> (543 bytes)


---------------  P R O C E S S  ---------------

Java Threads: ( => current thread )
  0x0000000018c04000 JavaThread "Service Thread" daemon [_thread_blocked, id=12608, stack(0x0000000019180000,0x0000000019280000)]
  0x0000000018b90000 JavaThread "C1 CompilerThread2" daemon [_thread_blocked, id=7860, stack(0x0000000019080000,0x0000000019180000)]
=>0x0000000018b84800 JavaThread "C2 CompilerThread1" daemon [_thread_in_native, id=24608, stack(0x0000000018f80000,0x0000000019080000)]
  0x000000001758d000 JavaThread "C2 CompilerThread0" daemon [_thread_in_native, id=28316, stack(0x0000000018a80000,0x0000000018b80000)]
  0x000000001758b800 JavaThread "Attach Listener" daemon [_thread_blocked, id=25500, stack(0x0000000018980000,0x0000000018a80000)]
  0x000000001758a800 JavaThread "Signal Dispatcher" daemon [_thread_blocked, id=24256, stack(0x0000000018880000,0x0000000018980000)]
  0x000000001751a800 JavaThread "Finalizer" daemon [_thread_blocked, id=29688, stack(0x0000000018780000,0x0000000018880000)]
  0x00000000174f9000 JavaThread "Reference Handler" daemon [_thread_blocked, id=23336, stack(0x0000000018680000,0x0000000018780000)]
  0x000000000296d800 JavaThread "main" [_thread_in_vm, id=8860, stack(0x0000000002800000,0x0000000002900000)]

Other Threads:
  0x00000000174f7800 VMThread [stack: 0x0000000018580000,0x0000000018680000] [id=14124]
  0x0000000018c52000 WatcherThread [stack: 0x0000000019280000,0x0000000019380000] [id=12568]

VM state:not at safepoint (normal execution)

VM Mutex/Monitor currently owned by a thread: None

Heap:
 PSYoungGen      total 37888K, used 36331K [0x00000000d6180000, 0x00000000dab80000, 0x0000000100000000)
  eden space 32768K, 95% used [0x00000000d6180000,0x00000000d8000c30,0x00000000d8180000)
  from space 5120K, 99% used [0x00000000d8180000,0x00000000d867a020,0x00000000d8680000)
  to   space 5120K, 0% used [0x00000000da680000,0x00000000da680000,0x00000000dab80000)
 ParOldGen       total 86016K, used 4581K [0x0000000082400000, 0x0000000087800000, 0x00000000d6180000)
  object space 86016K, 5% used [0x0000000082400000,0x0000000082879760,0x0000000087800000)
 Metaspace       used 18065K, capacity 18490K, committed 18688K, reserved 1064960K
  class space    used 2588K, capacity 2707K, committed 2816K, reserved 1048576K

Card table byte_map: [0x0000000011e30000,0x0000000012220000] byte_map_base: 0x0000000011a1e000

Marking Bits: (ParMarkBitMap*) 0x000000006e99c720
 Begin Bits: [0x00000000128c0000, 0x0000000014830000)
 End Bits:   [0x0000000014830000, 0x00000000167a0000)

Polling page: 0x0000000000910000

CodeCache: size=245760Kb used=6383Kb max_used=6395Kb free=239376Kb
 bounds [0x0000000002a70000, 0x00000000030c0000, 0x0000000011a70000]
 total_blobs=2111 nmethods=1758 adapters=265
 compilation: enabled

Compilation events (10 events):
Event: 7.642 Thread 0x000000001758d000 nmethod 1755 0x00000000030b1ed0 code [0x00000000030b2040, 0x00000000030b2498]
Event: 7.642 Thread 0x000000001758d000 1756  s    4       java.lang.Throwable::fillInStackTrace (29 bytes)
Event: 7.644 Thread 0x000000001758d000 nmethod 1756 0x00000000030b27d0 code [0x00000000030b2920, 0x00000000030b2c48]
Event: 7.644 Thread 0x000000001758d000 1757       4       java.util.regex.Pattern$LastNode::match (45 bytes)
Event: 7.645 Thread 0x000000001758d000 nmethod 1757 0x00000000030acd90 code [0x00000000030acee0, 0x00000000030acfb8]
Event: 7.655 Thread 0x000000001758d000 1758       4       java.lang.Throwable::<init> (39 bytes)
Event: 7.659 Thread 0x000000001758d000 nmethod 1758 0x00000000030aded0 code [0x00000000030ae040, 0x00000000030ae698]
Event: 7.659 Thread 0x000000001758d000 1759   !   4       org.sonar.classloader.DefaultClassloaderRef::loadClassIfPresent (23 bytes)
Event: 7.695 Thread 0x0000000018b90000 1762       3       sun.misc.ProxyGenerator::access$700 (7 bytes)
Event: 7.695 Thread 0x0000000018b90000 nmethod 1762 0x00000000030ada50 code [0x00000000030adbc0, 0x00000000030adda8]

GC Heap History (6 events):
Event: 6.477 GC heap before
{Heap before GC invocations=1 (full 0):
 PSYoungGen      total 37888K, used 32768K [0x00000000d6180000, 0x00000000d8b80000, 0x0000000100000000)
  eden space 32768K, 100% used [0x00000000d6180000,0x00000000d8180000,0x00000000d8180000)
  from space 5120K, 0% used [0x00000000d8680000,0x00000000d8680000,0x00000000d8b80000)
  to   space 5120K, 0% used [0x00000000d8180000,0x00000000d8180000,0x00000000d8680000)
 ParOldGen       total 86016K, used 0K [0x0000000082400000, 0x0000000087800000, 0x00000000d6180000)
  object space 86016K, 0% used [0x0000000082400000,0x0000000082400000,0x0000000087800000)
 Metaspace       used 11205K, capacity 11676K, committed 11904K, reserved 1058816K
  class space    used 1496K, capacity 1640K, committed 1664K, reserved 1048576K
Event: 6.485 GC heap after
Heap after GC invocations=1 (full 0):
 PSYoungGen      total 37888K, used 5102K [0x00000000d6180000, 0x00000000d8b80000, 0x0000000100000000)
  eden space 32768K, 0% used [0x00000000d6180000,0x00000000d6180000,0x00000000d8180000)
  from space 5120K, 99% used [0x00000000d8180000,0x00000000d867b988,0x00000000d8680000)
  to   space 5120K, 0% used [0x00000000d8680000,0x00000000d8680000,0x00000000d8b80000)
 ParOldGen       total 86016K, used 1397K [0x0000000082400000, 0x0000000087800000, 0x00000000d6180000)
  object space 86016K, 1% used [0x0000000082400000,0x000000008255d688,0x0000000087800000)
 Metaspace       used 11205K, capacity 11676K, committed 11904K, reserved 1058816K
  class space    used 1496K, capacity 1640K, committed 1664K, reserved 1048576K
}
Event: 7.079 GC heap before
{Heap before GC invocations=2 (full 0):
 PSYoungGen      total 37888K, used 37870K [0x00000000d6180000, 0x00000000d8b80000, 0x0000000100000000)
  eden space 32768K, 100% used [0x00000000d6180000,0x00000000d8180000,0x00000000d8180000)
  from space 5120K, 99% used [0x00000000d8180000,0x00000000d867b988,0x00000000d8680000)
  to   space 5120K, 0% used [0x00000000d8680000,0x00000000d8680000,0x00000000d8b80000)
 ParOldGen       total 86016K, used 1397K [0x0000000082400000, 0x0000000087800000, 0x00000000d6180000)
  object space 86016K, 1% used [0x0000000082400000,0x000000008255d688,0x0000000087800000)
 Metaspace       used 14156K, capacity 14504K, committed 14720K, reserved 1062912K
  class space    used 1943K, capacity 2064K, committed 2176K, reserved 1048576K
Event: 7.086 GC heap after
Heap after GC invocations=2 (full 0):
 PSYoungGen      total 37888K, used 5113K [0x00000000d6180000, 0x00000000d8b80000, 0x0000000100000000)
  eden space 32768K, 0% used [0x00000000d6180000,0x00000000d6180000,0x00000000d8180000)
  from space 5120K, 99% used [0x00000000d8680000,0x00000000d8b7e488,0x00000000d8b80000)
  to   space 5120K, 0% used [0x00000000d8180000,0x00000000d8180000,0x00000000d8680000)
 ParOldGen       total 86016K, used 2195K [0x0000000082400000, 0x0000000087800000, 0x00000000d6180000)
  object space 86016K, 2% used [0x0000000082400000,0x0000000082624e78,0x0000000087800000)
 Metaspace       used 14156K, capacity 14504K, committed 14720K, reserved 1062912K
  class space    used 1943K, capacity 2064K, committed 2176K, reserved 1048576K
}
Event: 7.483 GC heap before
{Heap before GC invocations=3 (full 0):
 PSYoungGen      total 37888K, used 37881K [0x00000000d6180000, 0x00000000d8b80000, 0x0000000100000000)
  eden space 32768K, 100% used [0x00000000d6180000,0x00000000d8180000,0x00000000d8180000)
  from space 5120K, 99% used [0x00000000d8680000,0x00000000d8b7e488,0x00000000d8b80000)
  to   space 5120K, 0% used [0x00000000d8180000,0x00000000d8180000,0x00000000d8680000)
 ParOldGen       total 86016K, used 2195K [0x0000000082400000, 0x0000000087800000, 0x00000000d6180000)
  object space 86016K, 2% used [0x0000000082400000,0x0000000082624e78,0x0000000087800000)
 Metaspace       used 16817K, capacity 17210K, committed 17408K, reserved 1064960K
  class space    used 2339K, capacity 2451K, committed 2560K, reserved 1048576K
Event: 7.493 GC heap after
Heap after GC invocations=3 (full 0):
 PSYoungGen      total 37888K, used 5096K [0x00000000d6180000, 0x00000000dab80000, 0x0000000100000000)
  eden space 32768K, 0% used [0x00000000d6180000,0x00000000d6180000,0x00000000d8180000)
  from space 5120K, 99% used [0x00000000d8180000,0x00000000d867a020,0x00000000d8680000)
  to   space 5120K, 0% used [0x00000000da680000,0x00000000da680000,0x00000000dab80000)
 ParOldGen       total 86016K, used 4581K [0x0000000082400000, 0x0000000087800000, 0x00000000d6180000)
  object space 86016K, 5% used [0x0000000082400000,0x0000000082879760,0x0000000087800000)
 Metaspace       used 16817K, capacity 17210K, committed 17408K, reserved 1064960K
  class space    used 2339K, capacity 2451K, committed 2560K, reserved 1048576K
}

Deoptimization events (10 events):
Event: 6.887 Thread 0x000000000296d800 Uncommon trap: reason=bimorphic action=maybe_recompile pc=0x0000000002ed59bc method=java.util.regex.Pattern$Curly.match(Ljava/util/regex/Matcher;ILjava/lang/CharSequence;)Z @ 19
Event: 6.887 Thread 0x000000000296d800 Uncommon trap: reason=unstable_if action=reinterpret pc=0x0000000002ed5edc method=java.util.regex.Pattern$Curly.match(Ljava/util/regex/Matcher;ILjava/lang/CharSequence;)Z @ 45
Event: 7.391 Thread 0x000000000296d800 Uncommon trap: reason=class_check action=maybe_recompile pc=0x0000000002f9e208 method=java.lang.AbstractStringBuilder.append(Ljava/lang/CharSequence;)Ljava/lang/AbstractStringBuilder; @ 26
Event: 7.392 Thread 0x000000000296d800 Uncommon trap: reason=class_check action=maybe_recompile pc=0x0000000002f9e208 method=java.lang.AbstractStringBuilder.append(Ljava/lang/CharSequence;)Ljava/lang/AbstractStringBuilder; @ 26
Event: 7.398 Thread 0x000000000296d800 Uncommon trap: reason=bimorphic action=maybe_recompile pc=0x0000000002dd6100 method=java.util.HashMap.putVal(ILjava/lang/Object;Ljava/lang/Object;ZZ)Ljava/lang/Object; @ 91
Event: 7.399 Thread 0x000000000296d800 Uncommon trap: reason=class_check action=maybe_recompile pc=0x0000000002f9e208 method=java.lang.AbstractStringBuilder.append(Ljava/lang/CharSequence;)Ljava/lang/AbstractStringBuilder; @ 26
Event: 7.399 Thread 0x000000000296d800 Uncommon trap: reason=class_check action=maybe_recompile pc=0x0000000002f9e208 method=java.lang.AbstractStringBuilder.append(Ljava/lang/CharSequence;)Ljava/lang/AbstractStringBuilder; @ 26
Event: 7.400 Thread 0x000000000296d800 Uncommon trap: reason=class_check action=maybe_recompile pc=0x0000000002f9839c method=java.lang.AbstractStringBuilder.append(Ljava/lang/CharSequence;)Ljava/lang/AbstractStringBuilder; @ 26
Event: 7.437 Thread 0x000000000296d800 Uncommon trap: reason=unstable_if action=reinterpret pc=0x0000000002f04008 method=sun.nio.cs.UTF_8$Decoder.decodeArrayLoop(Ljava/nio/ByteBuffer;Ljava/nio/CharBuffer;)Ljava/nio/charset/CoderResult; @ 167
Event: 7.471 Thread 0x000000000296d800 Uncommon trap: reason=predicate action=maybe_recompile pc=0x0000000002f1477c method=java.lang.AbstractStringBuilder.append(Ljava/lang/CharSequence;II)Ljava/lang/AbstractStringBuilder; @ 107

Internal exceptions (10 events):
Event: 0.554 Thread 0x000000000296d800 Exception <a 'java/security/PrivilegedActionException'> (0x00000000d6558a98) thrown at [C:\re\workspace\8-2-build-windows-amd64-cygwin\jdk8u131\8869\hotspot\src\share\vm\prims\jvm.cpp, line 1390]
Event: 0.554 Thread 0x000000000296d800 Exception <a 'java/security/PrivilegedActionException'> (0x00000000d6558ca8) thrown at [C:\re\workspace\8-2-build-windows-amd64-cygwin\jdk8u131\8869\hotspot\src\share\vm\prims\jvm.cpp, line 1390]
Event: 0.627 Thread 0x000000000296d800 Exception <a 'java/io/FileNotFoundException'> (0x00000000d65e9e00) thrown at [C:\re\workspace\8-2-build-windows-amd64-cygwin\jdk8u131\8869\hotspot\src\share\vm\prims\jni.cpp, line 709]
Event: 4.833 Thread 0x000000000296d800 Exception <a 'sun/nio/fs/WindowsException'> (0x00000000d6dbb1f8) thrown at [C:\re\workspace\8-2-build-windows-amd64-cygwin\jdk8u131\8869\hotspot\src\share\vm\prims\jni.cpp, line 709]
Event: 4.834 Thread 0x000000000296d800 Exception <a 'sun/nio/fs/WindowsException'> (0x00000000d6dbcc08) thrown at [C:\re\workspace\8-2-build-windows-amd64-cygwin\jdk8u131\8869\hotspot\src\share\vm\prims\jni.cpp, line 709]
Event: 4.843 Thread 0x000000000296d800 Exception <a 'sun/nio/fs/WindowsException'> (0x00000000d6dfbd98) thrown at [C:\re\workspace\8-2-build-windows-amd64-cygwin\jdk8u131\8869\hotspot\src\share\vm\prims\jni.cpp, line 709]
Event: 5.982 Thread 0x000000000296d800 Exception <a 'sun/nio/fs/WindowsException'> (0x00000000d70fdb68) thrown at [C:\re\workspace\8-2-build-windows-amd64-cygwin\jdk8u131\8869\hotspot\src\share\vm\prims\jni.cpp, line 709]
Event: 6.614 Thread 0x000000000296d800 Implicit null exception at 0x0000000002de5ed8 to 0x0000000002de5f66
Event: 6.614 Thread 0x000000000296d800 Implicit null exception at 0x0000000002d4cfaf to 0x0000000002d4d019
Event: 6.717 Thread 0x000000000296d800 Exception <a 'java/lang/ArrayIndexOutOfBoundsException': 18> (0x00000000d6d244c0) thrown at [C:\re\workspace\8-2-build-windows-amd64-cygwin\jdk8u131\8869\hotspot\src\share\vm\interpreter\interpreterRuntime.cpp, line 366]

Events (10 events):
Event: 7.725 loading class com/google/common/collect/Lists$RandomAccessPartition
Event: 7.725 loading class com/google/common/collect/Lists$RandomAccessPartition done
Event: 7.726 loading class com/google/common/collect/Lists$TransformingRandomAccessList
Event: 7.726 loading class com/google/common/collect/Lists$TransformingRandomAccessList done
Event: 7.726 loading class com/google/common/collect/Lists$TransformingSequentialList
Event: 7.726 loading class com/google/common/collect/Lists$TransformingSequentialList done
Event: 7.727 loading class com/google/common/collect/Lists$StringAsImmutableList
Event: 7.727 loading class com/google/common/collect/Lists$StringAsImmutableList done
Event: 7.727 loading class com/google/common/collect/Iterators
Event: 7.727 loading class com/google/common/collect/Iterators done


Dynamic libraries:
0x00007ff7189d0000 - 0x00007ff718a07000 	C:\ProgramData\Oracle\Java\javapath\java.exe
0x00007ffdac460000 - 0x00007ffdac650000 	C:\WINDOWS\SYSTEM32\ntdll.dll
0x00007ffdab8c0000 - 0x00007ffdab972000 	C:\WINDOWS\System32\KERNEL32.DLL
0x00007ffdaa060000 - 0x00007ffdaa303000 	C:\WINDOWS\System32\KERNELBASE.dll
0x00007ffdac060000 - 0x00007ffdac103000 	C:\WINDOWS\System32\ADVAPI32.dll
0x00007ffdab820000 - 0x00007ffdab8be000 	C:\WINDOWS\System32\msvcrt.dll
0x00007ffdac380000 - 0x00007ffdac417000 	C:\WINDOWS\System32\sechost.dll
0x00007ffdac120000 - 0x00007ffdac240000 	C:\WINDOWS\System32\RPCRT4.dll
0x00007ffdaa690000 - 0x00007ffdaa824000 	C:\WINDOWS\System32\USER32.dll
0x00007ffdaa4e0000 - 0x00007ffdaa501000 	C:\WINDOWS\System32\win32u.dll
0x00007ffdaaf90000 - 0x00007ffdaafb6000 	C:\WINDOWS\System32\GDI32.dll
0x00007ffdaa310000 - 0x00007ffdaa4a4000 	C:\WINDOWS\System32\gdi32full.dll
0x00007ffda94a0000 - 0x00007ffda953e000 	C:\WINDOWS\System32\msvcp_win.dll
0x00007ffda9d40000 - 0x00007ffda9e3a000 	C:\WINDOWS\System32\ucrtbase.dll
0x00007ffd93530000 - 0x00007ffd937b5000 	C:\WINDOWS\WinSxS\amd64_microsoft.windows.common-controls_6595b64144ccf1df_6.0.18362.778_none_e6c6b761130d4fb8\COMCTL32.dll
0x00007ffdaba50000 - 0x00007ffdabd86000 	C:\WINDOWS\System32\combase.dll
0x00007ffda9540000 - 0x00007ffda95c0000 	C:\WINDOWS\System32\bcryptPrimitives.dll
0x00007ffdaae80000 - 0x00007ffdaaeae000 	C:\WINDOWS\System32\IMM32.DLL
0x000000006ea20000 - 0x000000006eaf2000 	C:\Program Files\Java\jre1.8.0_131\bin\msvcr100.dll
0x000000006e180000 - 0x000000006ea1c000 	C:\Program Files\Java\jre1.8.0_131\bin\server\jvm.dll
0x00007ffdaa570000 - 0x00007ffdaa578000 	C:\WINDOWS\System32\PSAPI.DLL
0x00007ffd95140000 - 0x00007ffd95149000 	C:\WINDOWS\SYSTEM32\WSOCK32.dll
0x00007ffdaaeb0000 - 0x00007ffdaaf1f000 	C:\WINDOWS\System32\WS2_32.dll
0x00007ffda48a0000 - 0x00007ffda48c4000 	C:\WINDOWS\SYSTEM32\WINMM.dll
0x00007ffd9e610000 - 0x00007ffd9e61a000 	C:\WINDOWS\SYSTEM32\VERSION.dll
0x00007ffda4870000 - 0x00007ffda489d000 	C:\WINDOWS\SYSTEM32\winmmbase.dll
0x00007ffda93f0000 - 0x00007ffda943a000 	C:\WINDOWS\System32\cfgmgr32.dll
0x000000006e170000 - 0x000000006e17f000 	C:\Program Files\Java\jre1.8.0_131\bin\verify.dll
0x000000006e140000 - 0x000000006e169000 	C:\Program Files\Java\jre1.8.0_131\bin\java.dll
0x000000006e120000 - 0x000000006e136000 	C:\Program Files\Java\jre1.8.0_131\bin\zip.dll
0x00007ffdab130000 - 0x00007ffdab815000 	C:\WINDOWS\System32\SHELL32.dll
0x00007ffdabda0000 - 0x00007ffdabe49000 	C:\WINDOWS\System32\shcore.dll
0x00007ffda95c0000 - 0x00007ffda9d40000 	C:\WINDOWS\System32\windows.storage.dll
0x00007ffda93c0000 - 0x00007ffda93e3000 	C:\WINDOWS\System32\profapi.dll
0x00007ffda9370000 - 0x00007ffda93ba000 	C:\WINDOWS\System32\powrprof.dll
0x00007ffda9320000 - 0x00007ffda9330000 	C:\WINDOWS\System32\UMPDC.dll
0x00007ffdac000000 - 0x00007ffdac052000 	C:\WINDOWS\System32\shlwapi.dll
0x00007ffda9350000 - 0x00007ffda9361000 	C:\WINDOWS\System32\kernel.appcore.dll
0x00007ffda9ef0000 - 0x00007ffda9f07000 	C:\WINDOWS\System32\cryptsp.dll
0x000000006e100000 - 0x000000006e11a000 	C:\Program Files\Java\jre1.8.0_131\bin\net.dll
0x00007ffda8b90000 - 0x00007ffda8bf7000 	C:\WINDOWS\system32\mswsock.dll
0x000000006e0e0000 - 0x000000006e0f1000 	C:\Program Files\Java\jre1.8.0_131\bin\nio.dll
0x00007ffda8700000 - 0x00007ffda8733000 	C:\WINDOWS\system32\rsaenh.dll
0x00007ffdaa4b0000 - 0x00007ffdaa4d6000 	C:\WINDOWS\System32\bcrypt.dll
0x00007ffda9210000 - 0x00007ffda9235000 	C:\WINDOWS\SYSTEM32\USERENV.dll
0x00007ffda8d60000 - 0x00007ffda8d6c000 	C:\WINDOWS\SYSTEM32\CRYPTBASE.dll
0x00007ffda88a0000 - 0x00007ffda88da000 	C:\WINDOWS\SYSTEM32\IPHLPAPI.DLL
0x00007ffdac110000 - 0x00007ffdac118000 	C:\WINDOWS\System32\NSI.dll
0x00007ffd9aaa0000 - 0x00007ffd9aab6000 	C:\WINDOWS\SYSTEM32\dhcpcsvc6.DLL
0x00007ffd9b2f0000 - 0x00007ffd9b30c000 	C:\WINDOWS\SYSTEM32\dhcpcsvc.DLL
0x00007ffda88e0000 - 0x00007ffda89aa000 	C:\WINDOWS\SYSTEM32\DNSAPI.dll

VM Arguments:
jvm_args: -Djava.awt.headless=true -Dsonarlint.home=c:\Users\96328\.vscode\extensions\silverbulleters.sonarqube-inject-2.1.0\tools\sonarlint-cli\bin\.. -Dproject.home=e:\demo\my-quill -Dorg.freemarker.loggerLibrary=none 
java_command: org.sonarlint.cli.Main --reportType console --src src/components/myQuill.vue --charset UTF-8
java_class_path (initial): c:\Users\96328\.vscode\extensions\silverbulleters.sonarqube-inject-2.1.0\tools\sonarlint-cli\bin\..\lib\sonarlint-cli-2.1-SNAPSHOT.jar
Launcher Type: SUN_STANDARD

Environment Variables:
PATH=C:\ProgramData\Oracle\Java\javapath;D:\xshell\;C:\Program Files (x86)\Intel\Intel(R) Management Engine Components\iCLS\;C:\Program Files\Intel\Intel(R) Management Engine Components\iCLS\;C:\WINDOWS\system32;C:\WINDOWS;C:\WINDOWS\System32\Wbem;C:\WINDOWS\System32\WindowsPowerShell\v1.0\;C:\WINDOWS\System32\OpenSSH\;C:\Program Files (x86)\Intel\Intel(R) Management Engine Components\DAL;C:\Program Files\Intel\Intel(R) Management Engine Components\DAL;C:\Program Files (x86)\Intel\Intel(R) Management Engine Components\IPT;C:\Program Files\Intel\Intel(R) Management Engine Components\IPT;C:\Program Files\nodejs\;D:\svn\bin;D:\Git\cmd;C:\Ruby26-x64\bin;C:\Users\96328\AppData\Local\Programs\Python\Python37\Scripts\;C:\Users\96328\AppData\Local\Programs\Python\Python37\;C:\Users\96328\AppData\Local\Microsoft\WindowsApps;C:\Users\96328\AppData\Roaming\npm;D:\Microsoft VS Code\bin;D:\IntelliJ IDEA 2019.2\bin;C:\Users\96328\AppData\Local\BypassRuntm
USERNAME=96328
OS=Windows_NT
PROCESSOR_IDENTIFIER=Intel64 Family 6 Model 78 Stepping 3, GenuineIntel



---------------  S Y S T E M  ---------------

OS: Windows 10.0 , 64 bit Build 18362 (10.0.18362.778)

CPU:total 4 (initial active 4) (2 cores per cpu, 2 threads per core) family 6 model 78 stepping 3, cmov, cx8, fxsr, mmx, sse, sse2, sse3, ssse3, sse4.1, sse4.2, popcnt, avx, avx2, aes, clmul, erms, rtm, 3dnowpref, lzcnt, ht, tsc, tscinvbit, bmi1, bmi2, adx

Memory: 4k page, physical 8239856k(491288k free), swap 15579888k(4084k free)

vm_info: Java HotSpot(TM) 64-Bit Server VM (25.131-b11) for windows-amd64 JRE (1.8.0_131-b11), built on Mar 15 2017 01:23:53 by "java_re" with MS VC++ 10.0 (VS2010)

time: Tue Apr 28 11:17:39 2020
elapsed time: 7 seconds (0d 0h 0m 7s)

