#
# There is insufficient memory for the Java Runtime Environment to continue.
# Native memory allocation (malloc) failed to allocate 1048576 bytes for AllocateHeap
# Possible reasons:
#   The system is out of physical RAM or swap space
#   In 32 bit mode, the process size limit was hit
# Possible solutions:
#   Reduce memory load on the system
#   Increase physical memory or swap space
#   Check if swap backing store is full
#   Use 64 bit Java on a 64 bit OS
#   Decrease Java heap size (-Xmx/-Xms)
#   Decrease number of Java threads
#   Decrease Java thread stack sizes (-Xss)
#   Set larger code cache with -XX:ReservedCodeCacheSize=
# This output file may be truncated or incomplete.
#
#  Out of Memory Error (memory/allocation.inline.hpp:61), pid=27520, tid=0x0000000000006d4c
#
# JRE version:  (8.0_131-b11) (build )
# Java VM: Java HotSpot(TM) 64-Bit Server VM (25.131-b11 mixed mode windows-amd64 compressed oops)
# Failed to write core dump. Minidumps are not enabled by default on client versions of Windows
#

---------------  T H R E A D  ---------------

Current thread (0x000000000331d800):  JavaThread "Unknown thread" [_thread_in_vm, id=27980, stack(0x0000000003320000,0x0000000003420000)]

Stack: [0x0000000003320000,0x0000000003420000]
[error occurred during error reporting (printing stack bounds), id 0xc0000005]

Native frames: (J=compiled Java code, j=interpreted, Vv=VM code, C=native code)


---------------  P R O C E S S  ---------------

Java Threads: ( => current thread )

Other Threads:

=>0x000000000331d800 (exited) JavaThread "Unknown thread" [_thread_in_vm, id=27980, stack(0x0000000003320000,0x0000000003420000)]

VM state:not at safepoint (normal execution)

VM Mutex/Monitor currently owned by a thread: None

Heap:
 PSYoungGen      total 37888K, used 655K [0x00000000d6180000, 0x00000000d8b80000, 0x0000000100000000)
  eden space 32768K, 2% used [0x00000000d6180000,0x00000000d6223d80,0x00000000d8180000)
  from space 5120K, 0% used [0x00000000d8680000,0x00000000d8680000,0x00000000d8b80000)
  to   space 5120K, 0% used [0x00000000d8180000,0x00000000d8180000,0x00000000d8680000)
 ParOldGen       total 86016K, used 0K [0x0000000082400000, 0x0000000087800000, 0x00000000d6180000)
  object space 86016K, 0% used [0x0000000082400000,0x0000000082400000,0x0000000087800000)
 Metaspace       used 746K, capacity 4480K, committed 4480K, reserved 1056768K
  class space    used 75K, capacity 384K, committed 384K, reserved 1048576K

Card table byte_map: [0x00000000129e0000,0x0000000012dd0000] byte_map_base: 0x00000000125ce000

Marking Bits: (ParMarkBitMap*) 0x000000006e99c720
 Begin Bits: [0x0000000013470000, 0x00000000153e0000)
 End Bits:   [0x00000000153e0000, 0x0000000017350000)

Polling page: 0x0000000001670000

CodeCache: size=245760Kb used=328Kb max_used=328Kb free=245431Kb
 bounds [0x0000000003620000, 0x0000000003890000, 0x0000000012620000]
 total_blobs=58 nmethods=0 adapters=38
 compilation: enabled

Compilation events (0 events):
No events

GC Heap History (0 events):
No events

Deoptimization events (0 events):
No events

Internal exceptions (0 events):
No events

Events (10 events):
Event: 0.129 loading class java/lang/Short
Event: 0.129 loading class java/lang/Short done
Event: 0.129 loading class java/lang/Integer
Event: 0.129 loading class java/lang/Integer done
Event: 0.129 loading class java/lang/Long
Event: 0.130 loading class java/lang/Long done
Event: 0.131 loading class java/lang/NullPointerException
Event: 0.131 loading class java/lang/NullPointerException done
Event: 0.131 loading class java/lang/ArithmeticException
Event: 0.131 loading class java/lang/ArithmeticException done


Dynamic libraries:
0x00007ff659df0000 - 0x00007ff659e27000 	C:\ProgramData\Oracle\Java\javapath\java.exe
0x00007ffdac460000 - 0x00007ffdac650000 	C:\WINDOWS\SYSTEM32\ntdll.dll
0x00007ffdab8c0000 - 0x00007ffdab972000 	C:\WINDOWS\System32\KERNEL32.DLL
0x00007ffdaa060000 - 0x00007ffdaa303000 	C:\WINDOWS\System32\KERNELBASE.dll
0x00007ffdac060000 - 0x00007ffdac103000 	C:\WINDOWS\System32\ADVAPI32.dll
0x00007ffdab820000 - 0x00007ffdab8be000 	C:\WINDOWS\System32\msvcrt.dll
0x00007ffdac380000 - 0x00007ffdac417000 	C:\WINDOWS\System32\sechost.dll
0x00007ffdac120000 - 0x00007ffdac240000 	C:\WINDOWS\System32\RPCRT4.dll
0x00007ffdaa690000 - 0x00007ffdaa824000 	C:\WINDOWS\System32\USER32.dll
0x00007ffdaa4e0000 - 0x00007ffdaa501000 	C:\WINDOWS\System32\win32u.dll
0x00007ffdaaf90000 - 0x00007ffdaafb6000 	C:\WINDOWS\System32\GDI32.dll
0x00007ffdaa310000 - 0x00007ffdaa4a4000 	C:\WINDOWS\System32\gdi32full.dll
0x00007ffda94a0000 - 0x00007ffda953e000 	C:\WINDOWS\System32\msvcp_win.dll
0x00007ffda9d40000 - 0x00007ffda9e3a000 	C:\WINDOWS\System32\ucrtbase.dll
0x00007ffd93530000 - 0x00007ffd937b5000 	C:\WINDOWS\WinSxS\amd64_microsoft.windows.common-controls_6595b64144ccf1df_6.0.18362.778_none_e6c6b761130d4fb8\COMCTL32.dll
0x00007ffdaba50000 - 0x00007ffdabd86000 	C:\WINDOWS\System32\combase.dll
0x00007ffda9540000 - 0x00007ffda95c0000 	C:\WINDOWS\System32\bcryptPrimitives.dll
0x00007ffdaae80000 - 0x00007ffdaaeae000 	C:\WINDOWS\System32\IMM32.DLL
0x000000006ea20000 - 0x000000006eaf2000 	C:\Program Files\Java\jre1.8.0_131\bin\msvcr100.dll
0x000000006e180000 - 0x000000006ea1c000 	C:\Program Files\Java\jre1.8.0_131\bin\server\jvm.dll
0x00007ffdaa570000 - 0x00007ffdaa578000 	C:\WINDOWS\System32\PSAPI.DLL
0x00007ffd95140000 - 0x00007ffd95149000 	C:\WINDOWS\SYSTEM32\WSOCK32.dll
0x00007ffdaaeb0000 - 0x00007ffdaaf1f000 	C:\WINDOWS\System32\WS2_32.dll
0x00007ffda48a0000 - 0x00007ffda48c4000 	C:\WINDOWS\SYSTEM32\WINMM.dll
0x00007ffd9e610000 - 0x00007ffd9e61a000 	C:\WINDOWS\SYSTEM32\VERSION.dll
0x00007ffda4870000 - 0x00007ffda489d000 	C:\WINDOWS\SYSTEM32\WINMMBASE.dll
0x00007ffda93f0000 - 0x00007ffda943a000 	C:\WINDOWS\System32\cfgmgr32.dll
0x000000006e170000 - 0x000000006e17f000 	C:\Program Files\Java\jre1.8.0_131\bin\verify.dll
0x000000006e140000 - 0x000000006e169000 	C:\Program Files\Java\jre1.8.0_131\bin\java.dll
0x000000006e120000 - 0x000000006e136000 	C:\Program Files\Java\jre1.8.0_131\bin\zip.dll

VM Arguments:
jvm_args: -Djava.awt.headless=true -Dsonarlint.home=c:\Users\96328\.vscode\extensions\silverbulleters.sonarqube-inject-2.1.0\tools\sonarlint-cli\bin\.. -Dproject.home=e:\demo\my-quill -Dorg.freemarker.loggerLibrary=none 
java_command: org.sonarlint.cli.Main --reportType console --src node_modules/_quill-better-table@1.2.8@quill-better-table/dist/quill-better-table.js --charset UTF-8
java_class_path (initial): c:\Users\96328\.vscode\extensions\silverbulleters.sonarqube-inject-2.1.0\tools\sonarlint-cli\bin\..\lib\sonarlint-cli-2.1-SNAPSHOT.jar
Launcher Type: SUN_STANDARD

Environment Variables:
PATH=C:\ProgramData\Oracle\Java\javapath;D:\xshell\;C:\Program Files (x86)\Intel\Intel(R) Management Engine Components\iCLS\;C:\Program Files\Intel\Intel(R) Management Engine Components\iCLS\;C:\WINDOWS\system32;C:\WINDOWS;C:\WINDOWS\System32\Wbem;C:\WINDOWS\System32\WindowsPowerShell\v1.0\;C:\WINDOWS\System32\OpenSSH\;C:\Program Files (x86)\Intel\Intel(R) Management Engine Components\DAL;C:\Program Files\Intel\Intel(R) Management Engine Components\DAL;C:\Program Files (x86)\Intel\Intel(R) Management Engine Components\IPT;C:\Program Files\Intel\Intel(R) Management Engine Components\IPT;C:\Program Files\nodejs\;D:\svn\bin;D:\Git\cmd;C:\Ruby26-x64\bin;C:\Users\96328\AppData\Local\Programs\Python\Python37\Scripts\;C:\Users\96328\AppData\Local\Programs\Python\Python37\;C:\Users\96328\AppData\Local\Microsoft\WindowsApps;C:\Users\96328\AppData\Roaming\npm;D:\Microsoft VS Code\bin;D:\IntelliJ IDEA 2019.2\bin;C:\Users\96328\AppData\Local\BypassRuntm
USERNAME=96328
OS=Windows_NT
PROCESSOR_IDENTIFIER=Intel64 Family 6 Model 78 Stepping 3, GenuineIntel



---------------  S Y S T E M  ---------------

OS: Windows 10.0 , 64 bit Build 18362 (10.0.18362.778)

CPU:total 4 (initial active 4) (2 cores per cpu, 2 threads per core) family 6 model 78 stepping 3, cmov, cx8, fxsr, mmx, sse, sse2, sse3, ssse3, sse4.1, sse4.2, popcnt, avx, avx2, aes, clmul, erms, rtm, 3dnowpref, lzcnt, ht, tsc, tscinvbit, bmi1, bmi2, adx

Memory: 4k page, physical 8239856k(624828k free), swap 15579888k(5660k free)

vm_info: Java HotSpot(TM) 64-Bit Server VM (25.131-b11) for windows-amd64 JRE (1.8.0_131-b11), built on Mar 15 2017 01:23:53 by "java_re" with MS VC++ 10.0 (VS2010)

time: Tue Apr 28 10:05:19 2020
elapsed time: 0 seconds (0d 0h 0m 0s)

